This is pdfTeX, Version 3.141592653-2.6-1.40.25 (MiKTeX 24.1) (preloaded format=pdflatex 2025.8.27)  23 JUN 2026 15:54
entering extended mode
 restricted \write18 enabled.
 %&-line parsing enabled.
**./main.tex
(main.tex
LaTeX2e <2023-11-01> patch level 1
L3 programming layer <2024-01-04>
(C:\Users\mahab\AppData\Local\Programs\MiKTeX\tex/latex/ieeetran\IEEEtran.cls
Document Class: IEEEtran 2015/08/26 V1.8b by Michael Shell
-- See the "IEEEtran_HOWTO" manual for usage information.
-- http://www.michaelshell.org/tex/ieeetran/
\@IEEEtrantmpdimenA=\dimen140
\@IEEEtrantmpdimenB=\dimen141
\@IEEEtrantmpdimenC=\dimen142
\@IEEEtrantmpcountA=\count187
\@IEEEtrantmpcountB=\count188
\@IEEEtrantmpcountC=\count189
\@IEEEtrantmptoksA=\toks17
LaTeX Font Info:    Trying to load font information for OT1+ptm on input line 5
03.
(C:\Users\mahab\AppData\Local\Programs\MiKTeX\tex/latex/psnfss\ot1ptm.fd
File: ot1ptm.fd 2001/06/04 font definitions for OT1/ptm.
)
-- Using 8.5in x 11in (letter) paper.
-- Using PDF output.
\@IEEEnormalsizeunitybaselineskip=\dimen143
-- This is a 10 point document.
\CLASSINFOnormalsizebaselineskip=\dimen144
\CLASSINFOnormalsizeunitybaselineskip=\dimen145
\IEEEnormaljot=\dimen146
LaTeX Font Info:    Font shape `OT1/ptm/bx/n' in size <5> not available
(Font)              Font shape `OT1/ptm/b/n' tried instead on input line 1090.
LaTeX Font Info:    Font shape `OT1/ptm/bx/it' in size <5> not available
(Font)              Font shape `OT1/ptm/b/it' tried instead on input line 1090.

LaTeX Font Info:    Font shape `OT1/ptm/bx/n' in size <7> not available
(Font)              Font shape `OT1/ptm/b/n' tried instead on input line 1090.
LaTeX Font Info:    Font shape `OT1/ptm/bx/it' in size <7> not available
(Font)              Font shape `OT1/ptm/b/it' tried instead on input line 1090.

LaTeX Font Info:    Font shape `OT1/ptm/bx/n' in size <8> not available
(Font)              Font shape `OT1/ptm/b/n' tried instead on input line 1090.
LaTeX Font Info:    Font shape `OT1/ptm/bx/it' in size <8> not available
(Font)              Font shape `OT1/ptm/b/it' tried instead on input line 1090.

LaTeX Font Info:    Font shape `OT1/ptm/bx/n' in size <9> not available
(Font)              Font shape `OT1/ptm/b/n' tried instead on input line 1090.
LaTeX Font Info:    Font shape `OT1/ptm/bx/it' in size <9> not available
(Font)              Font shape `OT1/ptm/b/it' tried instead on input line 1090.

LaTeX Font Info:    Font shape `OT1/ptm/bx/n' in size <10> not available
(Font)              Font shape `OT1/ptm/b/n' tried instead on input line 1090.
LaTeX Font Info:    Font shape `OT1/ptm/bx/it' in size <10> not available
(Font)              Font shape `OT1/ptm/b/it' tried instead on input line 1090.

LaTeX Font Info:    Font shape `OT1/ptm/bx/n' in size <11> not available
(Font)              Font shape `OT1/ptm/b/n' tried instead on input line 1090.
LaTeX Font Info:    Font shape `OT1/ptm/bx/it' in size <11> not available
(Font)              Font shape `OT1/ptm/b/it' tried instead on input line 1090.

LaTeX Font Info:    Font shape `OT1/ptm/bx/n' in size <12> not available
(Font)              Font shape `OT1/ptm/b/n' tried instead on input line 1090.
LaTeX Font Info:    Font shape `OT1/ptm/bx/it' in size <12> not available
(Font)              Font shape `OT1/ptm/b/it' tried instead on input line 1090.

LaTeX Font Info:    Font shape `OT1/ptm/bx/n' in size <17> not available
(Font)              Font shape `OT1/ptm/b/n' tried instead on input line 1090.
LaTeX Font Info:    Font shape `OT1/ptm/bx/it' in size <17> not available
(Font)              Font shape `OT1/ptm/b/it' tried instead on input line 1090.

LaTeX Font Info:    Font shape `OT1/ptm/bx/n' in size <20> not available
(Font)              Font shape `OT1/ptm/b/n' tried instead on input line 1090.
LaTeX Font Info:    Font shape `OT1/ptm/bx/it' in size <20> not available
(Font)              Font shape `OT1/ptm/b/it' tried instead on input line 1090.

LaTeX Font Info:    Font shape `OT1/ptm/bx/n' in size <24> not available
(Font)              Font shape `OT1/ptm/b/n' tried instead on input line 1090.
LaTeX Font Info:    Font shape `OT1/ptm/bx/it' in size <24> not available
(Font)              Font shape `OT1/ptm/b/it' tried instead on input line 1090.

\IEEEquantizedlength=\dimen147
\IEEEquantizedlengthdiff=\dimen148
\IEEEquantizedtextheightdiff=\dimen149
\IEEEilabelindentA=\dimen150
\IEEEilabelindentB=\dimen151
\IEEEilabelindent=\dimen152
\IEEEelabelindent=\dimen153
\IEEEdlabelindent=\dimen154
\IEEElabelindent=\dimen155
\IEEEiednormlabelsep=\dimen156
\IEEEiedmathlabelsep=\dimen157
\IEEEiedtopsep=\skip48
\c@section=\count190
\c@subsection=\count191
\c@subsubsection=\count192
\c@paragraph=\count193
\c@IEEEsubequation=\count194
\abovecaptionskip=\skip49
\belowcaptionskip=\skip50
\c@figure=\count195
\c@table=\count196
\@IEEEeqnnumcols=\count197
\@IEEEeqncolcnt=\count198
\@IEEEsubeqnnumrollback=\count199
\@IEEEquantizeheightA=\dimen158
\@IEEEquantizeheightB=\dimen159
\@IEEEquantizeheightC=\dimen160
\@IEEEquantizeprevdepth=\dimen161
\@IEEEquantizemultiple=\count266
\@IEEEquantizeboxA=\box51
\@IEEEtmpitemindent=\dimen162
\IEEEPARstartletwidth=\dimen163
\c@IEEEbiography=\count267
\@IEEEtranrubishbin=\box52
)
** ATTENTION: Overriding command lockouts (line 7).
(C:\Users\mahab\AppData\Local\Programs\MiKTeX\tex/latex/base\fontenc.sty
Package: fontenc 2021/04/29 v2.0v Standard LaTeX package
LaTeX Font Info:    Trying to load font information for T1+ptm on input line 11
2.

(C:\Users\mahab\AppData\Local\Programs\MiKTeX\tex/latex/psnfss\t1ptm.fd
File: t1ptm.fd 2001/06/04 font definitions for T1/ptm.
))
(C:\Users\mahab\AppData\Local\Programs\MiKTeX\tex/latex/base\inputenc.sty
Package: inputenc 2021/02/14 v1.3d Input encoding file
\inpenc@prehook=\toks18
\inpenc@posthook=\toks19
)
(C:\Users\mahab\AppData\Local\Programs\MiKTeX\tex/latex/amsmath\amsmath.sty
Package: amsmath 2023/05/13 v2.17o AMS math features
\@mathmargin=\skip51

For additional information on amsmath, use the `?' option.
(C:\Users\mahab\AppData\Local\Programs\MiKTeX\tex/latex/amsmath\amstext.sty
Package: amstext 2021/08/26 v2.01 AMS text

(C:\Users\mahab\AppData\Local\Programs\MiKTeX\tex/latex/amsmath\amsgen.sty
File: amsgen.sty 1999/11/30 v2.0 generic functions
\@emptytoks=\toks20
\ex@=\dimen164
))
(C:\Users\mahab\AppData\Local\Programs\MiKTeX\tex/latex/amsmath\amsbsy.sty
Package: amsbsy 1999/11/29 v1.2d Bold Symbols
\pmbraise@=\dimen165
)
(C:\Users\mahab\AppData\Local\Programs\MiKTeX\tex/latex/amsmath\amsopn.sty
Package: amsopn 2022/04/08 v2.04 operator names
)
\inf@bad=\count268
LaTeX Info: Redefining \frac on input line 234.
\uproot@=\count269
\leftroot@=\count270
LaTeX Info: Redefining \overline on input line 399.
LaTeX Info: Redefining \colon on input line 410.
\classnum@=\count271
\DOTSCASE@=\count272
LaTeX Info: Redefining \ldots on input line 496.
LaTeX Info: Redefining \dots on input line 499.
LaTeX Info: Redefining \cdots on input line 620.
\Mathstrutbox@=\box53
\strutbox@=\box54
LaTeX Info: Redefining \big on input line 722.
LaTeX Info: Redefining \Big on input line 723.
LaTeX Info: Redefining \bigg on input line 724.
LaTeX Info: Redefining \Bigg on input line 725.
\big@size=\dimen166
LaTeX Font Info:    Redeclaring font encoding OML on input line 743.
LaTeX Font Info:    Redeclaring font encoding OMS on input line 744.
\macc@depth=\count273
LaTeX Info: Redefining \bmod on input line 905.
LaTeX Info: Redefining \pmod on input line 910.
LaTeX Info: Redefining \smash on input line 940.
LaTeX Info: Redefining \relbar on input line 970.
LaTeX Info: Redefining \Relbar on input line 971.
\c@MaxMatrixCols=\count274
\dotsspace@=\muskip16
\c@parentequation=\count275
\dspbrk@lvl=\count276
\tag@help=\toks21
\row@=\count277
\column@=\count278
\maxfields@=\count279
\andhelp@=\toks22
\eqnshift@=\dimen167
\alignsep@=\dimen168
\tagshift@=\dimen169
\tagwidth@=\dimen170
\totwidth@=\dimen171
\lineht@=\dimen172
\@envbody=\toks23
\multlinegap=\skip52
\multlinetaggap=\skip53
\mathdisplay@stack=\toks24
LaTeX Info: Redefining \[ on input line 2953.
LaTeX Info: Redefining \] on input line 2954.
)
(C:\Users\mahab\AppData\Local\Programs\MiKTeX\tex/latex/amsfonts\amssymb.sty
Package: amssymb 2013/01/14 v3.01 AMS font symbols

(C:\Users\mahab\AppData\Local\Programs\MiKTeX\tex/latex/amsfonts\amsfonts.sty
Package: amsfonts 2013/01/14 v3.01 Basic AMSFonts support
\symAMSa=\mathgroup4
\symAMSb=\mathgroup5
LaTeX Font Info:    Redeclaring math symbol \hbar on input line 98.
LaTeX Font Info:    Overwriting math alphabet `\mathfrak' in version `bold'
(Font)                  U/euf/m/n --> U/euf/b/n on input line 106.
)) (C:\Users\mahab\AppData\Local\Programs\MiKTeX\tex/latex/amscls\amsthm.sty
Package: amsthm 2020/05/29 v2.20.6
\thm@style=\toks25
\thm@bodyfont=\toks26
\thm@headfont=\toks27
\thm@notefont=\toks28
\thm@headpunct=\toks29
\thm@preskip=\skip54
\thm@postskip=\skip55
\thm@headsep=\skip56
\dth@everypar=\toks30
)
(C:\Users\mahab\AppData\Local\Programs\MiKTeX\tex/latex/booktabs\booktabs.sty
Package: booktabs 2020/01/12 v1.61803398 Publication quality tables
\heavyrulewidth=\dimen173
\lightrulewidth=\dimen174
\cmidrulewidth=\dimen175
\belowrulesep=\dimen176
\belowbottomsep=\dimen177
\aboverulesep=\dimen178
\abovetopsep=\dimen179
\cmidrulesep=\dimen180
\cmidrulekern=\dimen181
\defaultaddspace=\dimen182
\@cmidla=\count280
\@cmidlb=\count281
\@aboverulesep=\dimen183
\@belowrulesep=\dimen184
\@thisruleclass=\count282
\@lastruleclass=\count283
\@thisrulewidth=\dimen185
)
(C:\Users\mahab\AppData\Local\Programs\MiKTeX\tex/latex/tools\array.sty
Package: array 2023/10/16 v2.5g Tabular extension package (FMi)
\col@sep=\dimen186
\ar@mcellbox=\box55
\extrarowheight=\dimen187
\NC@list=\toks31
\extratabsurround=\skip57
\backup@length=\skip58
\ar@cellbox=\box56
)
(C:\Users\mahab\AppData\Local\Programs\MiKTeX\tex/latex/multirow\multirow.sty
Package: multirow 2024/11/12 v2.9 Span multiple rows of a table
\multirow@colwidth=\skip59
\multirow@cntb=\count284
\multirow@dima=\skip60
\bigstrutjot=\dimen188
)
(C:\Users\mahab\AppData\Local\Programs\MiKTeX\tex/latex/graphics\graphicx.sty
Package: graphicx 2021/09/16 v1.2d Enhanced LaTeX Graphics (DPC,SPQR)

(C:\Users\mahab\AppData\Local\Programs\MiKTeX\tex/latex/graphics\keyval.sty
Package: keyval 2022/05/29 v1.15 key=value parser (DPC)
\KV@toks@=\toks32
)
(C:\Users\mahab\AppData\Local\Programs\MiKTeX\tex/latex/graphics\graphics.sty
Package: graphics 2022/03/10 v1.4e Standard LaTeX Graphics (DPC,SPQR)

(C:\Users\mahab\AppData\Local\Programs\MiKTeX\tex/latex/graphics\trig.sty
Package: trig 2021/08/11 v1.11 sin cos tan (DPC)
)
(C:\Users\mahab\AppData\Local\Programs\MiKTeX\tex/latex/graphics-cfg\graphics.c
fg
File: graphics.cfg 2016/06/04 v1.11 sample graphics configuration
)
Package graphics Info: Driver file: pdftex.def on input line 107.

(C:\Users\mahab\AppData\Local\Programs\MiKTeX\tex/latex/graphics-def\pdftex.def
File: pdftex.def 2022/09/22 v1.2b Graphics/color driver for pdftex
))
\Gin@req@height=\dimen189
\Gin@req@width=\dimen190
) (C:\Users\mahab\AppData\Local\Programs\MiKTeX\tex/latex/xcolor\xcolor.sty
Package: xcolor 2023/11/15 v3.01 LaTeX color extensions (UK)

(C:\Users\mahab\AppData\Local\Programs\MiKTeX\tex/latex/graphics-cfg\color.cfg
File: color.cfg 2016/01/02 v1.6 sample color configuration
)
Package xcolor Info: Driver file: pdftex.def on input line 274.
(C:\Users\mahab\AppData\Local\Programs\MiKTeX\tex/latex/graphics\mathcolor.ltx)
Package xcolor Info: Model `cmy' substituted by `cmy0' on input line 1350.
Package xcolor Info: Model `hsb' substituted by `rgb' on input line 1354.
Package xcolor Info: Model `RGB' extended on input line 1366.
Package xcolor Info: Model `HTML' substituted by `rgb' on input line 1368.
Package xcolor Info: Model `Hsb' substituted by `hsb' on input line 1369.
Package xcolor Info: Model `tHsb' substituted by `hsb' on input line 1370.
Package xcolor Info: Model `HSB' substituted by `hsb' on input line 1371.
Package xcolor Info: Model `Gray' substituted by `gray' on input line 1372.
Package xcolor Info: Model `wave' substituted by `hsb' on input line 1373.
) (C:\Users\mahab\AppData\Local\Programs\MiKTeX\tex/latex/psnfss\pifont.sty
Package: pifont 2020/03/25 PSNFSS-v9.3 Pi font support (SPQR) 
LaTeX Font Info:    Trying to load font information for U+pzd on input line 63.


(C:\Users\mahab\AppData\Local\Programs\MiKTeX\tex/latex/psnfss\upzd.fd
File: upzd.fd 2001/06/04 font definitions for U/pzd.
)
LaTeX Font Info:    Trying to load font information for U+psy on input line 64.


(C:\Users\mahab\AppData\Local\Programs\MiKTeX\tex/latex/psnfss\upsy.fd
File: upsy.fd 2001/06/04 font definitions for U/psy.
))
(C:\Users\mahab\AppData\Local\Programs\MiKTeX\tex/latex/pgf/frontendlayer\tikz.
sty
(C:\Users\mahab\AppData\Local\Programs\MiKTeX\tex/latex/pgf/basiclayer\pgf.sty
(C:\Users\mahab\AppData\Local\Programs\MiKTeX\tex/latex/pgf/utilities\pgfrcs.st
y
(C:\Users\mahab\AppData\Local\Programs\MiKTeX\tex/generic/pgf/utilities\pgfutil
-common.tex
\pgfutil@everybye=\toks33
\pgfutil@tempdima=\dimen191
\pgfutil@tempdimb=\dimen192
)
(C:\Users\mahab\AppData\Local\Programs\MiKTeX\tex/generic/pgf/utilities\pgfutil
-latex.def
\pgfutil@abb=\box57
)
(C:\Users\mahab\AppData\Local\Programs\MiKTeX\tex/generic/pgf/utilities\pgfrcs.
code.tex
(C:\Users\mahab\AppData\Local\Programs\MiKTeX\tex/generic/pgf\pgf.revision.tex)
Package: pgfrcs 2023-01-15 v3.1.10 (3.1.10)
))
Package: pgf 2023-01-15 v3.1.10 (3.1.10)

(C:\Users\mahab\AppData\Local\Programs\MiKTeX\tex/latex/pgf/basiclayer\pgfcore.
sty
(C:\Users\mahab\AppData\Local\Programs\MiKTeX\tex/latex/pgf/systemlayer\pgfsys.
sty
(C:\Users\mahab\AppData\Local\Programs\MiKTeX\tex/generic/pgf/systemlayer\pgfsy
s.code.tex
Package: pgfsys 2023-01-15 v3.1.10 (3.1.10)

(C:\Users\mahab\AppData\Local\Programs\MiKTeX\tex/generic/pgf/utilities\pgfkeys
.code.tex
\pgfkeys@pathtoks=\toks34
\pgfkeys@temptoks=\toks35

(C:\Users\mahab\AppData\Local\Programs\MiKTeX\tex/generic/pgf/utilities\pgfkeys
libraryfiltered.code.tex
\pgfkeys@tmptoks=\toks36
))
\pgf@x=\dimen193
\pgf@y=\dimen194
\pgf@xa=\dimen195
\pgf@ya=\dimen196
\pgf@xb=\dimen197
\pgf@yb=\dimen198
\pgf@xc=\dimen199
\pgf@yc=\dimen256
\pgf@xd=\dimen257
\pgf@yd=\dimen258
\w@pgf@writea=\write3
\r@pgf@reada=\read2
\c@pgf@counta=\count285
\c@pgf@countb=\count286
\c@pgf@countc=\count287
\c@pgf@countd=\count288
\t@pgf@toka=\toks37
\t@pgf@tokb=\toks38
\t@pgf@tokc=\toks39
\pgf@sys@id@count=\count289

(C:\Users\mahab\AppData\Local\Programs\MiKTeX\tex/generic/pgf/systemlayer\pgf.c
fg
File: pgf.cfg 2023-01-15 v3.1.10 (3.1.10)
)
Driver file for pgf: pgfsys-pdftex.def

(C:\Users\mahab\AppData\Local\Programs\MiKTeX\tex/generic/pgf/systemlayer\pgfsy
s-pdftex.def
File: pgfsys-pdftex.def 2023-01-15 v3.1.10 (3.1.10)

(C:\Users\mahab\AppData\Local\Programs\MiKTeX\tex/generic/pgf/systemlayer\pgfsy
s-common-pdf.def
File: pgfsys-common-pdf.def 2023-01-15 v3.1.10 (3.1.10)
)))
(C:\Users\mahab\AppData\Local\Programs\MiKTeX\tex/generic/pgf/systemlayer\pgfsy
ssoftpath.code.tex
File: pgfsyssoftpath.code.tex 2023-01-15 v3.1.10 (3.1.10)
\pgfsyssoftpath@smallbuffer@items=\count290
\pgfsyssoftpath@bigbuffer@items=\count291
)
(C:\Users\mahab\AppData\Local\Programs\MiKTeX\tex/generic/pgf/systemlayer\pgfsy
sprotocol.code.tex
File: pgfsysprotocol.code.tex 2023-01-15 v3.1.10 (3.1.10)
))
(C:\Users\mahab\AppData\Local\Programs\MiKTeX\tex/generic/pgf/basiclayer\pgfcor
e.code.tex
Package: pgfcore 2023-01-15 v3.1.10 (3.1.10)

(C:\Users\mahab\AppData\Local\Programs\MiKTeX\tex/generic/pgf/math\pgfmath.code
.tex
(C:\Users\mahab\AppData\Local\Programs\MiKTeX\tex/generic/pgf/math\pgfmathutil.
code.tex)
(C:\Users\mahab\AppData\Local\Programs\MiKTeX\tex/generic/pgf/math\pgfmathparse
r.code.tex
\pgfmath@dimen=\dimen259
\pgfmath@count=\count292
\pgfmath@box=\box58
\pgfmath@toks=\toks40
\pgfmath@stack@operand=\toks41
\pgfmath@stack@operation=\toks42
)
(C:\Users\mahab\AppData\Local\Programs\MiKTeX\tex/generic/pgf/math\pgfmathfunct
ions.code.tex)
(C:\Users\mahab\AppData\Local\Programs\MiKTeX\tex/generic/pgf/math\pgfmathfunct
ions.basic.code.tex)
(C:\Users\mahab\AppData\Local\Programs\MiKTeX\tex/generic/pgf/math\pgfmathfunct
ions.trigonometric.code.tex)
(C:\Users\mahab\AppData\Local\Programs\MiKTeX\tex/generic/pgf/math\pgfmathfunct
ions.random.code.tex)
(C:\Users\mahab\AppData\Local\Programs\MiKTeX\tex/generic/pgf/math\pgfmathfunct
ions.comparison.code.tex)
(C:\Users\mahab\AppData\Local\Programs\MiKTeX\tex/generic/pgf/math\pgfmathfunct
ions.base.code.tex)
(C:\Users\mahab\AppData\Local\Programs\MiKTeX\tex/generic/pgf/math\pgfmathfunct
ions.round.code.tex)
(C:\Users\mahab\AppData\Local\Programs\MiKTeX\tex/generic/pgf/math\pgfmathfunct
ions.misc.code.tex)
(C:\Users\mahab\AppData\Local\Programs\MiKTeX\tex/generic/pgf/math\pgfmathfunct
ions.integerarithmetics.code.tex)
(C:\Users\mahab\AppData\Local\Programs\MiKTeX\tex/generic/pgf/math\pgfmathcalc.
code.tex)
(C:\Users\mahab\AppData\Local\Programs\MiKTeX\tex/generic/pgf/math\pgfmathfloat
.code.tex
\c@pgfmathroundto@lastzeros=\count293
))
(C:\Users\mahab\AppData\Local\Programs\MiKTeX\tex/generic/pgf/math\pgfint.code.
tex)
(C:\Users\mahab\AppData\Local\Programs\MiKTeX\tex/generic/pgf/basiclayer\pgfcor
epoints.code.tex
File: pgfcorepoints.code.tex 2023-01-15 v3.1.10 (3.1.10)
\pgf@picminx=\dimen260
\pgf@picmaxx=\dimen261
\pgf@picminy=\dimen262
\pgf@picmaxy=\dimen263
\pgf@pathminx=\dimen264
\pgf@pathmaxx=\dimen265
\pgf@pathminy=\dimen266
\pgf@pathmaxy=\dimen267
\pgf@xx=\dimen268
\pgf@xy=\dimen269
\pgf@yx=\dimen270
\pgf@yy=\dimen271
\pgf@zx=\dimen272
\pgf@zy=\dimen273
)
(C:\Users\mahab\AppData\Local\Programs\MiKTeX\tex/generic/pgf/basiclayer\pgfcor
epathconstruct.code.tex
File: pgfcorepathconstruct.code.tex 2023-01-15 v3.1.10 (3.1.10)
\pgf@path@lastx=\dimen274
\pgf@path@lasty=\dimen275
)
(C:\Users\mahab\AppData\Local\Programs\MiKTeX\tex/generic/pgf/basiclayer\pgfcor
epathusage.code.tex
File: pgfcorepathusage.code.tex 2023-01-15 v3.1.10 (3.1.10)
\pgf@shorten@end@additional=\dimen276
\pgf@shorten@start@additional=\dimen277
)
(C:\Users\mahab\AppData\Local\Programs\MiKTeX\tex/generic/pgf/basiclayer\pgfcor
escopes.code.tex
File: pgfcorescopes.code.tex 2023-01-15 v3.1.10 (3.1.10)
\pgfpic=\box59
\pgf@hbox=\box60
\pgf@layerbox@main=\box61
\pgf@picture@serial@count=\count294
)
(C:\Users\mahab\AppData\Local\Programs\MiKTeX\tex/generic/pgf/basiclayer\pgfcor
egraphicstate.code.tex
File: pgfcoregraphicstate.code.tex 2023-01-15 v3.1.10 (3.1.10)
\pgflinewidth=\dimen278
)
(C:\Users\mahab\AppData\Local\Programs\MiKTeX\tex/generic/pgf/basiclayer\pgfcor
etransformations.code.tex
File: pgfcoretransformations.code.tex 2023-01-15 v3.1.10 (3.1.10)
\pgf@pt@x=\dimen279
\pgf@pt@y=\dimen280
\pgf@pt@temp=\dimen281
)
(C:\Users\mahab\AppData\Local\Programs\MiKTeX\tex/generic/pgf/basiclayer\pgfcor
equick.code.tex
File: pgfcorequick.code.tex 2023-01-15 v3.1.10 (3.1.10)
)
(C:\Users\mahab\AppData\Local\Programs\MiKTeX\tex/generic/pgf/basiclayer\pgfcor
eobjects.code.tex
File: pgfcoreobjects.code.tex 2023-01-15 v3.1.10 (3.1.10)
)
(C:\Users\mahab\AppData\Local\Programs\MiKTeX\tex/generic/pgf/basiclayer\pgfcor
epathprocessing.code.tex
File: pgfcorepathprocessing.code.tex 2023-01-15 v3.1.10 (3.1.10)
)
(C:\Users\mahab\AppData\Local\Programs\MiKTeX\tex/generic/pgf/basiclayer\pgfcor
earrows.code.tex
File: pgfcorearrows.code.tex 2023-01-15 v3.1.10 (3.1.10)
\pgfarrowsep=\dimen282
)
(C:\Users\mahab\AppData\Local\Programs\MiKTeX\tex/generic/pgf/basiclayer\pgfcor
eshade.code.tex
File: pgfcoreshade.code.tex 2023-01-15 v3.1.10 (3.1.10)
\pgf@max=\dimen283
\pgf@sys@shading@range@num=\count295
\pgf@shadingcount=\count296
)
(C:\Users\mahab\AppData\Local\Programs\MiKTeX\tex/generic/pgf/basiclayer\pgfcor
eimage.code.tex
File: pgfcoreimage.code.tex 2023-01-15 v3.1.10 (3.1.10)
)
(C:\Users\mahab\AppData\Local\Programs\MiKTeX\tex/generic/pgf/basiclayer\pgfcor
eexternal.code.tex
File: pgfcoreexternal.code.tex 2023-01-15 v3.1.10 (3.1.10)
\pgfexternal@startupbox=\box62
)
(C:\Users\mahab\AppData\Local\Programs\MiKTeX\tex/generic/pgf/basiclayer\pgfcor
elayers.code.tex
File: pgfcorelayers.code.tex 2023-01-15 v3.1.10 (3.1.10)
)
(C:\Users\mahab\AppData\Local\Programs\MiKTeX\tex/generic/pgf/basiclayer\pgfcor
etransparency.code.tex
File: pgfcoretransparency.code.tex 2023-01-15 v3.1.10 (3.1.10)
)
(C:\Users\mahab\AppData\Local\Programs\MiKTeX\tex/generic/pgf/basiclayer\pgfcor
epatterns.code.tex
File: pgfcorepatterns.code.tex 2023-01-15 v3.1.10 (3.1.10)
)
(C:\Users\mahab\AppData\Local\Programs\MiKTeX\tex/generic/pgf/basiclayer\pgfcor
erdf.code.tex
File: pgfcorerdf.code.tex 2023-01-15 v3.1.10 (3.1.10)
)))
(C:\Users\mahab\AppData\Local\Programs\MiKTeX\tex/generic/pgf/modules\pgfmodule
shapes.code.tex
File: pgfmoduleshapes.code.tex 2023-01-15 v3.1.10 (3.1.10)
\pgfnodeparttextbox=\box63
)
(C:\Users\mahab\AppData\Local\Programs\MiKTeX\tex/generic/pgf/modules\pgfmodule
plot.code.tex
File: pgfmoduleplot.code.tex 2023-01-15 v3.1.10 (3.1.10)
)
(C:\Users\mahab\AppData\Local\Programs\MiKTeX\tex/latex/pgf/compatibility\pgfco
mp-version-0-65.sty
Package: pgfcomp-version-0-65 2023-01-15 v3.1.10 (3.1.10)
\pgf@nodesepstart=\dimen284
\pgf@nodesepend=\dimen285
)
(C:\Users\mahab\AppData\Local\Programs\MiKTeX\tex/latex/pgf/compatibility\pgfco
mp-version-1-18.sty
Package: pgfcomp-version-1-18 2023-01-15 v3.1.10 (3.1.10)
))
(C:\Users\mahab\AppData\Local\Programs\MiKTeX\tex/latex/pgf/utilities\pgffor.st
y
(C:\Users\mahab\AppData\Local\Programs\MiKTeX\tex/latex/pgf/utilities\pgfkeys.s
ty
(C:\Users\mahab\AppData\Local\Programs\MiKTeX\tex/generic/pgf/utilities\pgfkeys
.code.tex))
(C:\Users\mahab\AppData\Local\Programs\MiKTeX\tex/latex/pgf/math\pgfmath.sty
(C:\Users\mahab\AppData\Local\Programs\MiKTeX\tex/generic/pgf/math\pgfmath.code
.tex))
(C:\Users\mahab\AppData\Local\Programs\MiKTeX\tex/generic/pgf/utilities\pgffor.
code.tex
Package: pgffor 2023-01-15 v3.1.10 (3.1.10)
\pgffor@iter=\dimen286
\pgffor@skip=\dimen287
\pgffor@stack=\toks43
\pgffor@toks=\toks44
))
(C:\Users\mahab\AppData\Local\Programs\MiKTeX\tex/generic/pgf/frontendlayer/tik
z\tikz.code.tex
Package: tikz 2023-01-15 v3.1.10 (3.1.10)

(C:\Users\mahab\AppData\Local\Programs\MiKTeX\tex/generic/pgf/libraries\pgflibr
aryplothandlers.code.tex
File: pgflibraryplothandlers.code.tex 2023-01-15 v3.1.10 (3.1.10)
\pgf@plot@mark@count=\count297
\pgfplotmarksize=\dimen288
)
\tikz@lastx=\dimen289
\tikz@lasty=\dimen290
\tikz@lastxsaved=\dimen291
\tikz@lastysaved=\dimen292
\tikz@lastmovetox=\dimen293
\tikz@lastmovetoy=\dimen294
\tikzleveldistance=\dimen295
\tikzsiblingdistance=\dimen296
\tikz@figbox=\box64
\tikz@figbox@bg=\box65
\tikz@tempbox=\box66
\tikz@tempbox@bg=\box67
\tikztreelevel=\count298
\tikznumberofchildren=\count299
\tikznumberofcurrentchild=\count300
\tikz@fig@count=\count301

(C:\Users\mahab\AppData\Local\Programs\MiKTeX\tex/generic/pgf/modules\pgfmodule
matrix.code.tex
File: pgfmodulematrix.code.tex 2023-01-15 v3.1.10 (3.1.10)
\pgfmatrixcurrentrow=\count302
\pgfmatrixcurrentcolumn=\count303
\pgf@matrix@numberofcolumns=\count304
)
\tikz@expandcount=\count305

(C:\Users\mahab\AppData\Local\Programs\MiKTeX\tex/generic/pgf/frontendlayer/tik
z/libraries\tikzlibrarytopaths.code.tex
File: tikzlibrarytopaths.code.tex 2023-01-15 v3.1.10 (3.1.10)
)))
(C:\Users\mahab\AppData\Local\Programs\MiKTeX\tex/generic/pgf/libraries\pgflibr
aryarrows.meta.code.tex
File: pgflibraryarrows.meta.code.tex 2023-01-15 v3.1.10 (3.1.10)
\pgfarrowinset=\dimen297
\pgfarrowlength=\dimen298
\pgfarrowwidth=\dimen299
\pgfarrowlinewidth=\dimen300
)
(C:\Users\mahab\AppData\Local\Programs\MiKTeX\tex/generic/pgf/frontendlayer/tik
z/libraries\tikzlibrarypositioning.code.tex
File: tikzlibrarypositioning.code.tex 2023-01-15 v3.1.10 (3.1.10)
)
(C:\Users\mahab\AppData\Local\Programs\MiKTeX\tex/generic/pgf/frontendlayer/tik
z/libraries\tikzlibrarycalc.code.tex
File: tikzlibrarycalc.code.tex 2023-01-15 v3.1.10 (3.1.10)
)
(C:\Users\mahab\AppData\Local\Programs\MiKTeX\tex/latex/algorithms\algorithm.st
y
Package: algorithm 2009/08/24 v0.1 Document Style `algorithm' - floating enviro
nment
 (C:\Users\mahab\AppData\Local\Programs\MiKTeX\tex/latex/float\float.sty
Package: float 2001/11/08 v1.3d Float enhancements (AL)
\c@float@type=\count306
\float@exts=\toks45
\float@box=\box68
\@float@everytoks=\toks46
\@floatcapt=\box69
)
(C:\Users\mahab\AppData\Local\Programs\MiKTeX\tex/latex/base\ifthen.sty
Package: ifthen 2022/04/13 v1.1d Standard LaTeX ifthen package (DPC)
)
\@float@every@algorithm=\toks47
\c@algorithm=\count307
)
(C:\Users\mahab\AppData\Local\Programs\MiKTeX\tex/latex/algorithmicx\algpseudoc
ode.sty
Package: algpseudocode 

(C:\Users\mahab\AppData\Local\Programs\MiKTeX\tex/latex/algorithmicx\algorithmi
cx.sty
Package: algorithmicx 2005/04/27 v1.2 Algorithmicx

Document Style algorithmicx 1.2 - a greatly improved `algorithmic' style
\c@ALG@line=\count308
\c@ALG@rem=\count309
\c@ALG@nested=\count310
\ALG@tlm=\skip61
\ALG@thistlm=\skip62
\c@ALG@Lnr=\count311
\c@ALG@blocknr=\count312
\c@ALG@storecount=\count313
\c@ALG@tmpcounter=\count314
\ALG@tmplength=\skip63
)
Document Style - pseudocode environments for use with the `algorithmicx' style
) (C:\Users\mahab\AppData\Local\Programs\MiKTeX\tex/latex/listings\listings.sty
\lst@mode=\count315
\lst@gtempboxa=\box70
\lst@token=\toks48
\lst@length=\count316
\lst@currlwidth=\dimen301
\lst@column=\count317
\lst@pos=\count318
\lst@lostspace=\dimen302
\lst@width=\dimen303
\lst@newlines=\count319
\lst@lineno=\count320
\lst@maxwidth=\dimen304
(C:\Users\mahab\AppData\Local\Programs\MiKTeX\tex/latex/listings\lstmisc.sty
File: lstmisc.sty 2023/02/27 1.9 (Carsten Heinz)
\c@lstnumber=\count321
\lst@skipnumbers=\count322
\lst@framebox=\box71
)
(C:\Users\mahab\AppData\Local\Programs\MiKTeX\tex/latex/listings\listings.cfg
File: listings.cfg 2023/02/27 1.9 listings configuration
))
Package: listings 2023/02/27 1.9 (Carsten Heinz)
(C:\Users\mahab\AppData\Local\Programs\MiKTeX\tex/latex/tools\tabularx.sty
Package: tabularx 2023/07/08 v2.11c `tabularx' package (DPC)
\TX@col@width=\dimen305
\TX@old@table=\dimen306
\TX@old@col=\dimen307
\TX@target=\dimen308
\TX@delta=\dimen309
\TX@cols=\count323
\TX@ftn=\toks49
)
(C:\Users\mahab\AppData\Local\Programs\MiKTeX\tex/latex/url\url.sty
\Urlmuskip=\muskip17
Package: url 2013/09/16  ver 3.4  Verb mode for urls, etc.
)
(C:\Users\mahab\AppData\Local\Programs\MiKTeX\tex/latex/hyperref\hyperref.sty
Package: hyperref 2023-11-26 v7.01g Hypertext links for LaTeX

(C:\Users\mahab\AppData\Local\Programs\MiKTeX\tex/generic/iftex\iftex.sty
Package: iftex 2022/02/03 v1.0f TeX engine tests
)
(C:\Users\mahab\AppData\Local\Programs\MiKTeX\tex/generic/infwarerr\infwarerr.s
ty
Package: infwarerr 2019/12/03 v1.5 Providing info/warning/error messages (HO)
)
(C:\Users\mahab\AppData\Local\Programs\MiKTeX\tex/latex/kvsetkeys\kvsetkeys.sty
Package: kvsetkeys 2022-10-05 v1.19 Key value parser (HO)
)
(C:\Users\mahab\AppData\Local\Programs\MiKTeX\tex/generic/kvdefinekeys\kvdefine
keys.sty
Package: kvdefinekeys 2019-12-19 v1.6 Define keys (HO)
)
(C:\Users\mahab\AppData\Local\Programs\MiKTeX\tex/generic/pdfescape\pdfescape.s
ty
Package: pdfescape 2019/12/09 v1.15 Implements pdfTeX's escape features (HO)

(C:\Users\mahab\AppData\Local\Programs\MiKTeX\tex/generic/ltxcmds\ltxcmds.sty
Package: ltxcmds 2023-12-04 v1.26 LaTeX kernel commands for general use (HO)
)
(C:\Users\mahab\AppData\Local\Programs\MiKTeX\tex/generic/pdftexcmds\pdftexcmds
.sty
Package: pdftexcmds 2020-06-27 v0.33 Utility functions of pdfTeX for LuaTeX (HO
)
Package pdftexcmds Info: \pdf@primitive is available.
Package pdftexcmds Info: \pdf@ifprimitive is available.
Package pdftexcmds Info: \pdfdraftmode found.
))
(C:\Users\mahab\AppData\Local\Programs\MiKTeX\tex/latex/hycolor\hycolor.sty
Package: hycolor 2020-01-27 v1.10 Color options for hyperref/bookmark (HO)
)
(C:\Users\mahab\AppData\Local\Programs\MiKTeX\tex/latex/letltxmacro\letltxmacro
.sty
Package: letltxmacro 2019/12/03 v1.6 Let assignment for LaTeX macros (HO)
)
(C:\Users\mahab\AppData\Local\Programs\MiKTeX\tex/latex/auxhook\auxhook.sty
Package: auxhook 2019-12-17 v1.6 Hooks for auxiliary files (HO)
)
(C:\Users\mahab\AppData\Local\Programs\MiKTeX\tex/latex/hyperref\nameref.sty
Package: nameref 2023-11-26 v2.56 Cross-referencing by name of section

(C:\Users\mahab\AppData\Local\Programs\MiKTeX\tex/latex/refcount\refcount.sty
Package: refcount 2019/12/15 v3.6 Data extraction from label references (HO)
)
(C:\Users\mahab\AppData\Local\Programs\MiKTeX\tex/generic/gettitlestring\gettit
lestring.sty
Package: gettitlestring 2019/12/15 v1.6 Cleanup title references (HO)

(C:\Users\mahab\AppData\Local\Programs\MiKTeX\tex/latex/kvoptions\kvoptions.sty
Package: kvoptions 2022-06-15 v3.15 Key value format for package options (HO)
))
\c@section@level=\count324
)
(C:\Users\mahab\AppData\Local\Programs\MiKTeX\tex/latex/etoolbox\etoolbox.sty
Package: etoolbox 2020/10/05 v2.5k e-TeX tools for LaTeX (JAW)
\etb@tempcnta=\count325
)
\@linkdim=\dimen310
\Hy@linkcounter=\count326
\Hy@pagecounter=\count327

(C:\Users\mahab\AppData\Local\Programs\MiKTeX\tex/latex/hyperref\pd1enc.def
File: pd1enc.def 2023-11-26 v7.01g Hyperref: PDFDocEncoding definition (HO)
Now handling font encoding PD1 ...
... no UTF-8 mapping file for font encoding PD1
)
(C:\Users\mahab\AppData\Local\Programs\MiKTeX\tex/generic/intcalc\intcalc.sty
Package: intcalc 2019/12/15 v1.3 Expandable calculations with integers (HO)
)
\Hy@SavedSpaceFactor=\count328

(C:\Users\mahab\AppData\Local\Programs\MiKTeX\tex/latex/hyperref\puenc.def
File: puenc.def 2023-11-26 v7.01g Hyperref: PDF Unicode definition (HO)
Now handling font encoding PU ...
... no UTF-8 mapping file for font encoding PU
)
Package hyperref Info: Hyper figures OFF on input line 4181.
Package hyperref Info: Link nesting OFF on input line 4186.
Package hyperref Info: Hyper index ON on input line 4189.
Package hyperref Info: Plain pages OFF on input line 4196.
Package hyperref Info: Backreferencing OFF on input line 4201.
Package hyperref Info: Implicit mode ON; LaTeX internals redefined.
Package hyperref Info: Bookmarks ON on input line 4448.
\c@Hy@tempcnt=\count329
LaTeX Info: Redefining \url on input line 4786.
\XeTeXLinkMargin=\dimen311

(C:\Users\mahab\AppData\Local\Programs\MiKTeX\tex/generic/bitset\bitset.sty
Package: bitset 2019/12/09 v1.3 Handle bit-vector datatype (HO)

(C:\Users\mahab\AppData\Local\Programs\MiKTeX\tex/generic/bigintcalc\bigintcalc
.sty
Package: bigintcalc 2019/12/15 v1.5 Expandable calculations on big integers (HO
)
))
\Fld@menulength=\count330
\Field@Width=\dimen312
\Fld@charsize=\dimen313
Package hyperref Info: Hyper figures OFF on input line 6065.
Package hyperref Info: Link nesting OFF on input line 6070.
Package hyperref Info: Hyper index ON on input line 6073.
Package hyperref Info: backreferencing OFF on input line 6080.
Package hyperref Info: Link coloring OFF on input line 6085.
Package hyperref Info: Link coloring with OCG OFF on input line 6090.
Package hyperref Info: PDF/A mode OFF on input line 6095.

(C:\Users\mahab\AppData\Local\Programs\MiKTeX\tex/latex/base\atbegshi-ltx.sty
Package: atbegshi-ltx 2021/01/10 v1.0c Emulation of the original atbegshi
package with kernel methods
)
\Hy@abspage=\count331
\c@Item=\count332
\c@Hfootnote=\count333
)
Package hyperref Info: Driver (autodetected): hpdftex.
(C:\Users\mahab\AppData\Local\Programs\MiKTeX\tex/latex/hyperref\hpdftex.def
File: hpdftex.def 2023-11-26 v7.01g Hyperref driver for pdfTeX

(C:\Users\mahab\AppData\Local\Programs\MiKTeX\tex/latex/base\atveryend-ltx.sty
Package: atveryend-ltx 2020/08/19 v1.0a Emulation of the original atveryend pac
kage
with kernel methods
)
\Fld@listcount=\count334
\c@bookmark@seq@number=\count335

(C:\Users\mahab\AppData\Local\Programs\MiKTeX\tex/latex/rerunfilecheck\rerunfil
echeck.sty
Package: rerunfilecheck 2025-06-21 v1.11 Rerun checks for auxiliary files (HO)

(C:\Users\mahab\AppData\Local\Programs\MiKTeX\tex/generic/uniquecounter\uniquec
ounter.sty
Package: uniquecounter 2019/12/15 v1.4 Provide unlimited unique counter (HO)
)
Package uniquecounter Info: New unique counter `rerunfilecheck' on input line 2
84.
)
\Hy@SectionHShift=\skip64
)
\c@lemma=\count336
\c@proposition=\count337
\c@corollary=\count338
\c@definition=\count339
\c@assumption=\count340
\c@counterexample=\count341
 (../Section/_generated/tab_summary.tex)
(C:\Users\mahab\AppData\Local\Programs\MiKTeX\tex/latex/l3backend\l3backend-pdf
tex.def
File: l3backend-pdftex.def 2024-01-04 L3 backend support: PDF output (pdfTeX)
\l__color_backend_stack_int=\count342
\l__pdf_internal_box=\box72
) (main.aux)
\openout1 = `main.aux'.

LaTeX Font Info:    Checking defaults for OML/cmm/m/it on input line 91.
LaTeX Font Info:    ... okay on input line 91.
LaTeX Font Info:    Checking defaults for OMS/cmsy/m/n on input line 91.
LaTeX Font Info:    ... okay on input line 91.
LaTeX Font Info:    Checking defaults for OT1/cmr/m/n on input line 91.
LaTeX Font Info:    ... okay on input line 91.
LaTeX Font Info:    Checking defaults for T1/cmr/m/n on input line 91.
LaTeX Font Info:    ... okay on input line 91.
LaTeX Font Info:    Checking defaults for TS1/cmr/m/n on input line 91.
LaTeX Font Info:    ... okay on input line 91.
LaTeX Font Info:    Checking defaults for OMX/cmex/m/n on input line 91.
LaTeX Font Info:    ... okay on input line 91.
LaTeX Font Info:    Checking defaults for U/cmr/m/n on input line 91.
LaTeX Font Info:    ... okay on input line 91.
LaTeX Font Info:    Checking defaults for PD1/pdf/m/n on input line 91.
LaTeX Font Info:    ... okay on input line 91.
LaTeX Font Info:    Checking defaults for PU/pdf/m/n on input line 91.
LaTeX Font Info:    ... okay on input line 91.

-- Lines per column: 56 (exact).

(C:\Users\mahab\AppData\Local\Programs\MiKTeX\tex/context/base/mkii\supp-pdf.mk
ii
[Loading MPS to PDF converter (version 2006.09.02).]
\scratchcounter=\count343
\scratchdimen=\dimen314
\scratchbox=\box73
\nofMPsegments=\count344
\nofMParguments=\count345
\everyMPshowfont=\toks50
\MPscratchCnt=\count346
\MPscratchDim=\dimen315
\MPnumerator=\count347
\makeMPintoPDFobject=\count348
\everyMPtoPDFconversion=\toks51
)
(C:\Users\mahab\AppData\Local\Programs\MiKTeX\tex/latex/epstopdf-pkg\epstopdf-b
ase.sty
Package: epstopdf-base 2020-01-24 v2.11 Base part for package epstopdf
Package epstopdf-base Info: Redefining graphics rule for `.eps' on input line 4
85.

(C:\Users\mahab\AppData\Local\Programs\MiKTeX\tex/latex/00miktex\epstopdf-sys.c
fg
File: epstopdf-sys.cfg 2021/03/18 v2.0 Configuration of epstopdf for MiKTeX
))
\c@lstlisting=\count349
Package hyperref Info: Link coloring OFF on input line 91.
 (main.out) (main.out)
\@outlinefile=\write4
\openout4 = `main.out'.

 (../Section/abstract.tex
LaTeX Font Info:    Trying to load font information for U+msa on input line 6.

(C:\Users\mahab\AppData\Local\Programs\MiKTeX\tex/latex/amsfonts\umsa.fd
File: umsa.fd 2013/01/14 v3.01 AMS symbols A
)
LaTeX Font Info:    Trying to load font information for U+msb on input line 6.

(C:\Users\mahab\AppData\Local\Programs\MiKTeX\tex/latex/amsfonts\umsb.fd
File: umsb.fd 2013/01/14 v3.01 AMS symbols B
)
Underfull \hbox (badness 5161) in paragraph at lines 1--23
[]\T1/ptm/b/it/9 Abstract\T1/ptm/b/n/9 ---Security anal-y-ses of sharded Byzant
ine-fault-
 []

) (../Section/introduction.tex [1{C:/Users/mahab/AppData/Local/MiKTeX/fonts/map
/pdftex/pdftex.map}{C:/Users/mahab/AppData/Local/Programs/MiKTeX/fonts/enc/dvip
s/base/8r.enc}


]) (../Section/motivation.tex
Underfull \hbox (badness 2617) in paragraph at lines 5--11
 \T1/ptm/m/it/10 a) What ``sub-threshold'' means.: [][] \T1/ptm/m/n/10 Through-
out, \T1/ptm/m/it/10 sub-
 []

[2]) (../Section/related_work.tex [3]
Underfull \hbox (badness 10000) in paragraph at lines 114--127
 \T1/ptm/m/it/10 g) Cross-shard, cross-chain, and settlement-before-
 []


Underfull \hbox (badness 3312) in paragraph at lines 114--127
\T1/ptm/m/n/10 by a bribed com-mit-tee. Miner/maximal-extractable-value
 []


Underfull \hbox (badness 1442) in paragraph at lines 114--127
\T1/ptm/m/n/10 value [[]], [[]]; to-gether these mo-ti-vate treat-ing $\OML/cmm
/m/it/10 V$ \T1/ptm/m/n/10 as
 []


Underfull \hbox (badness 2245) in paragraph at lines 139--151
\T1/ptm/m/n/10 whether the work \T1/ptm/m/it/10 prices \T1/ptm/m/n/10 the cor-r
up-tion, whether it is
 []

[4]

LaTeX Font Warning: Font shape `T1/ptm/m/scit' undefined
(Font)              using `T1/ptm/m/it' instead on input line 161.


LaTeX Font Warning: Font shape `T1/ptm/m/scit' undefined
(Font)              using `T1/ptm/m/it' instead on input line 161.


LaTeX Font Warning: Font shape `T1/ptm/m/scit' undefined
(Font)              using `T1/ptm/m/it' instead on input line 161.


LaTeX Font Warning: Font shape `T1/ptm/m/scit' undefined
(Font)              using `T1/ptm/m/it' instead on input line 161.


LaTeX Font Warning: Font shape `T1/ptm/m/scit' undefined
(Font)              using `T1/ptm/m/it' instead on input line 161.


LaTeX Font Warning: Font shape `T1/ptm/m/scit' undefined
(Font)              using `T1/ptm/m/it' instead on input line 161.


LaTeX Font Warning: Font shape `T1/ptm/m/scit' undefined
(Font)              using `T1/ptm/m/it' instead on input line 161.


LaTeX Font Warning: Font shape `T1/ptm/m/scit' undefined
(Font)              using `T1/ptm/m/it' instead on input line 161.


LaTeX Font Warning: Font shape `T1/ptm/m/scit' undefined
(Font)              using `T1/ptm/m/it' instead on input line 161.


LaTeX Font Warning: Font shape `T1/ptm/m/scit' undefined
(Font)              using `T1/ptm/m/it' instead on input line 161.

) (../Section/threat_model.tex) (../Section/methodology.tex [5]
Underfull \hbox (badness 2269) in paragraph at lines 109--114
[]\T1/ptm/m/n/10 Under As-sump-tion []1[], val-ida-tor $\OML/cmm/m/it/10 i$ \T1
/ptm/m/n/10 equiv-o-cates iff the
 []


Underfull \hbox (badness 3815) in paragraph at lines 109--114
\T1/ptm/m/n/10 bribe cov-ers its ex-pected loss. Equiv-o-ca-tion is max-i-
 []


Underfull \hbox (badness 1762) in paragraph at lines 109--114
\T1/ptm/m/n/10 mally ac-count-able (As-sump-tion []2[]): if the proof is en-
 []


Underfull \hbox (badness 1789) in paragraph at lines 109--114
\T1/ptm/m/n/10 stake $\OML/cmm/m/it/10 s[]$ \T1/ptm/m/n/10 and for-feits con-ti
n-u-a-tion value $\OML/cmm/m/it/10 R[]$\T1/ptm/m/n/10 . Let $\OML/cmm/m/it/10 q
 \OT1/cmr/m/n/10 =
 []


Underfull \vbox (badness 10000) has occurred while \output is active []


Underfull \vbox (badness 2591) has occurred while \output is active []

 [6]
[7]
<../../artifact/figures/fig1_attack_flow.pdf, id=463, 202.08499pt x 237.04561pt
>
File: ../../artifact/figures/fig1_attack_flow.pdf Graphic file (type pdf)
<use ../../artifact/figures/fig1_attack_flow.pdf>
Package pdftex.def Info: ../../artifact/figures/fig1_attack_flow.pdf  used on i
nput line 229.
(pdftex.def)             Requested size: 216.72015pt x 254.21861pt.
Package hyperref Info: bookmark level for unknown algorithm defaults to 0 on in
put line 236.

Underfull \hbox (badness 2460) in paragraph at lines 249--250
[]\T1/ptm/m/n/10 On branch $\OML/cmm/m/it/10 b[]$\T1/ptm/m/n/10 , sub-mit the c
ross-shard re-ceipt that
 []

) (../Section/reconfiguration.tex [8 <../../artifact/figures/fig1_attack_flow.p
df>]
Underfull \hbox (badness 10000) in paragraph at lines 109--109
\T1/ptm/m/n/9 un-in-cluded txns
 []


Underfull \hbox (badness 10000) in paragraph at lines 109--109
[]|\T1/ptm/m/n/9 Last-block at-tack
 []


Underfull \hbox (badness 10000) in paragraph at lines 109--109
\T1/ptm/m/n/9 weak un-less the
 []


Underfull \hbox (badness 10000) in paragraph at lines 109--109
\T1/ptm/m/n/9 ma-li-cious tx was
 []


Underfull \hbox (badness 10000) in paragraph at lines 109--109
[]|\T1/ptm/m/n/9 Value-bearing
 []


Underfull \hbox (badness 10000) in paragraph at lines 109--109
\T1/ptm/m/n/9 ar-ti-facts can-not
 []


Underfull \hbox (badness 10000) in paragraph at lines 109--109
\T1/ptm/m/n/9 ex-e-cute af-ter the
 []


Underfull \hbox (badness 10000) in paragraph at lines 109--109
[]|\T1/ptm/m/n/9 Protocol stops
 []


Underfull \hbox (badness 10000) in paragraph at lines 109--109
\T1/ptm/m/n/9 shard txns and
 []


Underfull \hbox (badness 10000) in paragraph at lines 109--109
\T1/ptm/m/n/9 fin-ishes pend-ing
 []


Underfull \hbox (badness 10000) in paragraph at lines 109--109
[]|\T1/ptm/m/n/9 Old-epoch
 []


Underfull \hbox (badness 10000) in paragraph at lines 109--109
\T1/ptm/m/n/9 re-ceipt-s/out-box
 []


Underfull \hbox (badness 6380) in paragraph at lines 109--109
\T1/ptm/m/n/9 im-ported in epoch
 []


Underfull \hbox (badness 10000) in paragraph at lines 109--109
\T1/ptm/m/n/9 and ex-e-cutes next
 []


Underfull \hbox (badness 10000) in paragraph at lines 109--109
[]|\T1/ptm/m/n/9 Import is
 []


Underfull \hbox (badness 10000) in paragraph at lines 109--109
\T1/ptm/m/n/9 accountability-gated
 []


Underfull \hbox (badness 10000) in paragraph at lines 109--109
[]|\T1/ptm/m/n/9 Imported
 []


Underfull \hbox (badness 10000) in paragraph at lines 109--109
\T1/ptm/m/n/9 re-ceipts ex-e-cuted
 []


Underfull \hbox (badness 10000) in paragraph at lines 109--109
\T1/ptm/m/n/9 im-me-di-ately on
 []


Underfull \hbox (badness 2617) in paragraph at lines 109--109
\T1/ptm/m/n/9 the new com-mit-tee
 []


Underfull \hbox (badness 10000) in paragraph at lines 109--109
[]|\T1/ptm/m/n/9 New com-mit-tee
 []


Underfull \hbox (badness 10000) in paragraph at lines 109--109
\T1/ptm/m/n/9 re-ject-s/quar-an-tines
 []


Underfull \hbox (badness 10000) in paragraph at lines 109--109
\T1/ptm/m/n/9 con-flict-ing old
 []


Underfull \hbox (badness 10000) in paragraph at lines 109--109
[]|\T1/ptm/m/n/9 New com-mit-tee
 []


Underfull \hbox (badness 10000) in paragraph at lines 109--109
\T1/ptm/m/n/9 head-ers, re-ceipt
 []


Underfull \hbox (badness 10000) in paragraph at lines 109--109
\T1/ptm/m/n/9 roots, as-sign-ments,
 []


Underfull \hbox (badness 10000) in paragraph at lines 109--109
[]|\T1/ptm/m/n/9 Preserves
 []


Underfull \hbox (badness 10000) in paragraph at lines 109--109
[]|\T1/ptm/m/n/9 Beacon quar-an-tines
 []


Underfull \hbox (badness 10000) in paragraph at lines 109--109
[]|\T1/ptm/m/n/9 Validators ro-tate
 []


Underfull \hbox (badness 10000) in paragraph at lines 109--109
[]|\T1/ptm/m/n/9 No cut-off,
 []


Underfull \hbox (badness 10000) in paragraph at lines 109--109
\T1/ptm/m/n/9 but at-tacker
 []


Underfull \hbox (badness 10000) in paragraph at lines 109--109
\T1/ptm/m/n/9 op-ti-mizes $\OML/cmm/m/it/9 a$ \T1/ptm/m/n/9 via
 []


Underfull \hbox (badness 10000) in paragraph at lines 109--109
[]|\T1/ptm/m/n/9 Old-epoch ar-ti-facts
 []


Underfull \hbox (badness 1867) in paragraph at lines 109--109
[]|\T1/ptm/m/n/9 Some ar-ti-facts ex-e-
 []

<../../artifact/figures/fig5_reconf_fsm.pdf, id=503, 202.08499pt x 175.8329pt>
File: ../../artifact/figures/fig5_reconf_fsm.pdf Graphic file (type pdf)
<use ../../artifact/figures/fig5_reconf_fsm.pdf>
Package pdftex.def Info: ../../artifact/figures/fig5_reconf_fsm.pdf  used on in
put line 114.
(pdftex.def)             Requested size: 241.92169pt x 210.49937pt.
[9 <../../artifact/figures/fig5_reconf_fsm.pdf>]
<../../artifact/figures/fig6_reconf_profit.pdf, id=534, 239.11395pt x 199.88452
pt>
File: ../../artifact/figures/fig6_reconf_profit.pdf Graphic file (type pdf)
<use ../../artifact/figures/fig6_reconf_profit.pdf>
Package pdftex.def Info: ../../artifact/figures/fig6_reconf_profit.pdf  used on
 input line 207.
(pdftex.def)             Requested size: 252.0pt x 210.65962pt.
)
(../Section/implementation.tex
LaTeX Font Info:    Trying to load font information for T1+pcr on input line 5.


(C:\Users\mahab\AppData\Local\Programs\MiKTeX\tex/latex/psnfss\t1pcr.fd
File: t1pcr.fd 2001/06/04 font definitions for T1/pcr.
))
(../Section/experimental_setup.tex [10]
Underfull \hbox (badness 10000) in paragraph at lines 66--66
[]|$\OMS/cmsy/m/n/9 f\OT1/cmr/m/n/9 4\OML/cmm/m/it/9 ; \OT1/cmr/m/n/9 7\OML/cmm
/m/it/9 ; [] ; \OT1/cmr/m/n/9 400\OMS/cmsy/m/n/9 g$ \T1/ptm/m/n/9 (8
 []


Underfull \hbox (badness 2197) in paragraph at lines 70--75
 \T1/ptm/m/it/10 d) Met-rics.: [][] \T1/ptm/m/n/10 We re-port (i) $\OML/cmm/m/i
t/10 p[]$ \T1/ptm/m/n/10 vs. $\OML/cmm/m/it/10 '$ \T1/ptm/m/n/10 for $\OML/cmm/
m/it/10 k \OMS/cmsy/m/n/10 2
 []

[11 <../../artifact/figures/fig6_reconf_profit.pdf>])
(../Section/evaluation.tex
<../../artifact/figures/fig_psucc.pdf, id=594, 235.10342pt x 183.34698pt>
File: ../../artifact/figures/fig_psucc.pdf Graphic file (type pdf)
<use ../../artifact/figures/fig_psucc.pdf>
Package pdftex.def Info: ../../artifact/figures/fig_psucc.pdf  used on input li
ne 31.
(pdftex.def)             Requested size: 252.0pt x 196.529pt.
<../../artifact/figures/fig_pwin.pdf, id=599, 253.04475pt x 183.34698pt>
File: ../../artifact/figures/fig_pwin.pdf Graphic file (type pdf)
<use ../../artifact/figures/fig_pwin.pdf>
Package pdftex.def Info: ../../artifact/figures/fig_pwin.pdf  used on input lin
e 48.
(pdftex.def)             Requested size: 252.0pt x 182.59674pt.
<../../artifact/figures/fig4_cost.pdf, id=602, 237.49855pt x 187.90802pt>
File: ../../artifact/figures/fig4_cost.pdf Graphic file (type pdf)
<use ../../artifact/figures/fig4_cost.pdf>
Package pdftex.def Info: ../../artifact/figures/fig4_cost.pdf  used on input li
ne 65.
(pdftex.def)             Requested size: 252.0pt x 199.39084pt.
 [12 <../../artifact/figures/fig_psucc.pdf> <../../artifact/figures/fig_pwin.pd
f>] (../Section/_generated/tab_breakeven.tex)
<../../artifact/figures/fig3_phase.pdf, id=655, 292.8785pt x 227.83937pt>
File: ../../artifact/figures/fig3_phase.pdf Graphic file (type pdf)
<use ../../artifact/figures/fig3_phase.pdf>
Package pdftex.def Info: ../../artifact/figures/fig3_phase.pdf  used on input l
ine 97.
(pdftex.def)             Requested size: 252.0pt x 196.03885pt.
<../../artifact/figures/fig_profit_qV.pdf, id=656, 256.4442pt x 194.47656pt>
File: ../../artifact/figures/fig_profit_qV.pdf Graphic file (type pdf)
<use ../../artifact/figures/fig_profit_qV.pdf>
Package pdftex.def Info: ../../artifact/figures/fig_profit_qV.pdf  used on inpu
t line 107.
(pdftex.def)             Requested size: 252.0pt x 191.10799pt.

(../Section/_generated/tab_defenses.tex)
<../../artifact/figures/fig_defenses.pdf, id=664, 294.96321pt x 194.47656pt>
File: ../../artifact/figures/fig_defenses.pdf Graphic file (type pdf)
<use ../../artifact/figures/fig_defenses.pdf>
Package pdftex.def Info: ../../artifact/figures/fig_defenses.pdf  used on input
 line 147.
(pdftex.def)             Requested size: 252.0pt x 166.15454pt.
 [13 <../../artifact/figures/fig4_cost.pdf> <../../artifact/figures/fig3_phase.
pdf> <../../artifact/figures/fig_profit_qV.pdf>]
<../../artifact/figures/fig_testbed.pdf, id=731, 249.79825pt x 188.75493pt>
File: ../../artifact/figures/fig_testbed.pdf Graphic file (type pdf)
<use ../../artifact/figures/fig_testbed.pdf>
Package pdftex.def Info: ../../artifact/figures/fig_testbed.pdf  used on input 
line 174.
(pdftex.def)             Requested size: 252.0pt x 190.41919pt.


LaTeX Font Warning: Font shape `T1/ptm/m/scit' undefined
(Font)              using `T1/ptm/m/it' instead on input line 209.


LaTeX Font Warning: Font shape `T1/ptm/m/scit' undefined
(Font)              using `T1/ptm/m/it' instead on input line 209.


LaTeX Font Warning: Font shape `T1/ptm/m/scit' undefined
(Font)              using `T1/ptm/m/it' instead on input line 209.

(../Section/_generated/tab_realsystems.tex))
(../Section/measured_evaluation.tex [14 <../../artifact/figures/fig_defenses.pd
f> <../../artifact/figures/fig_testbed.pdf>]
Underfull \hbox (badness 2005) in paragraph at lines 52--56
[]\T1/ptm/b/n/10 Primary open tar-get \T1/ptm/m/n/10 --- a real fast/in-tent br
idge
 []


Underfull \vbox (badness 1331) has occurred while \output is active []


Underfull \vbox (badness 1331) has occurred while \output is active []

 [15]
Underfull \hbox (badness 4981) in paragraph at lines 119--130
 \T1/ptm/m/it/10 d) $\OML/cmm/m/it/10 T[]$\T1/ptm/m/it/10 : re-ceipt and withdr
awal-beyond-clawback,
 []


Underfull \hbox (badness 1997) in paragraph at lines 132--149
 \T1/ptm/m/it/10 e) The pre-registered de-ci-sion rule.: [][] \T1/ptm/m/n/10 Al
l es-ti-ma-tors
 []


Underfull \hbox (badness 3769) in paragraph at lines 132--149
\T1/ptm/m/n/10 (Clopper--Pearson/Wilson/rule-of-three for $\OML/cmm/m/it/10 q$\
T1/ptm/m/n/10 ; Gamma/log-
 []

[16]

LaTeX Font Warning: Font shape `T1/ptm/m/scit' undefined
(Font)              using `T1/ptm/m/it' instead on input line 208.

(../Section/_generated/tab_measured.tex
Underfull \hbox (badness 10000) in paragraph at lines 15--15
[]|\T1/ptm/m/n/9 1.00, []\T1/ptm/m/sc/9 open-
 []


Underfull \hbox (badness 10000) in paragraph at lines 15--15
[]|\T1/ptm/m/n/9 1.00, []\T1/ptm/m/sc/9 open-
 []

)) (../Section/discussion.tex
Underfull \hbox (badness 2884) in paragraph at lines 39--41
\T1/ptm/m/n/10 value-bearing cross-shard ar-ti-facts dur-ing re-con-fig-u-ra-ti
on
 []


Underfull \hbox (badness 10000) in paragraph at lines 60--60
[]|\T1/ptm/m/n/9 Primarily
 []

) (../Section/limitations.tex [17]) (../Section/conclusion.tex)
(../Section/ethical_considerations.tex
Underfull \vbox (badness 10000) has occurred while \output is active []

 [18])
(../Section/open_science.tex
Underfull \hbox (badness 1509) in paragraph at lines 4--12
[]\T1/ptm/m/n/10 The ar-ti-fact needed to eval-u-ate the pa-per is the lo-
 []


Underfull \hbox (badness 1715) in paragraph at lines 4--12
\T1/ptm/m/n/10 plot-ting scripts, ta-ble gen-er-a-tor, tests, and a README
 []


Underfull \hbox (badness 2020) in paragraph at lines 4--12
\T1/ptm/m/n/10 with ex-act re-pro-duc-tion com-mands. The ar-ti-fact is de-
 []


Underfull \hbox (badness 2165) in paragraph at lines 4--12
\T1/ptm/m/n/10 ter-min-is-tic un-der \T1/pcr/m/n/10 configs/main.yaml\T1/ptm/m/
n/10 ; it re-gen-er-ates
 []

) (../Section/appendix_repro.tex
Underfull \vbox (badness 1132) has occurred while \output is active []

 [19]
Underfull \hbox (badness 10000) in paragraph at lines 11--14
[]\T1/pcr/m/n/9 python run_all.py --config
 []


Underfull \hbox (badness 10000) in paragraph at lines 11--14
\T1/pcr/m/n/9 python plot_figures.py --input
 []


Underfull \hbox (badness 10000) in paragraph at lines 11--14
\T1/pcr/m/n/9 python make_tables.py --input
 []


Underfull \hbox (badness 10000) in paragraph at lines 11--14
\T1/pcr/m/n/9 results/main.json --out
 []


Underfull \hbox (badness 5345) in paragraph at lines 42--42
[]|\T1/ptm/m/n/9 single source of truth
 []


Underfull \hbox (badness 10000) in paragraph at lines 42--42
\T1/ptm/m/n/9 for the equa-tions of
 []


Underfull \hbox (badness 4242) in paragraph at lines 42--42
\T1/ptm/m/n/9 ź[]V[]: equiv-o-ca-tion floor,
 []


Underfull \hbox (badness 2418) in paragraph at lines 42--42
\T1/ptm/m/n/9 mit-tee; on equiv-o-ca-tion
 []


Underfull \hbox (badness 6542) in paragraph at lines 42--42
\T1/ptm/m/n/9 emits a gen-uine, ver-
 []


Underfull \hbox (badness 8000) in paragraph at lines 42--42
\T1/ptm/m/n/9 i-fi-able ev-i-dence ob-ject
 []


Underfull \hbox (badness 10000) in paragraph at lines 42--42
[]|\T1/ptm/m/n/9 Monte-Carlo quo-rum
 []


Underfull \hbox (badness 4846) in paragraph at lines 42--42
\T1/ptm/m/it/9 sures $\OML/cmm/m/it/9 T[]$\T1/ptm/m/n/9 /$\OML/cmm/m/it/9 T[]$ 
\T1/ptm/m/n/9 from
 []


Underfull \hbox (badness 10000) in paragraph at lines 42--42
\T1/ptm/m/n/9 an accountability-gating
 []


Underfull \hbox (badness 3895) in paragraph at lines 42--42
[]|\T1/ptm/m/n/9 runnable \T1/ptm/m/sc/9 Pay-ToE-quiv-
 []


Underfull \hbox (badness 4416) in paragraph at lines 42--42
\T1/ptm/m/n/9 on a valid proof, re-
 []


Underfull \hbox (badness 10000) in paragraph at lines 42--42
[]|\T1/ptm/m/n/9 epoch-boundary model:
 []


Underfull \hbox (badness 10000) in paragraph at lines 42--42
[]|\T1/ptm/m/n/9 documented-parameter
 []


Underfull \hbox (badness 2521) in paragraph at lines 42--42
[]|\T1/ptm/m/n/9 read-only col-lec-tors for
 []


Underfull \hbox (badness 10000) in paragraph at lines 42--42
[]|\T1/ptm/m/n/9 driver: self-validates,
 []


Underfull \hbox (badness 10000) in paragraph at lines 42--42
\T1/ptm/m/n/9 then runs ev-ery
 []


Underfull \hbox (badness 10000) in paragraph at lines 42--42
\T1/ptm/m/n/9 ex-per-i-ment into one
 []


Underfull \hbox (badness 3954) in paragraph at lines 45--51
[]\T1/ptm/m/n/10 The live mea-sure-ment of ź[]X[] is a \T1/ptm/m/it/10 sep-a-ra
te, read-
 []


Underfull \hbox (badness 5592) in paragraph at lines 45--51
\T1/ptm/m/it/10 only \T1/ptm/m/n/10 step driven by \T1/pcr/m/n/10 collect_*.py\
T1/ptm/m/n/10 : each col-lec-tor
 []


Underfull \hbox (badness 4001) in paragraph at lines 45--51
\T1/ptm/m/n/10 fetches already-public on-chain data (his-tor-i-cal double-
 []


Underfull \hbox (badness 6380) in paragraph at lines 45--51
\T1/ptm/m/n/10 sign slashes, or-di-nary bridge fills) over pub-lic end-
 []


Underfull \hbox (badness 10000) in paragraph at lines 69--80
[]\T1/ptm/m/n/10 Under car-ry-over, $\OML/cmm/m/it/10 p[]\OT1/cmr/m/n/10 (\OML/
cmm/m/it/10 a\OT1/cmr/m/n/10 ) =
 []


Underfull \hbox (badness 1721) in paragraph at lines 69--80
[]\OT1/cmr/m/n/10 [\OML/cmm/m/it/10 T[] < T[] \OT1/cmr/m/n/10 + \OML/cmm/m/it/1
0 H[]\OT1/cmr/m/n/10 (\OML/cmm/m/it/10 a\OT1/cmr/m/n/10 )]$ \T1/ptm/m/n/10 from
 Eq. []. Since
 []


Underfull \hbox (badness 2503) in paragraph at lines 69--80
\T1/ptm/m/n/10 in $\OML/cmm/m/it/10 a$\T1/ptm/m/n/10 , $\OML/cmm/m/it/10 p[]\OT
1/cmr/m/n/10 (\OML/cmm/m/it/10 a\OT1/cmr/m/n/10 )$ \T1/ptm/m/n/10 is non-de-cre
as-ing in $\OML/cmm/m/it/10 a$\T1/ptm/m/n/10 . The bribe term
 []


Underfull \hbox (badness 1635) in paragraph at lines 69--80
\T1/ptm/m/n/10 con-trast with the hard-cutoff de-sign is im-me-di-ate from
 []

Package hyperref Info: bookmark level for unknown lstlisting defaults to 0 on i
nput line 88.
[20]) (main.bbl
Underfull \hbox (badness 1831) in paragraph at lines 136--141
[]\T1/ptm/m/n/8 B. David, B. Ma-gri, C. Matt, J. B. Nielsen, and D. Tschudi,
 []


Underfull \hbox (badness 3735) in paragraph at lines 136--141
\T1/ptm/m/n/8 pp. 683--696, cryp-tol-ogy ePrint Archive, Pa-per 2021/211; DOI
 []


Underfull \hbox (badness 1675) in paragraph at lines 194--198
[]\T1/ptm/m/n/8 R. Sarenche, E. N. Tas, B. Mon-not, C. Schwarz-Schilling, and
 []


Underfull \hbox (badness 1400) in paragraph at lines 200--205
\T1/ptm/m/n/8 bribery-enabled de-layed block pro-duc-tion,'' \T1/ptm/m/it/8 IEE
E Trans-ac-tions on
 []

[21]
Underfull \hbox (badness 2990) in paragraph at lines 229--231
[]\T1/ptm/m/n/8 S. Deb, R. Raynor, and S. Kan-nan, ``STAKESURE: Proof of
 []


Underfull \hbox (badness 1424) in paragraph at lines 314--318
\T1/ptm/m/it/8 Sym-po-sium on Se-cu-rity and Pri-vacy (S&P)\T1/ptm/m/n/8 , 2022
, pp. 198--214,
 []


Underfull \hbox (badness 10000) in paragraph at lines 320--322
[]\T1/ptm/m/n/8 C. Mc-Me-namin, ``SoK: Cross-domain MEV,'' arXiv preprint
 []


Underfull \hbox (badness 2158) in paragraph at lines 329--332
[]\T1/ptm/m/n/8 Ethereum, ``Ethereum con-sen-sus spec-i-fi-ca-tions,'' []$https
 : / / github . com /
 []

)

** Conference Paper **
Before submitting the final camera ready copy, remember to:

 1. Manually equalize the lengths of two columns on the last page
 of your paper;

 2. Ensure that any PostScript and/or PDF output post-processing
 uses only Type 1 fonts and that every step in the generation
 process uses the appropriate paper size.

[22] (main.aux)
 ***********
LaTeX2e <2023-11-01> patch level 1
L3 programming layer <2024-01-04>
 ***********
Package rerunfilecheck Info: File `main.out' has not changed.
(rerunfilecheck)             Checksum: 37EB05DF074E961FC5030DD8836F62A8;5770.
 ) 
Here is how much of TeX's memory you used:
 25242 strings out of 474486
 468644 string characters out of 5743755
 2102542 words of memory out of 5000000
 46788 multiletter control sequences out of 15000+600000
 703266 words of font info for 180 fonts, out of 8000000 for 9000
 1141 hyphenation exceptions out of 8191
 84i,14n,87p,1545b,1979s stack positions out of 10000i,1000n,20000p,200000b,200000s
<C:/Users/mahab/AppData/Local/Programs/MiKTeX/fonts/type1/public/amsfonts/cm/
cmex10.pfb><C:/Users/mahab/AppData/Local/Programs/MiKTeX/fonts/type1/public/ams
fonts/cmextra/cmex9.pfb><C:/Users/mahab/AppData/Local/Programs/MiKTeX/fonts/typ
e1/public/amsfonts/cm/cmmi10.pfb><C:/Users/mahab/AppData/Local/Programs/MiKTeX/
fonts/type1/public/amsfonts/cm/cmmi5.pfb><C:/Users/mahab/AppData/Local/Programs
/MiKTeX/fonts/type1/public/amsfonts/cm/cmmi6.pfb><C:/Users/mahab/AppData/Local/
Programs/MiKTeX/fonts/type1/public/amsfonts/cm/cmmi7.pfb><C:/Users/mahab/AppDat
a/Local/Programs/MiKTeX/fonts/type1/public/amsfonts/cm/cmmi8.pfb><C:/Users/maha
b/AppData/Local/Programs/MiKTeX/fonts/type1/public/amsfonts/cm/cmmi9.pfb><C:/Us
ers/mahab/AppData/Local/Programs/MiKTeX/fonts/type1/public/amsfonts/cm/cmr10.pf
b><C:/Users/mahab/AppData/Local/Programs/MiKTeX/fonts/type1/public/amsfonts/cm/
cmr5.pfb><C:/Users/mahab/AppData/Local/Programs/MiKTeX/fonts/type1/public/amsfo
nts/cm/cmr6.pfb><C:/Users/mahab/AppData/Local/Programs/MiKTeX/fonts/type1/publi
c/amsfonts/cm/cmr7.pfb><C:/Users/mahab/AppData/Local/Programs/MiKTeX/fonts/type
1/public/amsfonts/cm/cmr8.pfb><C:/Users/mahab/AppData/Local/Programs/MiKTeX/fon
ts/type1/public/amsfonts/cm/cmr9.pfb><C:/Users/mahab/AppData/Local/Programs/MiK
TeX/fonts/type1/public/amsfonts/cm/cmsy10.pfb><C:/Users/mahab/AppData/Local/Pro
grams/MiKTeX/fonts/type1/public/amsfonts/cm/cmsy6.pfb><C:/Users/mahab/AppData/L
ocal/Programs/MiKTeX/fonts/type1/public/amsfonts/cm/cmsy7.pfb><C:/Users/mahab/A
ppData/Local/Programs/MiKTeX/fonts/type1/public/amsfonts/cm/cmsy8.pfb><C:/Users
/mahab/AppData/Local/Programs/MiKTeX/fonts/type1/public/amsfonts/cm/cmsy9.pfb><
C:/Users/mahab/AppData/Local/Programs/MiKTeX/fonts/type1/public/amsfonts/symbol
s/msam10.pfb><C:/Users/mahab/AppData/Local/Programs/MiKTeX/fonts/type1/public/a
msfonts/symbols/msbm10.pfb><C:/Users/mahab/AppData/Local/Programs/MiKTeX/fonts/
type1/urw/courier/ucrr8a.pfb><C:/Users/mahab/AppData/Local/Programs/MiKTeX/font
s/type1/urw/times/utmb8a.pfb><C:/Users/mahab/AppData/Local/Programs/MiKTeX/font
s/type1/urw/times/utmbi8a.pfb><C:/Users/mahab/AppData/Local/Programs/MiKTeX/fon
ts/type1/urw/times/utmr8a.pfb><C:/Users/mahab/AppData/Local/Programs/MiKTeX/fon
ts/type1/urw/times/utmri8a.pfb><C:/Users/mahab/AppData/Local/Programs/MiKTeX/fo
nts/type1/urw/zapfding/uzdr.pfb>
Output written on main.pdf (22 pages, 900296 bytes).
PDF statistics:
 1093 PDF objects out of 1200 (max. 8388607)
 235 named destinations out of 1000 (max. 500000)
 319 words of extra memory for PDF output out of 10000 (max. 10000000)

