This is pdfTeX, Version 3.141592653-2.6-1.40.25 (MiKTeX 24.1) (preloaded format=pdflatex 2025.9.18)  15 JUN 2026 09:02
entering extended mode
 restricted \write18 enabled.
 %&-line parsing enabled.
**./paper.tex
(paper.tex
LaTeX2e <2023-11-01> patch level 1
L3 programming layer <2024-01-04>
(C:\Users\mdnay\AppData\Local\Programs\MiKTeX\tex/latex/ieeetran\IEEEtran.cls
Document Class: IEEEtran 2015/08/26 V1.8b by Michael Shell
-- See the "IEEEtran_HOWTO" manual for usage information.
-- http://www.michaelshell.org/tex/ieeetran/
\@IEEEtrantmpdimenA=\dimen140
\@IEEEtrantmpdimenB=\dimen141
\@IEEEtrantmpdimenC=\dimen142
\@IEEEtrantmpcountA=\count187
\@IEEEtrantmpcountB=\count188
\@IEEEtrantmpcountC=\count189
\@IEEEtrantmptoksA=\toks17
LaTeX Font Info:    Trying to load font information for OT1+ptm on input line 5
03.
(C:\Users\mdnay\AppData\Local\Programs\MiKTeX\tex/latex/psnfss\ot1ptm.fd
File: ot1ptm.fd 2001/06/04 font definitions for OT1/ptm.
)
-- Using 8.5in x 11in (letter) paper.
-- Using PDF output.
\@IEEEnormalsizeunitybaselineskip=\dimen143
-- This is a 10 point document.
\CLASSINFOnormalsizebaselineskip=\dimen144
\CLASSINFOnormalsizeunitybaselineskip=\dimen145
\IEEEnormaljot=\dimen146
LaTeX Font Info:    Font shape `OT1/ptm/bx/n' in size <5> not available
(Font)              Font shape `OT1/ptm/b/n' tried instead on input line 1090.
LaTeX Font Info:    Font shape `OT1/ptm/bx/it' in size <5> not available
(Font)              Font shape `OT1/ptm/b/it' tried instead on input line 1090.

LaTeX Font Info:    Font shape `OT1/ptm/bx/n' in size <7> not available
(Font)              Font shape `OT1/ptm/b/n' tried instead on input line 1090.
LaTeX Font Info:    Font shape `OT1/ptm/bx/it' in size <7> not available
(Font)              Font shape `OT1/ptm/b/it' tried instead on input line 1090.

LaTeX Font Info:    Font shape `OT1/ptm/bx/n' in size <8> not available
(Font)              Font shape `OT1/ptm/b/n' tried instead on input line 1090.
LaTeX Font Info:    Font shape `OT1/ptm/bx/it' in size <8> not available
(Font)              Font shape `OT1/ptm/b/it' tried instead on input line 1090.

LaTeX Font Info:    Font shape `OT1/ptm/bx/n' in size <9> not available
(Font)              Font shape `OT1/ptm/b/n' tried instead on input line 1090.
LaTeX Font Info:    Font shape `OT1/ptm/bx/it' in size <9> not available
(Font)              Font shape `OT1/ptm/b/it' tried instead on input line 1090.

LaTeX Font Info:    Font shape `OT1/ptm/bx/n' in size <10> not available
(Font)              Font shape `OT1/ptm/b/n' tried instead on input line 1090.
LaTeX Font Info:    Font shape `OT1/ptm/bx/it' in size <10> not available
(Font)              Font shape `OT1/ptm/b/it' tried instead on input line 1090.

LaTeX Font Info:    Font shape `OT1/ptm/bx/n' in size <11> not available
(Font)              Font shape `OT1/ptm/b/n' tried instead on input line 1090.
LaTeX Font Info:    Font shape `OT1/ptm/bx/it' in size <11> not available
(Font)              Font shape `OT1/ptm/b/it' tried instead on input line 1090.

LaTeX Font Info:    Font shape `OT1/ptm/bx/n' in size <12> not available
(Font)              Font shape `OT1/ptm/b/n' tried instead on input line 1090.
LaTeX Font Info:    Font shape `OT1/ptm/bx/it' in size <12> not available
(Font)              Font shape `OT1/ptm/b/it' tried instead on input line 1090.

LaTeX Font Info:    Font shape `OT1/ptm/bx/n' in size <17> not available
(Font)              Font shape `OT1/ptm/b/n' tried instead on input line 1090.
LaTeX Font Info:    Font shape `OT1/ptm/bx/it' in size <17> not available
(Font)              Font shape `OT1/ptm/b/it' tried instead on input line 1090.

LaTeX Font Info:    Font shape `OT1/ptm/bx/n' in size <20> not available
(Font)              Font shape `OT1/ptm/b/n' tried instead on input line 1090.
LaTeX Font Info:    Font shape `OT1/ptm/bx/it' in size <20> not available
(Font)              Font shape `OT1/ptm/b/it' tried instead on input line 1090.

LaTeX Font Info:    Font shape `OT1/ptm/bx/n' in size <24> not available
(Font)              Font shape `OT1/ptm/b/n' tried instead on input line 1090.
LaTeX Font Info:    Font shape `OT1/ptm/bx/it' in size <24> not available
(Font)              Font shape `OT1/ptm/b/it' tried instead on input line 1090.

\IEEEquantizedlength=\dimen147
\IEEEquantizedlengthdiff=\dimen148
\IEEEquantizedtextheightdiff=\dimen149
\IEEEilabelindentA=\dimen150
\IEEEilabelindentB=\dimen151
\IEEEilabelindent=\dimen152
\IEEEelabelindent=\dimen153
\IEEEdlabelindent=\dimen154
\IEEElabelindent=\dimen155
\IEEEiednormlabelsep=\dimen156
\IEEEiedmathlabelsep=\dimen157
\IEEEiedtopsep=\skip48
\c@section=\count190
\c@subsection=\count191
\c@subsubsection=\count192
\c@paragraph=\count193
\c@IEEEsubequation=\count194
\abovecaptionskip=\skip49
\belowcaptionskip=\skip50
\c@figure=\count195
\c@table=\count196
\@IEEEeqnnumcols=\count197
\@IEEEeqncolcnt=\count198
\@IEEEsubeqnnumrollback=\count199
\@IEEEquantizeheightA=\dimen158
\@IEEEquantizeheightB=\dimen159
\@IEEEquantizeheightC=\dimen160
\@IEEEquantizeprevdepth=\dimen161
\@IEEEquantizemultiple=\count266
\@IEEEquantizeboxA=\box51
\@IEEEtmpitemindent=\dimen162
\IEEEPARstartletwidth=\dimen163
\c@IEEEbiography=\count267
\@IEEEtranrubishbin=\box52
)
** ATTENTION: Overriding command lockouts (line 10).
(common-preamble.tex
(C:\Users\mdnay\AppData\Local\Programs\MiKTeX\tex/latex/base\fontenc.sty
Package: fontenc 2021/04/29 v2.0v Standard LaTeX package
LaTeX Font Info:    Trying to load font information for T1+ptm on input line 11
2.

(C:\Users\mdnay\AppData\Local\Programs\MiKTeX\tex/latex/psnfss\t1ptm.fd
File: t1ptm.fd 2001/06/04 font definitions for T1/ptm.
))
(C:\Users\mdnay\AppData\Local\Programs\MiKTeX\tex/latex/base\inputenc.sty
Package: inputenc 2021/02/14 v1.3d Input encoding file
\inpenc@prehook=\toks18
\inpenc@posthook=\toks19
)
(C:\Users\mdnay\AppData\Local\Programs\MiKTeX\tex/latex/amsmath\amsmath.sty
Package: amsmath 2023/05/13 v2.17o AMS math features
\@mathmargin=\skip51

For additional information on amsmath, use the `?' option.
(C:\Users\mdnay\AppData\Local\Programs\MiKTeX\tex/latex/amsmath\amstext.sty
Package: amstext 2021/08/26 v2.01 AMS text

(C:\Users\mdnay\AppData\Local\Programs\MiKTeX\tex/latex/amsmath\amsgen.sty
File: amsgen.sty 1999/11/30 v2.0 generic functions
\@emptytoks=\toks20
\ex@=\dimen164
))
(C:\Users\mdnay\AppData\Local\Programs\MiKTeX\tex/latex/amsmath\amsbsy.sty
Package: amsbsy 1999/11/29 v1.2d Bold Symbols
\pmbraise@=\dimen165
)
(C:\Users\mdnay\AppData\Local\Programs\MiKTeX\tex/latex/amsmath\amsopn.sty
Package: amsopn 2022/04/08 v2.04 operator names
)
\inf@bad=\count268
LaTeX Info: Redefining \frac on input line 234.
\uproot@=\count269
\leftroot@=\count270
LaTeX Info: Redefining \overline on input line 399.
LaTeX Info: Redefining \colon on input line 410.
\classnum@=\count271
\DOTSCASE@=\count272
LaTeX Info: Redefining \ldots on input line 496.
LaTeX Info: Redefining \dots on input line 499.
LaTeX Info: Redefining \cdots on input line 620.
\Mathstrutbox@=\box53
\strutbox@=\box54
LaTeX Info: Redefining \big on input line 722.
LaTeX Info: Redefining \Big on input line 723.
LaTeX Info: Redefining \bigg on input line 724.
LaTeX Info: Redefining \Bigg on input line 725.
\big@size=\dimen166
LaTeX Font Info:    Redeclaring font encoding OML on input line 743.
LaTeX Font Info:    Redeclaring font encoding OMS on input line 744.
\macc@depth=\count273
LaTeX Info: Redefining \bmod on input line 905.
LaTeX Info: Redefining \pmod on input line 910.
LaTeX Info: Redefining \smash on input line 940.
LaTeX Info: Redefining \relbar on input line 970.
LaTeX Info: Redefining \Relbar on input line 971.
\c@MaxMatrixCols=\count274
\dotsspace@=\muskip16
\c@parentequation=\count275
\dspbrk@lvl=\count276
\tag@help=\toks21
\row@=\count277
\column@=\count278
\maxfields@=\count279
\andhelp@=\toks22
\eqnshift@=\dimen167
\alignsep@=\dimen168
\tagshift@=\dimen169
\tagwidth@=\dimen170
\totwidth@=\dimen171
\lineht@=\dimen172
\@envbody=\toks23
\multlinegap=\skip52
\multlinetaggap=\skip53
\mathdisplay@stack=\toks24
LaTeX Info: Redefining \[ on input line 2953.
LaTeX Info: Redefining \] on input line 2954.
)
(C:\Users\mdnay\AppData\Local\Programs\MiKTeX\tex/latex/amsfonts\amssymb.sty
Package: amssymb 2013/01/14 v3.01 AMS font symbols

(C:\Users\mdnay\AppData\Local\Programs\MiKTeX\tex/latex/amsfonts\amsfonts.sty
Package: amsfonts 2013/01/14 v3.01 Basic AMSFonts support
\symAMSa=\mathgroup4
\symAMSb=\mathgroup5
LaTeX Font Info:    Redeclaring math symbol \hbar on input line 98.
LaTeX Font Info:    Overwriting math alphabet `\mathfrak' in version `bold'
(Font)                  U/euf/m/n --> U/euf/b/n on input line 106.
)) (C:\Users\mdnay\AppData\Local\Programs\MiKTeX\tex/latex/amscls\amsthm.sty
Package: amsthm 2020/05/29 v2.20.6
\thm@style=\toks25
\thm@bodyfont=\toks26
\thm@headfont=\toks27
\thm@notefont=\toks28
\thm@headpunct=\toks29
\thm@preskip=\skip54
\thm@postskip=\skip55
\thm@headsep=\skip56
\dth@everypar=\toks30
)
(C:\Users\mdnay\AppData\Local\Programs\MiKTeX\tex/latex/booktabs\booktabs.sty
Package: booktabs 2020/01/12 v1.61803398 Publication quality tables
\heavyrulewidth=\dimen173
\lightrulewidth=\dimen174
\cmidrulewidth=\dimen175
\belowrulesep=\dimen176
\belowbottomsep=\dimen177
\aboverulesep=\dimen178
\abovetopsep=\dimen179
\cmidrulesep=\dimen180
\cmidrulekern=\dimen181
\defaultaddspace=\dimen182
\@cmidla=\count280
\@cmidlb=\count281
\@aboverulesep=\dimen183
\@belowrulesep=\dimen184
\@thisruleclass=\count282
\@lastruleclass=\count283
\@thisrulewidth=\dimen185
)
(C:\Users\mdnay\AppData\Local\Programs\MiKTeX\tex/latex/tools\array.sty
Package: array 2023/10/16 v2.5g Tabular extension package (FMi)
\col@sep=\dimen186
\ar@mcellbox=\box55
\extrarowheight=\dimen187
\NC@list=\toks31
\extratabsurround=\skip57
\backup@length=\skip58
\ar@cellbox=\box56
)
(C:\Users\mdnay\AppData\Local\Programs\MiKTeX\tex/latex/multirow\multirow.sty
Package: multirow 2024/11/12 v2.9 Span multiple rows of a table
\multirow@colwidth=\skip59
\multirow@cntb=\count284
\multirow@dima=\skip60
\bigstrutjot=\dimen188
)
(C:\Users\mdnay\AppData\Local\Programs\MiKTeX\tex/latex/graphics\graphicx.sty
Package: graphicx 2021/09/16 v1.2d Enhanced LaTeX Graphics (DPC,SPQR)

(C:\Users\mdnay\AppData\Local\Programs\MiKTeX\tex/latex/graphics\keyval.sty
Package: keyval 2022/05/29 v1.15 key=value parser (DPC)
\KV@toks@=\toks32
)
(C:\Users\mdnay\AppData\Local\Programs\MiKTeX\tex/latex/graphics\graphics.sty
Package: graphics 2022/03/10 v1.4e Standard LaTeX Graphics (DPC,SPQR)

(C:\Users\mdnay\AppData\Local\Programs\MiKTeX\tex/latex/graphics\trig.sty
Package: trig 2021/08/11 v1.11 sin cos tan (DPC)
)
(C:\Users\mdnay\AppData\Local\Programs\MiKTeX\tex/latex/graphics-cfg\graphics.c
fg
File: graphics.cfg 2016/06/04 v1.11 sample graphics configuration
)
Package graphics Info: Driver file: pdftex.def on input line 107.

(C:\Users\mdnay\AppData\Local\Programs\MiKTeX\tex/latex/graphics-def\pdftex.def
File: pdftex.def 2022/09/22 v1.2b Graphics/color driver for pdftex
))
\Gin@req@height=\dimen189
\Gin@req@width=\dimen190
) (C:\Users\mdnay\AppData\Local\Programs\MiKTeX\tex/latex/xcolor\xcolor.sty
Package: xcolor 2023/11/15 v3.01 LaTeX color extensions (UK)

(C:\Users\mdnay\AppData\Local\Programs\MiKTeX\tex/latex/graphics-cfg\color.cfg
File: color.cfg 2016/01/02 v1.6 sample color configuration
)
Package xcolor Info: Driver file: pdftex.def on input line 274.
(C:\Users\mdnay\AppData\Local\Programs\MiKTeX\tex/latex/graphics\mathcolor.ltx)
Package xcolor Info: Model `cmy' substituted by `cmy0' on input line 1350.
Package xcolor Info: Model `hsb' substituted by `rgb' on input line 1354.
Package xcolor Info: Model `RGB' extended on input line 1366.
Package xcolor Info: Model `HTML' substituted by `rgb' on input line 1368.
Package xcolor Info: Model `Hsb' substituted by `hsb' on input line 1369.
Package xcolor Info: Model `tHsb' substituted by `hsb' on input line 1370.
Package xcolor Info: Model `HSB' substituted by `hsb' on input line 1371.
Package xcolor Info: Model `Gray' substituted by `gray' on input line 1372.
Package xcolor Info: Model `wave' substituted by `hsb' on input line 1373.
)
(C:\Users\mdnay\AppData\Local\Programs\MiKTeX\tex/latex/algorithms\algorithm.st
y
Package: algorithm 2009/08/24 v0.1 Document Style `algorithm' - floating enviro
nment
 (C:\Users\mdnay\AppData\Local\Programs\MiKTeX\tex/latex/float\float.sty
Package: float 2001/11/08 v1.3d Float enhancements (AL)
\c@float@type=\count285
\float@exts=\toks33
\float@box=\box57
\@float@everytoks=\toks34
\@floatcapt=\box58
)
(C:\Users\mdnay\AppData\Local\Programs\MiKTeX\tex/latex/base\ifthen.sty
Package: ifthen 2022/04/13 v1.1d Standard LaTeX ifthen package (DPC)
)
\@float@every@algorithm=\toks35
\c@algorithm=\count286
)
(C:\Users\mdnay\AppData\Local\Programs\MiKTeX\tex/latex/algorithmicx\algpseudoc
ode.sty
Package: algpseudocode 

(C:\Users\mdnay\AppData\Local\Programs\MiKTeX\tex/latex/algorithmicx\algorithmi
cx.sty
Package: algorithmicx 2005/04/27 v1.2 Algorithmicx

Document Style algorithmicx 1.2 - a greatly improved `algorithmic' style
\c@ALG@line=\count287
\c@ALG@rem=\count288
\c@ALG@nested=\count289
\ALG@tlm=\skip61
\ALG@thistlm=\skip62
\c@ALG@Lnr=\count290
\c@ALG@blocknr=\count291
\c@ALG@storecount=\count292
\c@ALG@tmpcounter=\count293
\ALG@tmplength=\skip63
)
Document Style - pseudocode environments for use with the `algorithmicx' style
) (C:\Users\mdnay\AppData\Local\Programs\MiKTeX\tex/latex/listings\listings.sty
\lst@mode=\count294
\lst@gtempboxa=\box59
\lst@token=\toks36
\lst@length=\count295
\lst@currlwidth=\dimen191
\lst@column=\count296
\lst@pos=\count297
\lst@lostspace=\dimen192
\lst@width=\dimen193
\lst@newlines=\count298
\lst@lineno=\count299
\lst@maxwidth=\dimen194
(C:\Users\mdnay\AppData\Local\Programs\MiKTeX\tex/latex/listings\lstmisc.sty
File: lstmisc.sty 2023/02/27 1.9 (Carsten Heinz)
\c@lstnumber=\count300
\lst@skipnumbers=\count301
\lst@framebox=\box60
)
(C:\Users\mdnay\AppData\Local\Programs\MiKTeX\tex/latex/listings\listings.cfg
File: listings.cfg 2023/02/27 1.9 listings configuration
))
Package: listings 2023/02/27 1.9 (Carsten Heinz)
(C:\Users\mdnay\AppData\Local\Programs\MiKTeX\tex/latex/tools\tabularx.sty
Package: tabularx 2023/07/08 v2.11c `tabularx' package (DPC)
\TX@col@width=\dimen195
\TX@old@table=\dimen196
\TX@old@col=\dimen197
\TX@target=\dimen198
\TX@delta=\dimen199
\TX@cols=\count302
\TX@ftn=\toks37
)
(C:\Users\mdnay\AppData\Local\Programs\MiKTeX\tex/latex/url\url.sty
\Urlmuskip=\muskip17
Package: url 2013/09/16  ver 3.4  Verb mode for urls, etc.
)
(C:\Users\mdnay\AppData\Local\Programs\MiKTeX\tex/latex/hyperref\hyperref.sty
Package: hyperref 2023-11-26 v7.01g Hypertext links for LaTeX

(C:\Users\mdnay\AppData\Local\Programs\MiKTeX\tex/generic/iftex\iftex.sty
Package: iftex 2022/02/03 v1.0f TeX engine tests
)
(C:\Users\mdnay\AppData\Local\Programs\MiKTeX\tex/generic/infwarerr\infwarerr.s
ty
Package: infwarerr 2019/12/03 v1.5 Providing info/warning/error messages (HO)
)
(C:\Users\mdnay\AppData\Local\Programs\MiKTeX\tex/latex/kvsetkeys\kvsetkeys.sty
Package: kvsetkeys 2022-10-05 v1.19 Key value parser (HO)
)
(C:\Users\mdnay\AppData\Local\Programs\MiKTeX\tex/generic/kvdefinekeys\kvdefine
keys.sty
Package: kvdefinekeys 2019-12-19 v1.6 Define keys (HO)
)
(C:\Users\mdnay\AppData\Local\Programs\MiKTeX\tex/generic/pdfescape\pdfescape.s
ty
Package: pdfescape 2019/12/09 v1.15 Implements pdfTeX's escape features (HO)

(C:\Users\mdnay\AppData\Local\Programs\MiKTeX\tex/generic/ltxcmds\ltxcmds.sty
Package: ltxcmds 2023-12-04 v1.26 LaTeX kernel commands for general use (HO)
)
(C:\Users\mdnay\AppData\Local\Programs\MiKTeX\tex/generic/pdftexcmds\pdftexcmds
.sty
Package: pdftexcmds 2020-06-27 v0.33 Utility functions of pdfTeX for LuaTeX (HO
)
Package pdftexcmds Info: \pdf@primitive is available.
Package pdftexcmds Info: \pdf@ifprimitive is available.
Package pdftexcmds Info: \pdfdraftmode found.
))
(C:\Users\mdnay\AppData\Local\Programs\MiKTeX\tex/latex/hycolor\hycolor.sty
Package: hycolor 2020-01-27 v1.10 Color options for hyperref/bookmark (HO)
)
(C:\Users\mdnay\AppData\Local\Programs\MiKTeX\tex/latex/letltxmacro\letltxmacro
.sty
Package: letltxmacro 2019/12/03 v1.6 Let assignment for LaTeX macros (HO)
)
(C:\Users\mdnay\AppData\Local\Programs\MiKTeX\tex/latex/auxhook\auxhook.sty
Package: auxhook 2019-12-17 v1.6 Hooks for auxiliary files (HO)
)
(C:\Users\mdnay\AppData\Local\Programs\MiKTeX\tex/latex/hyperref\nameref.sty
Package: nameref 2023-11-26 v2.56 Cross-referencing by name of section

(C:\Users\mdnay\AppData\Local\Programs\MiKTeX\tex/latex/refcount\refcount.sty
Package: refcount 2019/12/15 v3.6 Data extraction from label references (HO)
)
(C:\Users\mdnay\AppData\Local\Programs\MiKTeX\tex/generic/gettitlestring\gettit
lestring.sty
Package: gettitlestring 2019/12/15 v1.6 Cleanup title references (HO)

(C:\Users\mdnay\AppData\Local\Programs\MiKTeX\tex/latex/kvoptions\kvoptions.sty
Package: kvoptions 2022-06-15 v3.15 Key value format for package options (HO)
))
\c@section@level=\count303
)
(C:\Users\mdnay\AppData\Local\Programs\MiKTeX\tex/latex/etoolbox\etoolbox.sty
Package: etoolbox 2020/10/05 v2.5k e-TeX tools for LaTeX (JAW)
\etb@tempcnta=\count304
)
\@linkdim=\dimen256
\Hy@linkcounter=\count305
\Hy@pagecounter=\count306

(C:\Users\mdnay\AppData\Local\Programs\MiKTeX\tex/latex/hyperref\pd1enc.def
File: pd1enc.def 2023-11-26 v7.01g Hyperref: PDFDocEncoding definition (HO)
Now handling font encoding PD1 ...
... no UTF-8 mapping file for font encoding PD1
)
(C:\Users\mdnay\AppData\Local\Programs\MiKTeX\tex/generic/intcalc\intcalc.sty
Package: intcalc 2019/12/15 v1.3 Expandable calculations with integers (HO)
)
\Hy@SavedSpaceFactor=\count307

(C:\Users\mdnay\AppData\Local\Programs\MiKTeX\tex/latex/hyperref\puenc.def
File: puenc.def 2023-11-26 v7.01g Hyperref: PDF Unicode definition (HO)
Now handling font encoding PU ...
... no UTF-8 mapping file for font encoding PU
)
Package hyperref Info: Hyper figures OFF on input line 4181.
Package hyperref Info: Link nesting OFF on input line 4186.
Package hyperref Info: Hyper index ON on input line 4189.
Package hyperref Info: Plain pages OFF on input line 4196.
Package hyperref Info: Backreferencing OFF on input line 4201.
Package hyperref Info: Implicit mode ON; LaTeX internals redefined.
Package hyperref Info: Bookmarks ON on input line 4448.
\c@Hy@tempcnt=\count308
LaTeX Info: Redefining \url on input line 4786.
\XeTeXLinkMargin=\dimen257

(C:\Users\mdnay\AppData\Local\Programs\MiKTeX\tex/generic/bitset\bitset.sty
Package: bitset 2019/12/09 v1.3 Handle bit-vector datatype (HO)

(C:\Users\mdnay\AppData\Local\Programs\MiKTeX\tex/generic/bigintcalc\bigintcalc
.sty
Package: bigintcalc 2019/12/15 v1.5 Expandable calculations on big integers (HO
)
))
\Fld@menulength=\count309
\Field@Width=\dimen258
\Fld@charsize=\dimen259
Package hyperref Info: Hyper figures OFF on input line 6065.
Package hyperref Info: Link nesting OFF on input line 6070.
Package hyperref Info: Hyper index ON on input line 6073.
Package hyperref Info: backreferencing OFF on input line 6080.
Package hyperref Info: Link coloring OFF on input line 6085.
Package hyperref Info: Link coloring with OCG OFF on input line 6090.
Package hyperref Info: PDF/A mode OFF on input line 6095.

(C:\Users\mdnay\AppData\Local\Programs\MiKTeX\tex/latex/base\atbegshi-ltx.sty
Package: atbegshi-ltx 2021/01/10 v1.0c Emulation of the original atbegshi
package with kernel methods
)
\Hy@abspage=\count310
\c@Item=\count311
\c@Hfootnote=\count312
)
Package hyperref Info: Driver (autodetected): hpdftex.
(C:\Users\mdnay\AppData\Local\Programs\MiKTeX\tex/latex/hyperref\hpdftex.def
File: hpdftex.def 2023-11-26 v7.01g Hyperref driver for pdfTeX

(C:\Users\mdnay\AppData\Local\Programs\MiKTeX\tex/latex/base\atveryend-ltx.sty
Package: atveryend-ltx 2020/08/19 v1.0a Emulation of the original atveryend pac
kage
with kernel methods
)
\Fld@listcount=\count313
\c@bookmark@seq@number=\count314

(C:\Users\mdnay\AppData\Local\Programs\MiKTeX\tex/latex/rerunfilecheck\rerunfil
echeck.sty
Package: rerunfilecheck 2025-06-21 v1.11 Rerun checks for auxiliary files (HO)

(C:\Users\mdnay\AppData\Local\Programs\MiKTeX\tex/generic/uniquecounter\uniquec
ounter.sty
Package: uniquecounter 2019/12/15 v1.4 Provide unlimited unique counter (HO)
)
Package uniquecounter Info: New unique counter `rerunfilecheck' on input line 2
84.
)
\Hy@SectionHShift=\skip64
)
\c@lemma=\count315
\c@proposition=\count316
\c@corollary=\count317
\c@definition=\count318
\c@assumption=\count319
\c@counterexample=\count320
 (../Section/_generated/tab_summary.tex))
(C:\Users\mdnay\AppData\Local\Programs\MiKTeX\tex/latex/l3backend\l3backend-pdf
tex.def
File: l3backend-pdftex.def 2024-01-04 L3 backend support: PDF output (pdfTeX)
\l__color_backend_stack_int=\count321
\l__pdf_internal_box=\box61
) (paper.aux)
\openout1 = `paper.aux'.

LaTeX Font Info:    Checking defaults for OML/cmm/m/it on input line 14.
LaTeX Font Info:    ... okay on input line 14.
LaTeX Font Info:    Checking defaults for OMS/cmsy/m/n on input line 14.
LaTeX Font Info:    ... okay on input line 14.
LaTeX Font Info:    Checking defaults for OT1/cmr/m/n on input line 14.
LaTeX Font Info:    ... okay on input line 14.
LaTeX Font Info:    Checking defaults for T1/cmr/m/n on input line 14.
LaTeX Font Info:    ... okay on input line 14.
LaTeX Font Info:    Checking defaults for TS1/cmr/m/n on input line 14.
LaTeX Font Info:    ... okay on input line 14.
LaTeX Font Info:    Checking defaults for OMX/cmex/m/n on input line 14.
LaTeX Font Info:    ... okay on input line 14.
LaTeX Font Info:    Checking defaults for U/cmr/m/n on input line 14.
LaTeX Font Info:    ... okay on input line 14.
LaTeX Font Info:    Checking defaults for PD1/pdf/m/n on input line 14.
LaTeX Font Info:    ... okay on input line 14.
LaTeX Font Info:    Checking defaults for PU/pdf/m/n on input line 14.
LaTeX Font Info:    ... okay on input line 14.

-- Lines per column: 56 (exact).

(C:\Users\mdnay\AppData\Local\Programs\MiKTeX\tex/context/base/mkii\supp-pdf.mk
ii
[Loading MPS to PDF converter (version 2006.09.02).]
\scratchcounter=\count322
\scratchdimen=\dimen260
\scratchbox=\box62
\nofMPsegments=\count323
\nofMParguments=\count324
\everyMPshowfont=\toks38
\MPscratchCnt=\count325
\MPscratchDim=\dimen261
\MPnumerator=\count326
\makeMPintoPDFobject=\count327
\everyMPtoPDFconversion=\toks39
)
(C:\Users\mdnay\AppData\Local\Programs\MiKTeX\tex/latex/epstopdf-pkg\epstopdf-b
ase.sty
Package: epstopdf-base 2020-01-24 v2.11 Base part for package epstopdf
Package epstopdf-base Info: Redefining graphics rule for `.eps' on input line 4
85.

(C:\Users\mdnay\AppData\Local\Programs\MiKTeX\tex/latex/00miktex\epstopdf-sys.c
fg
File: epstopdf-sys.cfg 2021/03/18 v2.0 Configuration of epstopdf for MiKTeX
))
\c@lstlisting=\count328
Package hyperref Info: Link coloring OFF on input line 14.
 (paper.out) (paper.out)
\@outlinefile=\write3
\openout3 = `paper.out'.

 (body.tex (../Section/abstract.tex
LaTeX Font Info:    Trying to load font information for U+msa on input line 11.


(C:\Users\mdnay\AppData\Local\Programs\MiKTeX\tex/latex/amsfonts\umsa.fd
File: umsa.fd 2013/01/14 v3.01 AMS symbols A
)
LaTeX Font Info:    Trying to load font information for U+msb on input line 11.


(C:\Users\mdnay\AppData\Local\Programs\MiKTeX\tex/latex/amsfonts\umsb.fd
File: umsb.fd 2013/01/14 v3.01 AMS symbols B
))
(../Section/introduction.tex
Underfull \vbox (badness 10000) has occurred while \output is active []


Underfull \vbox (badness 2020) has occurred while \output is active []

 [1{C:/Users/mdnay/AppData/Local/MiKTeX/fonts/map/pdftex/pdftex.map}{C:/Users/m
dnay/AppData/Local/Programs/MiKTeX/fonts/enc/dvips/base/8r.enc}


])
(../Section/motivation.tex
Underfull \hbox (badness 2617) in paragraph at lines 5--11
 \T1/ptm/m/it/10 a) What ``sub-threshold'' means.: [][] \T1/ptm/m/n/10 Through-
out, \T1/ptm/m/it/10 sub-
 []

[2]) (../Section/related_work.tex
Underfull \hbox (badness 10000) in paragraph at lines 43--55
 \T1/ptm/m/it/10 d) Cross-shard, cross-chain, and settlement-before-
 []


Underfull \hbox (badness 2302) in paragraph at lines 43--55
\T1/ptm/m/n/10 com-mit-tee. Miner/maximal-extractable-value re-search [[]]
 []

[3]
Underfull \hbox (badness 3977) in paragraph at lines 96--96
[]|\T1/ptm/m/n/9 Trustless, safety (not live-ness),
 []

) (../Section/threat_model.tex) (../Section/methodology.tex [4]
Underfull \hbox (badness 2269) in paragraph at lines 84--89
[]\T1/ptm/m/n/10 Under As-sump-tion []1[], val-ida-tor $\OML/cmm/m/it/10 i$ \T1
/ptm/m/n/10 equiv-o-cates iff the
 []


Underfull \hbox (badness 3815) in paragraph at lines 84--89
\T1/ptm/m/n/10 bribe cov-ers its ex-pected loss. Equiv-o-ca-tion is max-i-
 []


Underfull \hbox (badness 1762) in paragraph at lines 84--89
\T1/ptm/m/n/10 mally ac-count-able (As-sump-tion []2[]): if the proof is en-
 []


Underfull \hbox (badness 1789) in paragraph at lines 84--89
\T1/ptm/m/n/10 stake $\OML/cmm/m/it/10 s[]$ \T1/ptm/m/n/10 and for-feits con-ti
n-u-a-tion value $\OML/cmm/m/it/10 R[]$\T1/ptm/m/n/10 . Let $\OML/cmm/m/it/10 q
 \OT1/cmr/m/n/10 =
 []

[5]
<../artifact/figures/fig1_attack_flow.pdf, id=342, 202.08499pt x 237.04561pt>
File: ../artifact/figures/fig1_attack_flow.pdf Graphic file (type pdf)
<use ../artifact/figures/fig1_attack_flow.pdf>
Package pdftex.def Info: ../artifact/figures/fig1_attack_flow.pdf  used on inpu
t line 204.
(pdftex.def)             Requested size: 216.72015pt x 254.21861pt.
Package hyperref Info: bookmark level for unknown algorithm defaults to 0 on in
put line 211.

Underfull \hbox (badness 2460) in paragraph at lines 224--225
[]\T1/ptm/m/n/10 On branch $\OML/cmm/m/it/10 b[]$\T1/ptm/m/n/10 , sub-mit the c
ross-shard re-ceipt that
 []

) (../Section/reconfiguration.tex [6] [7 <../artifact/figures/fig1_attack_flow.
pdf>]
Underfull \hbox (badness 10000) in paragraph at lines 109--109
\T1/ptm/m/n/9 un-in-cluded txns
 []


Underfull \hbox (badness 10000) in paragraph at lines 109--109
[]|\T1/ptm/m/n/9 Last-block at-tack
 []


Underfull \hbox (badness 10000) in paragraph at lines 109--109
\T1/ptm/m/n/9 weak un-less the
 []


Underfull \hbox (badness 10000) in paragraph at lines 109--109
\T1/ptm/m/n/9 ma-li-cious tx was
 []


Underfull \hbox (badness 10000) in paragraph at lines 109--109
[]|\T1/ptm/m/n/9 Value-bearing
 []


Underfull \hbox (badness 10000) in paragraph at lines 109--109
\T1/ptm/m/n/9 ar-ti-facts can-not
 []


Underfull \hbox (badness 10000) in paragraph at lines 109--109
\T1/ptm/m/n/9 ex-e-cute af-ter the
 []


Underfull \hbox (badness 10000) in paragraph at lines 109--109
[]|\T1/ptm/m/n/9 Protocol stops
 []


Underfull \hbox (badness 10000) in paragraph at lines 109--109
\T1/ptm/m/n/9 shard txns and
 []


Underfull \hbox (badness 10000) in paragraph at lines 109--109
\T1/ptm/m/n/9 fin-ishes pend-ing
 []


Underfull \hbox (badness 10000) in paragraph at lines 109--109
[]|\T1/ptm/m/n/9 Old-epoch
 []


Underfull \hbox (badness 10000) in paragraph at lines 109--109
\T1/ptm/m/n/9 re-ceipt-s/out-box
 []


Underfull \hbox (badness 6380) in paragraph at lines 109--109
\T1/ptm/m/n/9 im-ported in epoch
 []


Underfull \hbox (badness 10000) in paragraph at lines 109--109
\T1/ptm/m/n/9 and ex-e-cutes next
 []


Underfull \hbox (badness 10000) in paragraph at lines 109--109
[]|\T1/ptm/m/n/9 Import is
 []


Underfull \hbox (badness 10000) in paragraph at lines 109--109
\T1/ptm/m/n/9 accountability-gated
 []


Underfull \hbox (badness 10000) in paragraph at lines 109--109
[]|\T1/ptm/m/n/9 Imported
 []


Underfull \hbox (badness 10000) in paragraph at lines 109--109
\T1/ptm/m/n/9 re-ceipts ex-e-cuted
 []


Underfull \hbox (badness 10000) in paragraph at lines 109--109
\T1/ptm/m/n/9 im-me-di-ately on
 []


Underfull \hbox (badness 2617) in paragraph at lines 109--109
\T1/ptm/m/n/9 the new com-mit-tee
 []


Underfull \hbox (badness 10000) in paragraph at lines 109--109
[]|\T1/ptm/m/n/9 New com-mit-tee
 []


Underfull \hbox (badness 10000) in paragraph at lines 109--109
\T1/ptm/m/n/9 re-ject-s/quar-an-tines
 []


Underfull \hbox (badness 10000) in paragraph at lines 109--109
\T1/ptm/m/n/9 con-flict-ing old
 []


Underfull \hbox (badness 10000) in paragraph at lines 109--109
[]|\T1/ptm/m/n/9 New com-mit-tee
 []


Underfull \hbox (badness 10000) in paragraph at lines 109--109
\T1/ptm/m/n/9 head-ers, re-ceipt
 []


Underfull \hbox (badness 10000) in paragraph at lines 109--109
\T1/ptm/m/n/9 roots, as-sign-ments,
 []


Underfull \hbox (badness 10000) in paragraph at lines 109--109
[]|\T1/ptm/m/n/9 Preserves
 []


Underfull \hbox (badness 10000) in paragraph at lines 109--109
[]|\T1/ptm/m/n/9 Beacon quar-an-tines
 []


Underfull \hbox (badness 10000) in paragraph at lines 109--109
[]|\T1/ptm/m/n/9 Validators ro-tate
 []


Underfull \hbox (badness 10000) in paragraph at lines 109--109
[]|\T1/ptm/m/n/9 No cut-off,
 []


Underfull \hbox (badness 10000) in paragraph at lines 109--109
\T1/ptm/m/n/9 but at-tacker
 []


Underfull \hbox (badness 10000) in paragraph at lines 109--109
\T1/ptm/m/n/9 op-ti-mizes $\OML/cmm/m/it/9 a$ \T1/ptm/m/n/9 via
 []


Underfull \hbox (badness 10000) in paragraph at lines 109--109
[]|\T1/ptm/m/n/9 Old-epoch ar-ti-facts
 []


Underfull \hbox (badness 1867) in paragraph at lines 109--109
[]|\T1/ptm/m/n/9 Some ar-ti-facts ex-e-
 []

<../artifact/figures/fig5_reconf_fsm.pdf, id=398, 202.08499pt x 175.8329pt>
File: ../artifact/figures/fig5_reconf_fsm.pdf Graphic file (type pdf)
<use ../artifact/figures/fig5_reconf_fsm.pdf>
Package pdftex.def Info: ../artifact/figures/fig5_reconf_fsm.pdf  used on input
 line 114.
(pdftex.def)             Requested size: 241.92169pt x 210.49937pt.
[8 <../artifact/figures/fig5_reconf_fsm.pdf>]
<../artifact/figures/fig6_reconf_profit.pdf, id=429, 239.11395pt x 199.88452pt>

File: ../artifact/figures/fig6_reconf_profit.pdf Graphic file (type pdf)
<use ../artifact/figures/fig6_reconf_profit.pdf>
Package pdftex.def Info: ../artifact/figures/fig6_reconf_profit.pdf  used on in
put line 207.
(pdftex.def)             Requested size: 252.0pt x 210.65962pt.
) (../Section/implementation.tex
LaTeX Font Info:    Trying to load font information for T1+pcr on input line 5.


(C:\Users\mdnay\AppData\Local\Programs\MiKTeX\tex/latex/psnfss\t1pcr.fd
File: t1pcr.fd 2001/06/04 font definitions for T1/pcr.
)
Underfull \hbox (badness 5345) in paragraph at lines 41--41
[]|\T1/ptm/m/n/9 single source of truth
 []


Underfull \hbox (badness 10000) in paragraph at lines 41--41
\T1/ptm/m/n/9 for the equa-tions of
 []


Underfull \hbox (badness 4242) in paragraph at lines 41--41
\T1/ptm/m/n/9 ź[]V[]: equiv-o-ca-tion floor,
 []


Underfull \hbox (badness 2418) in paragraph at lines 41--41
\T1/ptm/m/n/9 mit-tee; on equiv-o-ca-tion
 []


Underfull \hbox (badness 6542) in paragraph at lines 41--41
\T1/ptm/m/n/9 emits a gen-uine, ver-
 []


Underfull \hbox (badness 8000) in paragraph at lines 41--41
\T1/ptm/m/n/9 i-fi-able ev-i-dence ob-ject
 []


Underfull \hbox (badness 10000) in paragraph at lines 41--41
[]|\T1/ptm/m/n/9 Monte-Carlo quo-rum
 []


Underfull \hbox (badness 4846) in paragraph at lines 41--41
\T1/ptm/m/it/9 sures $\OML/cmm/m/it/9 T[]$\T1/ptm/m/n/9 /$\OML/cmm/m/it/9 T[]$ 
\T1/ptm/m/n/9 from
 []


Underfull \hbox (badness 10000) in paragraph at lines 41--41
\T1/ptm/m/n/9 an accountability-gating
 []


Underfull \hbox (badness 3895) in paragraph at lines 41--41
[]|\T1/ptm/m/n/9 runnable \T1/ptm/m/sc/9 Pay-ToE-quiv-
 []


Underfull \hbox (badness 4416) in paragraph at lines 41--41
\T1/ptm/m/n/9 on a valid proof, re-
 []


Underfull \hbox (badness 10000) in paragraph at lines 41--41
[]|\T1/ptm/m/n/9 epoch-boundary model:
 []


Underfull \hbox (badness 10000) in paragraph at lines 41--41
[]|\T1/ptm/m/n/9 documented-parameter
 []


Underfull \hbox (badness 2521) in paragraph at lines 41--41
[]|\T1/ptm/m/n/9 read-only col-lec-tors for
 []


Underfull \hbox (badness 10000) in paragraph at lines 41--41
[]|\T1/ptm/m/n/9 driver: self-validates,
 []


Underfull \hbox (badness 10000) in paragraph at lines 41--41
\T1/ptm/m/n/9 then runs ev-ery
 []


Underfull \hbox (badness 10000) in paragraph at lines 41--41
\T1/ptm/m/n/9 ex-per-i-ment into one
 []

) (../Section/experimental_setup.tex [9]
Underfull \hbox (badness 10000) in paragraph at lines 66--66
[]|$\OMS/cmsy/m/n/9 f\OT1/cmr/m/n/9 4\OML/cmm/m/it/9 ; \OT1/cmr/m/n/9 7\OML/cmm
/m/it/9 ; [] ; \OT1/cmr/m/n/9 400\OMS/cmsy/m/n/9 g$ \T1/ptm/m/n/9 (8
 []


Underfull \hbox (badness 2197) in paragraph at lines 70--75
 \T1/ptm/m/it/10 d) Met-rics.: [][] \T1/ptm/m/n/10 We re-port (i) $\OML/cmm/m/i
t/10 p[]$ \T1/ptm/m/n/10 vs. $\OML/cmm/m/it/10 '$ \T1/ptm/m/n/10 for $\OML/cmm/
m/it/10 k \OMS/cmsy/m/n/10 2
 []

) (../Section/evaluation.tex [10 <../artifact/figures/fig6_reconf_profit.pdf>]
<../artifact/figures/fig_psucc.pdf, id=498, 235.10342pt x 183.34698pt>
File: ../artifact/figures/fig_psucc.pdf Graphic file (type pdf)
<use ../artifact/figures/fig_psucc.pdf>
Package pdftex.def Info: ../artifact/figures/fig_psucc.pdf  used on input line 
31.
(pdftex.def)             Requested size: 252.0pt x 196.529pt.
<../artifact/figures/fig_pwin.pdf, id=503, 253.04475pt x 183.34698pt>
File: ../artifact/figures/fig_pwin.pdf Graphic file (type pdf)
<use ../artifact/figures/fig_pwin.pdf>
Package pdftex.def Info: ../artifact/figures/fig_pwin.pdf  used on input line 4
7.
(pdftex.def)             Requested size: 252.0pt x 182.59674pt.
<../artifact/figures/fig4_cost.pdf, id=506, 237.49855pt x 187.90802pt>
File: ../artifact/figures/fig4_cost.pdf Graphic file (type pdf)
<use ../artifact/figures/fig4_cost.pdf>
Package pdftex.def Info: ../artifact/figures/fig4_cost.pdf  used on input line 
62.
(pdftex.def)             Requested size: 252.0pt x 199.39084pt.

[11 <../artifact/figures/fig_psucc.pdf> <../artifact/figures/fig_pwin.pdf>]
(../Section/_generated/tab_breakeven.tex)
<../artifact/figures/fig3_phase.pdf, id=559, 292.8785pt x 227.83937pt>
File: ../artifact/figures/fig3_phase.pdf Graphic file (type pdf)
<use ../artifact/figures/fig3_phase.pdf>
Package pdftex.def Info: ../artifact/figures/fig3_phase.pdf  used on input line
 93.
(pdftex.def)             Requested size: 252.0pt x 196.03885pt.
<../artifact/figures/fig_profit_qV.pdf, id=560, 256.4442pt x 194.47656pt>
File: ../artifact/figures/fig_profit_qV.pdf Graphic file (type pdf)
<use ../artifact/figures/fig_profit_qV.pdf>
Package pdftex.def Info: ../artifact/figures/fig_profit_qV.pdf  used on input l
ine 103.
(pdftex.def)             Requested size: 252.0pt x 191.10799pt.
<../artifact/figures/fig_defenses.pdf, id=567, 294.96321pt x 194.47656pt>
File: ../artifact/figures/fig_defenses.pdf Graphic file (type pdf)
<use ../artifact/figures/fig_defenses.pdf>
Package pdftex.def Info: ../artifact/figures/fig_defenses.pdf  used on input li
ne 130.
(pdftex.def)             Requested size: 252.0pt x 166.15454pt.
 [12 <../artifact/figures/fig4_cost.pdf> <../artifact/figures/fig3_phase.pdf> <
../artifact/figures/fig_profit_qV.pdf>]
<../artifact/figures/fig_testbed.pdf, id=632, 249.79825pt x 188.75493pt>
File: ../artifact/figures/fig_testbed.pdf Graphic file (type pdf)
<use ../artifact/figures/fig_testbed.pdf>
Package pdftex.def Info: ../artifact/figures/fig_testbed.pdf  used on input lin
e 157.
(pdftex.def)             Requested size: 252.0pt x 190.41919pt.


LaTeX Font Warning: Font shape `T1/ptm/m/scit' undefined
(Font)              using `T1/ptm/m/it' instead on input line 185.

(../Section/_generated/tab_realsystems.tex))
(../Section/measured_evaluation.tex [13 <../artifact/figures/fig_defenses.pdf> 
<../artifact/figures/fig_testbed.pdf>]
Underfull \hbox (badness 2005) in paragraph at lines 41--45
[]\T1/ptm/b/n/10 Primary open tar-get \T1/ptm/m/n/10 --- a real fast/in-tent br
idge
 []


Underfull \vbox (badness 2318) has occurred while \output is active []


Underfull \hbox (badness 4981) in paragraph at lines 100--111
 \T1/ptm/m/it/10 d) $\OML/cmm/m/it/10 T[]$\T1/ptm/m/it/10 : re-ceipt and withdr
awal-beyond-clawback,
 []

[14]
Underfull \hbox (badness 1997) in paragraph at lines 113--130
 \T1/ptm/m/it/10 e) The pre-registered de-ci-sion rule.: [][] \T1/ptm/m/n/10 Al
l es-ti-ma-tors
 []


Underfull \hbox (badness 3769) in paragraph at lines 113--130
\T1/ptm/m/n/10 (Clopper--Pearson/Wilson/rule-of-three for $\OML/cmm/m/it/10 q$\
T1/ptm/m/n/10 ; Gamma/log-
 []

(../Section/_generated/tab_measured.tex

Package tabularx Warning: X Columns too narrow (table too wide)
(tabularx)                 on input line 10.


Overfull \hbox (7.53215pt too wide) in paragraph at lines 10--10
[]|$\OML/cmm/m/it/9 p[]$
 []


Underfull \hbox (badness 10000) in paragraph at lines 10--10
\T1/ptm/m/n/9 /
 []


Overfull \hbox (5.17499pt too wide) in paragraph at lines 10--10
\T1/ptm/m/n/9 ver-
 []


Overfull \hbox (4.49976pt too wide) in paragraph at lines 10--10
\T1/ptm/m/n/9 dict| 
 []


Overfull \hbox (54.52098pt too wide) in paragraph at lines 10--10
[]|\T1/ptm/m/sc/9 indeterminate| 
 []


Overfull \hbox (20.37553pt too wide) in paragraph at lines 10--10
[]|\T1/ptm/m/sc/9 ruled-
 []


Overfull \hbox (7.12769pt too wide) in paragraph at lines 10--10
\T1/ptm/m/sc/9 out| 
 []


Overfull \hbox (20.37553pt too wide) in paragraph at lines 10--10
[]|\T1/ptm/m/sc/9 ruled-
 []


Overfull \hbox (7.12769pt too wide) in paragraph at lines 10--10
\T1/ptm/m/sc/9 out| 
 []


Overfull \hbox (13.53093pt too wide) in alignment at lines 10--10
[][][][][][][] 
 []

)) (../Section/discussion.tex
Underfull \hbox (badness 2884) in paragraph at lines 39--41
\T1/ptm/m/n/10 value-bearing cross-shard ar-ti-facts dur-ing re-con-fig-u-ra-ti
on
 []


Underfull \hbox (badness 10000) in paragraph at lines 60--60
[]|\T1/ptm/m/n/9 Primarily
 []

[15]) (../Section/limitations.tex
Underfull \vbox (badness 4266) has occurred while \output is active []

 [16])
(../Section/conclusion.tex) (../Section/ethical_considerations.tex)
(../Section/open_science.tex
Underfull \hbox (badness 1509) in paragraph at lines 4--12
[]\T1/ptm/m/n/10 The ar-ti-fact needed to eval-u-ate the pa-per is the lo-
 []


Underfull \hbox (badness 1715) in paragraph at lines 4--12
\T1/ptm/m/n/10 plot-ting scripts, ta-ble gen-er-a-tor, tests, and a README
 []


Underfull \hbox (badness 2020) in paragraph at lines 4--12
\T1/ptm/m/n/10 with ex-act re-pro-duc-tion com-mands. The ar-ti-fact is de-
 []


Underfull \hbox (badness 2165) in paragraph at lines 4--12
\T1/ptm/m/n/10 ter-min-is-tic un-der \T1/pcr/m/n/10 configs/main.yaml\T1/ptm/m/
n/10 ; it re-gen-er-ates
 []

[17]) (../Section/appendix_repro.tex
Underfull \hbox (badness 10000) in paragraph at lines 11--14
[]\T1/pcr/m/n/9 python run_all.py --config
 []


Underfull \hbox (badness 10000) in paragraph at lines 11--14
\T1/pcr/m/n/9 python plot_figures.py --input
 []


Underfull \hbox (badness 10000) in paragraph at lines 11--14
\T1/pcr/m/n/9 python make_tables.py --input
 []


Underfull \hbox (badness 10000) in paragraph at lines 11--14
\T1/pcr/m/n/9 results/main.json --out
 []


Underfull \hbox (badness 3954) in paragraph at lines 22--28
[]\T1/ptm/m/n/10 The live mea-sure-ment of ź[]X[] is a \T1/ptm/m/it/10 sep-a-ra
te, read-
 []


Underfull \hbox (badness 5592) in paragraph at lines 22--28
\T1/ptm/m/it/10 only \T1/ptm/m/n/10 step driven by \T1/pcr/m/n/10 collect_*.py\
T1/ptm/m/n/10 : each col-lec-tor
 []


Underfull \hbox (badness 4001) in paragraph at lines 22--28
\T1/ptm/m/n/10 fetches already-public on-chain data (his-tor-i-cal double-
 []


Underfull \hbox (badness 6380) in paragraph at lines 22--28
\T1/ptm/m/n/10 sign slashes, or-di-nary bridge fills) over pub-lic end-
 []


Underfull \hbox (badness 10000) in paragraph at lines 46--57
[]\T1/ptm/m/n/10 Under car-ry-over, $\OML/cmm/m/it/10 p[]\OT1/cmr/m/n/10 (\OML/
cmm/m/it/10 a\OT1/cmr/m/n/10 ) =
 []


Underfull \hbox (badness 1721) in paragraph at lines 46--57
[]\OT1/cmr/m/n/10 [\OML/cmm/m/it/10 T[] < T[] \OT1/cmr/m/n/10 + \OML/cmm/m/it/1
0 H[]\OT1/cmr/m/n/10 (\OML/cmm/m/it/10 a\OT1/cmr/m/n/10 )]$ \T1/ptm/m/n/10 from
 Eq. []. Since
 []


Underfull \hbox (badness 2503) in paragraph at lines 46--57
\T1/ptm/m/n/10 in $\OML/cmm/m/it/10 a$\T1/ptm/m/n/10 , $\OML/cmm/m/it/10 p[]\OT
1/cmr/m/n/10 (\OML/cmm/m/it/10 a\OT1/cmr/m/n/10 )$ \T1/ptm/m/n/10 is non-de-cre
as-ing in $\OML/cmm/m/it/10 a$\T1/ptm/m/n/10 . The bribe term
 []


Underfull \hbox (badness 1635) in paragraph at lines 46--57
\T1/ptm/m/n/10 con-trast with the hard-cutoff de-sign is im-me-di-ate from
 []

Package hyperref Info: bookmark level for unknown lstlisting defaults to 0 on i
nput line 65.
)) (paper.bbl [18]
Underfull \hbox (badness 2158) in paragraph at lines 143--146
[]\T1/ptm/m/n/8 Ethereum, ``Ethereum con-sen-sus spec-i-fi-ca-tions,'' []$https
 : / / github . com /
 []

)

** Conference Paper **
Before submitting the final camera ready copy, remember to:

 1. Manually equalize the lengths of two columns on the last page
 of your paper;

 2. Ensure that any PostScript and/or PDF output post-processing
 uses only Type 1 fonts and that every step in the generation
 process uses the appropriate paper size.

[19] (paper.aux)
 ***********
LaTeX2e <2023-11-01> patch level 1
L3 programming layer <2024-01-04>
 ***********
Package rerunfilecheck Info: File `paper.out' has not changed.
(rerunfilecheck)             Checksum: 37EB05DF074E961FC5030DD8836F62A8;5770.
 ) 
Here is how much of TeX's memory you used:
 14602 strings out of 474486
 231402 string characters out of 5743755
 2124542 words of memory out of 5000000
 36410 multiletter control sequences out of 15000+600000
 704541 words of font info for 175 fonts, out of 8000000 for 9000
 1141 hyphenation exceptions out of 8191
 80i,14n,82p,627b,1140s stack positions out of 10000i,1000n,20000p,200000b,200000s
<C:/Users/mdnay/AppData/Local/Programs/MiKTeX/fonts/type1/public/amsfonts/cm/
cmex10.pfb><C:/Users/mdnay/AppData/Local/Programs/MiKTeX/fonts/type1/public/ams
fonts/cmextra/cmex9.pfb><C:/Users/mdnay/AppData/Local/Programs/MiKTeX/fonts/typ
e1/public/amsfonts/cm/cmmi10.pfb><C:/Users/mdnay/AppData/Local/Programs/MiKTeX/
fonts/type1/public/amsfonts/cm/cmmi6.pfb><C:/Users/mdnay/AppData/Local/Programs
/MiKTeX/fonts/type1/public/amsfonts/cm/cmmi7.pfb><C:/Users/mdnay/AppData/Local/
Programs/MiKTeX/fonts/type1/public/amsfonts/cm/cmmi8.pfb><C:/Users/mdnay/AppDat
a/Local/Programs/MiKTeX/fonts/type1/public/amsfonts/cm/cmmi9.pfb><C:/Users/mdna
y/AppData/Local/Programs/MiKTeX/fonts/type1/public/amsfonts/cm/cmr10.pfb><C:/Us
ers/mdnay/AppData/Local/Programs/MiKTeX/fonts/type1/public/amsfonts/cm/cmr5.pfb
><C:/Users/mdnay/AppData/Local/Programs/MiKTeX/fonts/type1/public/amsfonts/cm/c
mr6.pfb><C:/Users/mdnay/AppData/Local/Programs/MiKTeX/fonts/type1/public/amsfon
ts/cm/cmr7.pfb><C:/Users/mdnay/AppData/Local/Programs/MiKTeX/fonts/type1/public
/amsfonts/cm/cmr8.pfb><C:/Users/mdnay/AppData/Local/Programs/MiKTeX/fonts/type1
/public/amsfonts/cm/cmr9.pfb><C:/Users/mdnay/AppData/Local/Programs/MiKTeX/font
s/type1/public/amsfonts/cm/cmsy10.pfb><C:/Users/mdnay/AppData/Local/Programs/Mi
KTeX/fonts/type1/public/amsfonts/cm/cmsy6.pfb><C:/Users/mdnay/AppData/Local/Pro
grams/MiKTeX/fonts/type1/public/amsfonts/cm/cmsy7.pfb><C:/Users/mdnay/AppData/L
ocal/Programs/MiKTeX/fonts/type1/public/amsfonts/cm/cmsy8.pfb><C:/Users/mdnay/A
ppData/Local/Programs/MiKTeX/fonts/type1/public/amsfonts/cm/cmsy9.pfb><C:/Users
/mdnay/AppData/Local/Programs/MiKTeX/fonts/type1/public/amsfonts/symbols/msam10
.pfb><C:/Users/mdnay/AppData/Local/Programs/MiKTeX/fonts/type1/public/amsfonts/
symbols/msbm10.pfb><C:/Users/mdnay/AppData/Local/Programs/MiKTeX/fonts/type1/ur
w/courier/ucrr8a.pfb><C:/Users/mdnay/AppData/Local/Programs/MiKTeX/fonts/type1/
urw/times/utmb8a.pfb><C:/Users/mdnay/AppData/Local/Programs/MiKTeX/fonts/type1/
urw/times/utmbi8a.pfb><C:/Users/mdnay/AppData/Local/Programs/MiKTeX/fonts/type1
/urw/times/utmr8a.pfb><C:/Users/mdnay/AppData/Local/Programs/MiKTeX/fonts/type1
/urw/times/utmri8a.pfb>
Output written on paper.pdf (19 pages, 834283 bytes).
PDF statistics:
 953 PDF objects out of 1000 (max. 8388607)
 195 named destinations out of 1000 (max. 500000)
 307 words of extra memory for PDF output out of 10000 (max. 10000000)

