\BOOKMARK [1][-]{section.1}{\376\377\000I\000n\000t\000r\000o\000d\000u\000c\000t\000i\000o\000n}{}% 1
\BOOKMARK [1][-]{section.2}{\376\377\000M\000o\000t\000i\000v\000a\000t\000i\000o\000n\000\040\000a\000n\000d\000\040\000P\000r\000o\000b\000l\000e\000m\000\040\000S\000t\000a\000t\000e\000m\000e\000n\000t}{}% 2
\BOOKMARK [1][-]{section.3}{\376\377\000B\000a\000c\000k\000g\000r\000o\000u\000n\000d\000\040\000a\000n\000d\000\040\000R\000e\000l\000a\000t\000e\000d\000\040\000W\000o\000r\000k}{}% 3
\BOOKMARK [1][-]{section.4}{\376\377\000T\000h\000r\000e\000a\000t\000\040\000M\000o\000d\000e\000l}{}% 4
\BOOKMARK [1][-]{section.5}{\376\377\000A\000\040\000M\000o\000d\000e\000l\000\040\000o\000f\000\040\000P\000r\000i\000c\000e\000d\000\040\000E\000q\000u\000i\000v\000o\000c\000a\000t\000i\000o\000n\000\040\000a\000n\000d\000\040\000t\000h\000e\000\040\000A\000c\000c\000o\000u\000n\000t\000a\000b\000i\000l\000i\000t\000y\000\040\000R\000a\000c\000e}{}% 5
\BOOKMARK [2][-]{subsection.5.1}{\376\377\000T\000h\000e\000\040\000E\000q\000u\000i\000v\000o\000c\000a\000t\000i\000o\000n\000\040\000F\000l\000o\000o\000r\000\040\000\050\000N\000e\000c\000e\000s\000s\000a\000r\000y\000,\000\040\000N\000o\000t\000\040\000S\000u\000f\000f\000i\000c\000i\000e\000n\000t\000\051}{section.5}% 6
\BOOKMARK [2][-]{subsection.5.2}{\376\377\000B\000r\000i\000b\000e\000-\000C\000o\000s\000t\000\040\000M\000o\000d\000e\000l}{section.5}% 7
\BOOKMARK [2][-]{subsection.5.3}{\376\377\000V\000a\000l\000u\000e\000\040\000M\000o\000d\000e\000l}{section.5}% 8
\BOOKMARK [2][-]{subsection.5.4}{\376\377\000T\000h\000e\000\040\000A\000c\000c\000o\000u\000n\000t\000a\000b\000i\000l\000i\000t\000y\000\040\000R\000a\000c\000e}{section.5}% 9
\BOOKMARK [2][-]{subsection.5.5}{\376\377\000A\000t\000t\000a\000c\000k\000\040\000P\000r\000o\000c\000e\000d\000u\000r\000e}{section.5}% 10
\BOOKMARK [1][-]{section.6}{\376\377\000R\000e\000c\000o\000n\000f\000i\000g\000u\000r\000a\000t\000i\000o\000n\000-\000P\000h\000a\000s\000e\000\040\000A\000c\000c\000o\000u\000n\000t\000a\000b\000i\000l\000i\000t\000y\000\040\000R\000a\000c\000e\000s}{}% 11
\BOOKMARK [2][-]{subsection.6.1}{\376\377\000W\000h\000a\000t\000\040\000S\000u\000r\000v\000i\000v\000e\000s\000\040\000R\000e\000c\000o\000n\000f\000i\000g\000u\000r\000a\000t\000i\000o\000n}{section.6}% 12
\BOOKMARK [2][-]{subsection.6.2}{\376\377\000A\000\040\000T\000a\000x\000o\000n\000o\000m\000y\000\040\000o\000f\000\040\000R\000e\000c\000o\000n\000f\000i\000g\000u\000r\000a\000t\000i\000o\000n\000\040\000D\000e\000s\000i\000g\000n\000s}{section.6}% 13
\BOOKMARK [2][-]{subsection.6.3}{\376\377\000S\000t\000a\000t\000e\000\040\000H\000a\000n\000d\000o\000f\000f\000\040\000U\000n\000d\000e\000r\000\040\000C\000o\000m\000m\000i\000t\000t\000e\000e\000\040\000R\000o\000t\000a\000t\000i\000o\000n}{section.6}% 14
\BOOKMARK [2][-]{subsection.6.4}{\376\377\000C\000o\000u\000n\000t\000e\000r\000e\000x\000a\000m\000p\000l\000e\000s\000:\000\040\000W\000h\000e\000n\000\040\000t\000h\000e\000\040\000A\000t\000t\000a\000c\000k\000\040\000D\000o\000e\000s\000\040\000N\000o\000t\000\040\000A\000p\000p\000l\000y}{section.6}% 15
\BOOKMARK [2][-]{subsection.6.5}{\376\377\000T\000w\000o\000\040\000P\000r\000o\000p\000o\000s\000i\000t\000i\000o\000n\000s}{section.6}% 16
\BOOKMARK [1][-]{section.7}{\376\377\000I\000m\000p\000l\000e\000m\000e\000n\000t\000a\000t\000i\000o\000n\000\040\000a\000n\000d\000\040\000A\000r\000t\000i\000f\000a\000c\000t}{}% 17
\BOOKMARK [1][-]{section.8}{\376\377\000E\000x\000p\000e\000r\000i\000m\000e\000n\000t\000a\000l\000\040\000S\000e\000t\000u\000p}{}% 18
\BOOKMARK [1][-]{section.9}{\376\377\000E\000v\000a\000l\000u\000a\000t\000i\000o\000n}{}% 19
\BOOKMARK [1][-]{section.10}{\376\377\000M\000e\000a\000s\000u\000r\000e\000m\000e\000n\000t\000\040\000P\000r\000o\000t\000o\000c\000o\000l\000\040\000a\000n\000d\000\040\000P\000r\000e\000-\000R\000e\000g\000i\000s\000t\000e\000r\000e\000d\000\040\000F\000a\000l\000s\000i\000f\000i\000c\000a\000t\000i\000o\000n\000\040\000\050\000R\000Q\0008\000\051}{}% 20
\BOOKMARK [1][-]{section.11}{\376\377\000D\000i\000s\000c\000u\000s\000s\000i\000o\000n}{}% 21
\BOOKMARK [2][-]{subsection.11.1}{\376\377\000D\000e\000f\000e\000n\000s\000e\000s}{section.11}% 22
\BOOKMARK [2][-]{subsection.11.2}{\376\377\000S\000c\000o\000p\000e\000\040\000o\000f\000\040\000A\000p\000p\000l\000i\000c\000a\000b\000i\000l\000i\000t\000y}{section.11}% 23
\BOOKMARK [2][-]{subsection.11.3}{\376\377\000R\000e\000l\000a\000t\000i\000o\000n\000s\000h\000i\000p\000\040\000t\000o\000\040\000K\000n\000o\000w\000n\000\040\000A\000t\000t\000a\000c\000k\000s}{section.11}% 24
\BOOKMARK [1][-]{section.12}{\376\377\000L\000i\000m\000i\000t\000a\000t\000i\000o\000n\000s}{}% 25
\BOOKMARK [1][-]{section.13}{\376\377\000C\000o\000n\000c\000l\000u\000s\000i\000o\000n}{}% 26
\BOOKMARK [1][-]{section*.1}{\376\377\000E\000t\000h\000i\000c\000a\000l\000\040\000C\000o\000n\000s\000i\000d\000e\000r\000a\000t\000i\000o\000n\000s}{}% 27
\BOOKMARK [1][-]{section*.2}{\376\377\000O\000p\000e\000n\000\040\000S\000c\000i\000e\000n\000c\000e}{}% 28
\BOOKMARK [1][-]{section*.3}{\376\377\000A\000p\000p\000e\000n\000d\000i\000x\000\040\000A\000:\000\040\000R\000e\000p\000r\000o\000d\000u\000c\000t\000i\000o\000n}{}% 29
\BOOKMARK [1][-]{section*.4}{\376\377\000A\000p\000p\000e\000n\000d\000i\000x\000\040\000B\000:\000\040\000P\000r\000o\000o\000f\000s}{}% 30
\BOOKMARK [1][-]{section*.5}{\376\377\000A\000p\000p\000e\000n\000d\000i\000x\000\040\000C\000:\000\040\000T\000r\000u\000s\000t\000l\000e\000s\000s\000\040\000B\000r\000i\000b\000e\000r\000y\000\040\000E\000s\000c\000r\000o\000w}{}% 31
\BOOKMARK [1][-]{section*.6}{\376\377\000R\000e\000f\000e\000r\000e\000n\000c\000e\000s}{}% 32
