This is pdfTeX, Version 3.141592653-2.6-1.40.25 (MiKTeX 24.1) (preloaded format=pdflatex 2025.9.18)  15 JUN 2026 09:02
entering extended mode
 restricted \write18 enabled.
 %&-line parsing enabled.
**./paper_article.tex
(paper_article.tex
LaTeX2e <2023-11-01> patch level 1
L3 programming layer <2024-01-04>
(C:\Users\mdnay\AppData\Local\Programs\MiKTeX\tex/latex/base\article.cls
Document Class: article 2023/05/17 v1.4n Standard LaTeX document class
(C:\Users\mdnay\AppData\Local\Programs\MiKTeX\tex/latex/base\size10.clo
File: size10.clo 2023/05/17 v1.4n Standard LaTeX file (size option)
)
\c@part=\count187
\c@section=\count188
\c@subsection=\count189
\c@subsubsection=\count190
\c@paragraph=\count191
\c@subparagraph=\count192
\c@figure=\count193
\c@table=\count194
\abovecaptionskip=\skip48
\belowcaptionskip=\skip49
\bibindent=\dimen140
)
(C:\Users\mdnay\AppData\Local\Programs\MiKTeX\tex/latex/geometry\geometry.sty
Package: geometry 2020/01/02 v5.9 Page Geometry

(C:\Users\mdnay\AppData\Local\Programs\MiKTeX\tex/latex/graphics\keyval.sty
Package: keyval 2022/05/29 v1.15 key=value parser (DPC)
\KV@toks@=\toks17
)
(C:\Users\mdnay\AppData\Local\Programs\MiKTeX\tex/generic/iftex\ifvtex.sty
Package: ifvtex 2019/10/25 v1.7 ifvtex legacy package. Use iftex instead.

(C:\Users\mdnay\AppData\Local\Programs\MiKTeX\tex/generic/iftex\iftex.sty
Package: iftex 2022/02/03 v1.0f TeX engine tests
))
\Gm@cnth=\count195
\Gm@cntv=\count196
\c@Gm@tempcnt=\count197
\Gm@bindingoffset=\dimen141
\Gm@wd@mp=\dimen142
\Gm@odd@mp=\dimen143
\Gm@even@mp=\dimen144
\Gm@layoutwidth=\dimen145
\Gm@layoutheight=\dimen146
\Gm@layouthoffset=\dimen147
\Gm@layoutvoffset=\dimen148
\Gm@dimlist=\toks18

(C:\Users\mdnay\AppData\Local\Programs\MiKTeX\tex/latex/geometry\geometry.cfg))
(common-preamble.tex
(C:\Users\mdnay\AppData\Local\Programs\MiKTeX\tex/latex/base\fontenc.sty
Package: fontenc 2021/04/29 v2.0v Standard LaTeX package
)
(C:\Users\mdnay\AppData\Local\Programs\MiKTeX\tex/latex/base\inputenc.sty
Package: inputenc 2021/02/14 v1.3d Input encoding file
\inpenc@prehook=\toks19
\inpenc@posthook=\toks20
)
(C:\Users\mdnay\AppData\Local\Programs\MiKTeX\tex/latex/amsmath\amsmath.sty
Package: amsmath 2023/05/13 v2.17o AMS math features
\@mathmargin=\skip50

For additional information on amsmath, use the `?' option.
(C:\Users\mdnay\AppData\Local\Programs\MiKTeX\tex/latex/amsmath\amstext.sty
Package: amstext 2021/08/26 v2.01 AMS text

(C:\Users\mdnay\AppData\Local\Programs\MiKTeX\tex/latex/amsmath\amsgen.sty
File: amsgen.sty 1999/11/30 v2.0 generic functions
\@emptytoks=\toks21
\ex@=\dimen149
))
(C:\Users\mdnay\AppData\Local\Programs\MiKTeX\tex/latex/amsmath\amsbsy.sty
Package: amsbsy 1999/11/29 v1.2d Bold Symbols
\pmbraise@=\dimen150
)
(C:\Users\mdnay\AppData\Local\Programs\MiKTeX\tex/latex/amsmath\amsopn.sty
Package: amsopn 2022/04/08 v2.04 operator names
)
\inf@bad=\count198
LaTeX Info: Redefining \frac on input line 234.
\uproot@=\count199
\leftroot@=\count266
LaTeX Info: Redefining \overline on input line 399.
LaTeX Info: Redefining \colon on input line 410.
\classnum@=\count267
\DOTSCASE@=\count268
LaTeX Info: Redefining \ldots on input line 496.
LaTeX Info: Redefining \dots on input line 499.
LaTeX Info: Redefining \cdots on input line 620.
\Mathstrutbox@=\box51
\strutbox@=\box52
LaTeX Info: Redefining \big on input line 722.
LaTeX Info: Redefining \Big on input line 723.
LaTeX Info: Redefining \bigg on input line 724.
LaTeX Info: Redefining \Bigg on input line 725.
\big@size=\dimen151
LaTeX Font Info:    Redeclaring font encoding OML on input line 743.
LaTeX Font Info:    Redeclaring font encoding OMS on input line 744.
\macc@depth=\count269
LaTeX Info: Redefining \bmod on input line 905.
LaTeX Info: Redefining \pmod on input line 910.
LaTeX Info: Redefining \smash on input line 940.
LaTeX Info: Redefining \relbar on input line 970.
LaTeX Info: Redefining \Relbar on input line 971.
\c@MaxMatrixCols=\count270
\dotsspace@=\muskip16
\c@parentequation=\count271
\dspbrk@lvl=\count272
\tag@help=\toks22
\row@=\count273
\column@=\count274
\maxfields@=\count275
\andhelp@=\toks23
\eqnshift@=\dimen152
\alignsep@=\dimen153
\tagshift@=\dimen154
\tagwidth@=\dimen155
\totwidth@=\dimen156
\lineht@=\dimen157
\@envbody=\toks24
\multlinegap=\skip51
\multlinetaggap=\skip52
\mathdisplay@stack=\toks25
LaTeX Info: Redefining \[ on input line 2953.
LaTeX Info: Redefining \] on input line 2954.
)
(C:\Users\mdnay\AppData\Local\Programs\MiKTeX\tex/latex/amsfonts\amssymb.sty
Package: amssymb 2013/01/14 v3.01 AMS font symbols

(C:\Users\mdnay\AppData\Local\Programs\MiKTeX\tex/latex/amsfonts\amsfonts.sty
Package: amsfonts 2013/01/14 v3.01 Basic AMSFonts support
\symAMSa=\mathgroup4
\symAMSb=\mathgroup5
LaTeX Font Info:    Redeclaring math symbol \hbar on input line 98.
LaTeX Font Info:    Overwriting math alphabet `\mathfrak' in version `bold'
(Font)                  U/euf/m/n --> U/euf/b/n on input line 106.
)) (C:\Users\mdnay\AppData\Local\Programs\MiKTeX\tex/latex/amscls\amsthm.sty
Package: amsthm 2020/05/29 v2.20.6
\thm@style=\toks26
\thm@bodyfont=\toks27
\thm@headfont=\toks28
\thm@notefont=\toks29
\thm@headpunct=\toks30
\thm@preskip=\skip53
\thm@postskip=\skip54
\thm@headsep=\skip55
\dth@everypar=\toks31
)
(C:\Users\mdnay\AppData\Local\Programs\MiKTeX\tex/latex/booktabs\booktabs.sty
Package: booktabs 2020/01/12 v1.61803398 Publication quality tables
\heavyrulewidth=\dimen158
\lightrulewidth=\dimen159
\cmidrulewidth=\dimen160
\belowrulesep=\dimen161
\belowbottomsep=\dimen162
\aboverulesep=\dimen163
\abovetopsep=\dimen164
\cmidrulesep=\dimen165
\cmidrulekern=\dimen166
\defaultaddspace=\dimen167
\@cmidla=\count276
\@cmidlb=\count277
\@aboverulesep=\dimen168
\@belowrulesep=\dimen169
\@thisruleclass=\count278
\@lastruleclass=\count279
\@thisrulewidth=\dimen170
)
(C:\Users\mdnay\AppData\Local\Programs\MiKTeX\tex/latex/tools\array.sty
Package: array 2023/10/16 v2.5g Tabular extension package (FMi)
\col@sep=\dimen171
\ar@mcellbox=\box53
\extrarowheight=\dimen172
\NC@list=\toks32
\extratabsurround=\skip56
\backup@length=\skip57
\ar@cellbox=\box54
)
(C:\Users\mdnay\AppData\Local\Programs\MiKTeX\tex/latex/multirow\multirow.sty
Package: multirow 2024/11/12 v2.9 Span multiple rows of a table
\multirow@colwidth=\skip58
\multirow@cntb=\count280
\multirow@dima=\skip59
\bigstrutjot=\dimen173
)
(C:\Users\mdnay\AppData\Local\Programs\MiKTeX\tex/latex/graphics\graphicx.sty
Package: graphicx 2021/09/16 v1.2d Enhanced LaTeX Graphics (DPC,SPQR)

(C:\Users\mdnay\AppData\Local\Programs\MiKTeX\tex/latex/graphics\graphics.sty
Package: graphics 2022/03/10 v1.4e Standard LaTeX Graphics (DPC,SPQR)

(C:\Users\mdnay\AppData\Local\Programs\MiKTeX\tex/latex/graphics\trig.sty
Package: trig 2021/08/11 v1.11 sin cos tan (DPC)
)
(C:\Users\mdnay\AppData\Local\Programs\MiKTeX\tex/latex/graphics-cfg\graphics.c
fg
File: graphics.cfg 2016/06/04 v1.11 sample graphics configuration
)
Package graphics Info: Driver file: pdftex.def on input line 107.

(C:\Users\mdnay\AppData\Local\Programs\MiKTeX\tex/latex/graphics-def\pdftex.def
File: pdftex.def 2022/09/22 v1.2b Graphics/color driver for pdftex
))
\Gin@req@height=\dimen174
\Gin@req@width=\dimen175
) (C:\Users\mdnay\AppData\Local\Programs\MiKTeX\tex/latex/xcolor\xcolor.sty
Package: xcolor 2023/11/15 v3.01 LaTeX color extensions (UK)

(C:\Users\mdnay\AppData\Local\Programs\MiKTeX\tex/latex/graphics-cfg\color.cfg
File: color.cfg 2016/01/02 v1.6 sample color configuration
)
Package xcolor Info: Driver file: pdftex.def on input line 274.
(C:\Users\mdnay\AppData\Local\Programs\MiKTeX\tex/latex/graphics\mathcolor.ltx)
Package xcolor Info: Model `cmy' substituted by `cmy0' on input line 1350.
Package xcolor Info: Model `hsb' substituted by `rgb' on input line 1354.
Package xcolor Info: Model `RGB' extended on input line 1366.
Package xcolor Info: Model `HTML' substituted by `rgb' on input line 1368.
Package xcolor Info: Model `Hsb' substituted by `hsb' on input line 1369.
Package xcolor Info: Model `tHsb' substituted by `hsb' on input line 1370.
Package xcolor Info: Model `HSB' substituted by `hsb' on input line 1371.
Package xcolor Info: Model `Gray' substituted by `gray' on input line 1372.
Package xcolor Info: Model `wave' substituted by `hsb' on input line 1373.
)
(C:\Users\mdnay\AppData\Local\Programs\MiKTeX\tex/latex/algorithms\algorithm.st
y
Package: algorithm 2009/08/24 v0.1 Document Style `algorithm' - floating enviro
nment
 (C:\Users\mdnay\AppData\Local\Programs\MiKTeX\tex/latex/float\float.sty
Package: float 2001/11/08 v1.3d Float enhancements (AL)
\c@float@type=\count281
\float@exts=\toks33
\float@box=\box55
\@float@everytoks=\toks34
\@floatcapt=\box56
)
(C:\Users\mdnay\AppData\Local\Programs\MiKTeX\tex/latex/base\ifthen.sty
Package: ifthen 2022/04/13 v1.1d Standard LaTeX ifthen package (DPC)
)
\@float@every@algorithm=\toks35
\c@algorithm=\count282
)
(C:\Users\mdnay\AppData\Local\Programs\MiKTeX\tex/latex/algorithmicx\algpseudoc
ode.sty
Package: algpseudocode 

(C:\Users\mdnay\AppData\Local\Programs\MiKTeX\tex/latex/algorithmicx\algorithmi
cx.sty
Package: algorithmicx 2005/04/27 v1.2 Algorithmicx

Document Style algorithmicx 1.2 - a greatly improved `algorithmic' style
\c@ALG@line=\count283
\c@ALG@rem=\count284
\c@ALG@nested=\count285
\ALG@tlm=\skip60
\ALG@thistlm=\skip61
\c@ALG@Lnr=\count286
\c@ALG@blocknr=\count287
\c@ALG@storecount=\count288
\c@ALG@tmpcounter=\count289
\ALG@tmplength=\skip62
)
Document Style - pseudocode environments for use with the `algorithmicx' style
) (C:\Users\mdnay\AppData\Local\Programs\MiKTeX\tex/latex/listings\listings.sty
\lst@mode=\count290
\lst@gtempboxa=\box57
\lst@token=\toks36
\lst@length=\count291
\lst@currlwidth=\dimen176
\lst@column=\count292
\lst@pos=\count293
\lst@lostspace=\dimen177
\lst@width=\dimen178
\lst@newlines=\count294
\lst@lineno=\count295
\lst@maxwidth=\dimen179
(C:\Users\mdnay\AppData\Local\Programs\MiKTeX\tex/latex/listings\lstmisc.sty
File: lstmisc.sty 2023/02/27 1.9 (Carsten Heinz)
\c@lstnumber=\count296
\lst@skipnumbers=\count297
\lst@framebox=\box58
)
(C:\Users\mdnay\AppData\Local\Programs\MiKTeX\tex/latex/listings\listings.cfg
File: listings.cfg 2023/02/27 1.9 listings configuration
))
Package: listings 2023/02/27 1.9 (Carsten Heinz)
(C:\Users\mdnay\AppData\Local\Programs\MiKTeX\tex/latex/tools\tabularx.sty
Package: tabularx 2023/07/08 v2.11c `tabularx' package (DPC)
\TX@col@width=\dimen180
\TX@old@table=\dimen181
\TX@old@col=\dimen182
\TX@target=\dimen183
\TX@delta=\dimen184
\TX@cols=\count298
\TX@ftn=\toks37
)
(C:\Users\mdnay\AppData\Local\Programs\MiKTeX\tex/latex/url\url.sty
\Urlmuskip=\muskip17
Package: url 2013/09/16  ver 3.4  Verb mode for urls, etc.
)
(C:\Users\mdnay\AppData\Local\Programs\MiKTeX\tex/latex/hyperref\hyperref.sty
Package: hyperref 2023-11-26 v7.01g Hypertext links for LaTeX

(C:\Users\mdnay\AppData\Local\Programs\MiKTeX\tex/generic/infwarerr\infwarerr.s
ty
Package: infwarerr 2019/12/03 v1.5 Providing info/warning/error messages (HO)
)
(C:\Users\mdnay\AppData\Local\Programs\MiKTeX\tex/latex/kvsetkeys\kvsetkeys.sty
Package: kvsetkeys 2022-10-05 v1.19 Key value parser (HO)
)
(C:\Users\mdnay\AppData\Local\Programs\MiKTeX\tex/generic/kvdefinekeys\kvdefine
keys.sty
Package: kvdefinekeys 2019-12-19 v1.6 Define keys (HO)
)
(C:\Users\mdnay\AppData\Local\Programs\MiKTeX\tex/generic/pdfescape\pdfescape.s
ty
Package: pdfescape 2019/12/09 v1.15 Implements pdfTeX's escape features (HO)

(C:\Users\mdnay\AppData\Local\Programs\MiKTeX\tex/generic/ltxcmds\ltxcmds.sty
Package: ltxcmds 2023-12-04 v1.26 LaTeX kernel commands for general use (HO)
)
(C:\Users\mdnay\AppData\Local\Programs\MiKTeX\tex/generic/pdftexcmds\pdftexcmds
.sty
Package: pdftexcmds 2020-06-27 v0.33 Utility functions of pdfTeX for LuaTeX (HO
)
Package pdftexcmds Info: \pdf@primitive is available.
Package pdftexcmds Info: \pdf@ifprimitive is available.
Package pdftexcmds Info: \pdfdraftmode found.
))
(C:\Users\mdnay\AppData\Local\Programs\MiKTeX\tex/latex/hycolor\hycolor.sty
Package: hycolor 2020-01-27 v1.10 Color options for hyperref/bookmark (HO)
)
(C:\Users\mdnay\AppData\Local\Programs\MiKTeX\tex/latex/letltxmacro\letltxmacro
.sty
Package: letltxmacro 2019/12/03 v1.6 Let assignment for LaTeX macros (HO)
)
(C:\Users\mdnay\AppData\Local\Programs\MiKTeX\tex/latex/auxhook\auxhook.sty
Package: auxhook 2019-12-17 v1.6 Hooks for auxiliary files (HO)
)
(C:\Users\mdnay\AppData\Local\Programs\MiKTeX\tex/latex/hyperref\nameref.sty
Package: nameref 2023-11-26 v2.56 Cross-referencing by name of section

(C:\Users\mdnay\AppData\Local\Programs\MiKTeX\tex/latex/refcount\refcount.sty
Package: refcount 2019/12/15 v3.6 Data extraction from label references (HO)
)
(C:\Users\mdnay\AppData\Local\Programs\MiKTeX\tex/generic/gettitlestring\gettit
lestring.sty
Package: gettitlestring 2019/12/15 v1.6 Cleanup title references (HO)

(C:\Users\mdnay\AppData\Local\Programs\MiKTeX\tex/latex/kvoptions\kvoptions.sty
Package: kvoptions 2022-06-15 v3.15 Key value format for package options (HO)
))
\c@section@level=\count299
)
(C:\Users\mdnay\AppData\Local\Programs\MiKTeX\tex/latex/etoolbox\etoolbox.sty
Package: etoolbox 2020/10/05 v2.5k e-TeX tools for LaTeX (JAW)
\etb@tempcnta=\count300
)
\@linkdim=\dimen185
\Hy@linkcounter=\count301
\Hy@pagecounter=\count302

(C:\Users\mdnay\AppData\Local\Programs\MiKTeX\tex/latex/hyperref\pd1enc.def
File: pd1enc.def 2023-11-26 v7.01g Hyperref: PDFDocEncoding definition (HO)
Now handling font encoding PD1 ...
... no UTF-8 mapping file for font encoding PD1
)
(C:\Users\mdnay\AppData\Local\Programs\MiKTeX\tex/generic/intcalc\intcalc.sty
Package: intcalc 2019/12/15 v1.3 Expandable calculations with integers (HO)
)
\Hy@SavedSpaceFactor=\count303

(C:\Users\mdnay\AppData\Local\Programs\MiKTeX\tex/latex/hyperref\puenc.def
File: puenc.def 2023-11-26 v7.01g Hyperref: PDF Unicode definition (HO)
Now handling font encoding PU ...
... no UTF-8 mapping file for font encoding PU
)
Package hyperref Info: Hyper figures OFF on input line 4181.
Package hyperref Info: Link nesting OFF on input line 4186.
Package hyperref Info: Hyper index ON on input line 4189.
Package hyperref Info: Plain pages OFF on input line 4196.
Package hyperref Info: Backreferencing OFF on input line 4201.
Package hyperref Info: Implicit mode ON; LaTeX internals redefined.
Package hyperref Info: Bookmarks ON on input line 4448.
\c@Hy@tempcnt=\count304
LaTeX Info: Redefining \url on input line 4786.
\XeTeXLinkMargin=\dimen186

(C:\Users\mdnay\AppData\Local\Programs\MiKTeX\tex/generic/bitset\bitset.sty
Package: bitset 2019/12/09 v1.3 Handle bit-vector datatype (HO)

(C:\Users\mdnay\AppData\Local\Programs\MiKTeX\tex/generic/bigintcalc\bigintcalc
.sty
Package: bigintcalc 2019/12/15 v1.5 Expandable calculations on big integers (HO
)
))
\Fld@menulength=\count305
\Field@Width=\dimen187
\Fld@charsize=\dimen188
Package hyperref Info: Hyper figures OFF on input line 6065.
Package hyperref Info: Link nesting OFF on input line 6070.
Package hyperref Info: Hyper index ON on input line 6073.
Package hyperref Info: backreferencing OFF on input line 6080.
Package hyperref Info: Link coloring OFF on input line 6085.
Package hyperref Info: Link coloring with OCG OFF on input line 6090.
Package hyperref Info: PDF/A mode OFF on input line 6095.

(C:\Users\mdnay\AppData\Local\Programs\MiKTeX\tex/latex/base\atbegshi-ltx.sty
Package: atbegshi-ltx 2021/01/10 v1.0c Emulation of the original atbegshi
package with kernel methods
)
\Hy@abspage=\count306
\c@Item=\count307
\c@Hfootnote=\count308
)
Package hyperref Info: Driver (autodetected): hpdftex.
(C:\Users\mdnay\AppData\Local\Programs\MiKTeX\tex/latex/hyperref\hpdftex.def
File: hpdftex.def 2023-11-26 v7.01g Hyperref driver for pdfTeX

(C:\Users\mdnay\AppData\Local\Programs\MiKTeX\tex/latex/base\atveryend-ltx.sty
Package: atveryend-ltx 2020/08/19 v1.0a Emulation of the original atveryend pac
kage
with kernel methods
)
\Fld@listcount=\count309
\c@bookmark@seq@number=\count310

(C:\Users\mdnay\AppData\Local\Programs\MiKTeX\tex/latex/rerunfilecheck\rerunfil
echeck.sty
Package: rerunfilecheck 2025-06-21 v1.11 Rerun checks for auxiliary files (HO)

(C:\Users\mdnay\AppData\Local\Programs\MiKTeX\tex/generic/uniquecounter\uniquec
ounter.sty
Package: uniquecounter 2019/12/15 v1.4 Provide unlimited unique counter (HO)
)
Package uniquecounter Info: New unique counter `rerunfilecheck' on input line 2
84.
)
\Hy@SectionHShift=\skip63
)
\c@lemma=\count311
\c@proposition=\count312
\c@corollary=\count313
\c@definition=\count314
\c@assumption=\count315
\c@counterexample=\count316
 (../Section/_generated/tab_summary.tex))
(C:\Users\mdnay\AppData\Local\Programs\MiKTeX\tex/latex/titling\titling.sty
Package: titling 2009/09/04 v2.1d maketitle typesetting
\thanksmarkwidth=\skip64
\thanksmargin=\skip65
\droptitle=\skip66
)
(C:\Users\mdnay\AppData\Local\Programs\MiKTeX\tex/latex/l3backend\l3backend-pdf
tex.def
File: l3backend-pdftex.def 2024-01-04 L3 backend support: PDF output (pdfTeX)
\l__color_backend_stack_int=\count317
\l__pdf_internal_box=\box59
) (paper_article.aux)
\openout1 = `paper_article.aux'.

LaTeX Font Info:    Checking defaults for OML/cmm/m/it on input line 19.
LaTeX Font Info:    ... okay on input line 19.
LaTeX Font Info:    Checking defaults for OMS/cmsy/m/n on input line 19.
LaTeX Font Info:    ... okay on input line 19.
LaTeX Font Info:    Checking defaults for OT1/cmr/m/n on input line 19.
LaTeX Font Info:    ... okay on input line 19.
LaTeX Font Info:    Checking defaults for T1/cmr/m/n on input line 19.
LaTeX Font Info:    ... okay on input line 19.
LaTeX Font Info:    Checking defaults for TS1/cmr/m/n on input line 19.
LaTeX Font Info:    ... okay on input line 19.
LaTeX Font Info:    Checking defaults for OMX/cmex/m/n on input line 19.
LaTeX Font Info:    ... okay on input line 19.
LaTeX Font Info:    Checking defaults for U/cmr/m/n on input line 19.
LaTeX Font Info:    ... okay on input line 19.
LaTeX Font Info:    Checking defaults for PD1/pdf/m/n on input line 19.
LaTeX Font Info:    ... okay on input line 19.
LaTeX Font Info:    Checking defaults for PU/pdf/m/n on input line 19.
LaTeX Font Info:    ... okay on input line 19.

*geometry* driver: auto-detecting
*geometry* detected driver: pdftex
*geometry* verbose mode - [ preamble ] result:
* driver: pdftex
* paper: letterpaper
* layout: <same size as paper>
* layoutoffset:(h,v)=(0.0pt,0.0pt)
* modes: 
* h-part:(L,W,R)=(52.03448pt, 510.22603pt, 52.03448pt)
* v-part:(T,H,B)=(52.03448pt, 690.90102pt, 52.03448pt)
* \paperwidth=614.295pt
* \paperheight=794.96999pt
* \textwidth=510.22603pt
* \textheight=690.90102pt
* \oddsidemargin=-20.2355pt
* \evensidemargin=-20.2355pt
* \topmargin=-57.2355pt
* \headheight=12.0pt
* \headsep=25.0pt
* \topskip=10.0pt
* \footskip=30.0pt
* \marginparwidth=4.0pt
* \marginparsep=10.0pt
* \columnsep=18.7898pt
* \skip\footins=9.0pt plus 4.0pt minus 2.0pt
* \hoffset=0.0pt
* \voffset=0.0pt
* \mag=1000
* \@twocolumntrue
* \@twosidefalse
* \@mparswitchfalse
* \@reversemarginfalse
* (1in=72.27pt=25.4mm, 1cm=28.453pt)


(C:\Users\mdnay\AppData\Local\Programs\MiKTeX\tex/context/base/mkii\supp-pdf.mk
ii
[Loading MPS to PDF converter (version 2006.09.02).]
\scratchcounter=\count318
\scratchdimen=\dimen189
\scratchbox=\box60
\nofMPsegments=\count319
\nofMParguments=\count320
\everyMPshowfont=\toks38
\MPscratchCnt=\count321
\MPscratchDim=\dimen190
\MPnumerator=\count322
\makeMPintoPDFobject=\count323
\everyMPtoPDFconversion=\toks39
)
(C:\Users\mdnay\AppData\Local\Programs\MiKTeX\tex/latex/epstopdf-pkg\epstopdf-b
ase.sty
Package: epstopdf-base 2020-01-24 v2.11 Base part for package epstopdf
Package epstopdf-base Info: Redefining graphics rule for `.eps' on input line 4
85.

(C:\Users\mdnay\AppData\Local\Programs\MiKTeX\tex/latex/00miktex\epstopdf-sys.c
fg
File: epstopdf-sys.cfg 2021/03/18 v2.0 Configuration of epstopdf for MiKTeX
))
\c@lstlisting=\count324
Package hyperref Info: Link coloring OFF on input line 19.
 (paper_article.out) (paper_article.out)
\@outlinefile=\write3
\openout3 = `paper_article.out'.

LaTeX Font Info:    Trying to load font information for U+msa on input line 20.


(C:\Users\mdnay\AppData\Local\Programs\MiKTeX\tex/latex/amsfonts\umsa.fd
File: umsa.fd 2013/01/14 v3.01 AMS symbols A
)
LaTeX Font Info:    Trying to load font information for U+msb on input line 20.


(C:\Users\mdnay\AppData\Local\Programs\MiKTeX\tex/latex/amsfonts\umsb.fd
File: umsb.fd 2013/01/14 v3.01 AMS symbols B
)
LaTeX Font Info:    Trying to load font information for T1+cmtt on input line 2
0.

(C:\Users\mdnay\AppData\Local\Programs\MiKTeX\tex/latex/base\t1cmtt.fd
File: t1cmtt.fd 2023/04/13 v2.5m Standard LaTeX font definitions
)
(body.tex (../Section/abstract.tex
Underfull \hbox (badness 3872) in paragraph at lines 2--36
\T1/cmr/m/n/10 Sharded Byzantine-fault-tolerant (BFT) blockchains
 []

) (../Section/introduction.tex [1{C:/Users/mdnay/AppData/Local/MiKTeX/fonts/map
/pdftex/pdftex.map}


]
Underfull \hbox (badness 1270) in paragraph at lines 80--90
[]\T1/cmr/bx/n/10 A re-pro-ducible ar-ti-fact with a mea-sured
 []

) (../Section/motivation.tex
Underfull \hbox (badness 1122) in paragraph at lines 93--1
\T1/cmr/m/n/10 assignment con-di-tional bribery of a committee-local
 []

[2]) (../Section/related_work.tex [3]
Underfull \hbox (badness 3884) in paragraph at lines 96--96
[]|\T1/cmr/m/n/9 We price cor-rup-tion
 []


Underfull \hbox (badness 1527) in paragraph at lines 96--96
[]|\T1/cmr/m/n/9 Committee-local quo-
 []


Underfull \hbox (badness 10000) in paragraph at lines 96--96
\T1/cmr/m/n/9 rum + cross-shard
 []


Underfull \hbox (badness 10000) in paragraph at lines 96--96
[]|\T1/cmr/m/n/9 Intra-protocol vi-o-la-
 []


Underfull \hbox (badness 10000) in paragraph at lines 96--96
\T1/cmr/m/n/9 tion, ac-count-abil-ity
 []


Underfull \hbox (badness 10000) in paragraph at lines 96--96
[]|\T1/cmr/m/n/9 Small-committee
 []


Underfull \hbox (badness 10000) in paragraph at lines 96--96
\T1/cmr/m/n/9 struc-ture + value
 []


Underfull \hbox (badness 10000) in paragraph at lines 96--96
[]|\T1/cmr/m/n/9 Manufactured
 []


Underfull \hbox (badness 10000) in paragraph at lines 96--96
\T1/cmr/m/n/9 (bought) vi-o-la-tion,
 []


Underfull \hbox (badness 10000) in paragraph at lines 96--96
[]|\T1/cmr/m/n/9 composition + vi-
 []


Underfull \hbox (badness 10000) in paragraph at lines 96--96
\T1/cmr/m/n/9 a-bil-i-ty/im-mu-nity
 []

) (../Section/threat_model.tex
Underfull \vbox (badness 3271) has occurred while \output is active []

 [4])
(../Section/methodology.tex [5]
Underfull \hbox (badness 1237) in paragraph at lines 143--147
\T1/cmr/m/n/10 With \T1/cmr/m/it/10 ef-fec-tive \T1/cmr/m/n/10 (success-conditi
onal) bribes, the cost
 []

[6]
<../artifact/figures/fig1_attack_flow.pdf, id=354, 202.08499pt x 237.04561pt>
File: ../artifact/figures/fig1_attack_flow.pdf Graphic file (type pdf)
<use ../artifact/figures/fig1_attack_flow.pdf>
Package pdftex.def Info: ../artifact/figures/fig1_attack_flow.pdf  used on inpu
t line 204.
(pdftex.def)             Requested size: 211.31772pt x 247.88159pt.
Package hyperref Info: bookmark level for unknown algorithm defaults to 0 on in
put line 211.
) (../Section/reconfiguration.tex [7 <../artifact/figures/fig1_attack_flow.pdf>
]
Underfull \hbox (badness 1472) in paragraph at lines 27--36
 []\T1/cmr/bx/n/10 Variables.[] \T1/cmr/m/n/10 Let $\OML/cmm/m/it/10 ^^\$ \T1/c
mr/m/n/10 be the epoch length and $\OML/cmm/m/it/10 a \OMS/cmsy/m/n/10 2
 []


Underfull \hbox (badness 1132) in paragraph at lines 27--36
\OML/cmm/m/it/10 q\OT1/cmr/m/n/10 (\OML/cmm/m/it/10 a\OT1/cmr/m/n/10 ) = [][[]]
$
 []


Underfull \vbox (badness 10000) has occurred while \output is active []


Underfull \hbox (badness 10000) in paragraph at lines 109--109
[]|\T1/cmr/m/n/9 At the epoch
 []


Underfull \hbox (badness 10000) in paragraph at lines 109--109
[]|\T1/cmr/m/n/9 Old com-mit-tee
 []


Underfull \hbox (badness 10000) in paragraph at lines 109--109
\T1/cmr/m/n/9 txns retried/re-
 []


Underfull \hbox (badness 2961) in paragraph at lines 109--109
\T1/cmr/m/n/9 weak un-less the
 []


Underfull \hbox (badness 2165) in paragraph at lines 109--109
\T1/cmr/m/n/9 ti-fied be-fore the
 []


Underfull \hbox (badness 10000) in paragraph at lines 109--109
[]|\T1/cmr/m/n/9 Protocol stops
 []


Underfull \hbox (badness 10000) in paragraph at lines 109--109
\T1/cmr/m/n/9 ac-cept-ing new
 []


Underfull \hbox (badness 10000) in paragraph at lines 109--109
\T1/cmr/m/n/9 cross-shard txns
 []


Underfull \hbox (badness 10000) in paragraph at lines 109--109
\T1/cmr/m/n/9 re-ceipts ex-e-cute
 []


Underfull \hbox (badness 10000) in paragraph at lines 109--109
\T1/cmr/m/n/9 be-fore ac-count-
 []


Underfull \hbox (badness 6220) in paragraph at lines 109--109
[]|\T1/cmr/m/n/9 Pending re-ceipts
 []


Underfull \hbox (badness 10000) in paragraph at lines 109--109
\T1/cmr/m/n/9 ac-count-abil-ity
 []


Underfull \hbox (badness 7851) in paragraph at lines 109--109
[]|\T1/cmr/m/n/9 Drained re-ceipts
 []


Underfull \hbox (badness 10000) in paragraph at lines 109--109
\T1/cmr/m/n/9 ex-e-cute im-me-di-
 []


Underfull \hbox (badness 10000) in paragraph at lines 109--109
[]|\T1/cmr/m/n/9 Old-epoch re-
 []


Underfull \hbox (badness 10000) in paragraph at lines 109--109
\T1/cmr/m/n/9 ceipt-s/out-box
 []


Underfull \hbox (badness 10000) in paragraph at lines 109--109
\T1/cmr/m/n/9 im-ported in
 []


Underfull \hbox (badness 10000) in paragraph at lines 109--109
[]|\T1/cmr/m/n/9 Import is
 []


Underfull \hbox (badness 10000) in paragraph at lines 109--109
\T1/cmr/m/n/9 accountability-
 []


Underfull \hbox (badness 3460) in paragraph at lines 109--109
\T1/cmr/m/n/9 ev-i-dence win-dow
 []


Underfull \hbox (badness 10000) in paragraph at lines 109--109
[]|\T1/cmr/m/n/9 Old com-mit-
 []


Underfull \hbox (badness 10000) in paragraph at lines 109--109
\T1/cmr/m/n/9 tee signs fi-nal
 []


Underfull \hbox (badness 4739) in paragraph at lines 109--109
\T1/cmr/m/n/9 check-point; new
 []


Underfull \hbox (badness 10000) in paragraph at lines 109--109
\T1/cmr/m/n/9 com-mit-tee signs
 []


Underfull \hbox (badness 10000) in paragraph at lines 109--109
[]|\T1/cmr/m/n/9 Depends on
 []


Underfull \hbox (badness 10000) in paragraph at lines 109--109
[]|\T1/cmr/m/n/9 New com-mit-tee
 []


Underfull \hbox (badness 10000) in paragraph at lines 109--109
\T1/cmr/m/n/9 re-ject-s/quar-an-
 []


Underfull \hbox (badness 10000) in paragraph at lines 109--109
\T1/cmr/m/n/9 tines con-flict-ing
 []


Underfull \hbox (badness 10000) in paragraph at lines 109--109
[]|\T1/cmr/m/n/9 New com-mit-tee
 []


Underfull \hbox (badness 10000) in paragraph at lines 109--109
\T1/cmr/m/n/9 blindly im-ports
 []


Underfull \hbox (badness 10000) in paragraph at lines 109--109
[]|\T1/cmr/m/n/9 Beacon records
 []


Underfull \hbox (badness 10000) in paragraph at lines 109--109
\T1/cmr/m/n/9 shard head-ers,
 []


Underfull \hbox (badness 10000) in paragraph at lines 109--109
\T1/cmr/m/n/9 re-ceipt roots,
 []


Underfull \hbox (badness 10000) in paragraph at lines 109--109
\T1/cmr/m/n/9 as-sign-ments,
 []


Underfull \hbox (badness 10000) in paragraph at lines 109--109
[]|\T1/cmr/m/n/9 Preserves ac-
 []


Underfull \hbox (badness 10000) in paragraph at lines 109--109
\T1/cmr/m/n/9 count-abil-ity
 []


Underfull \hbox (badness 10000) in paragraph at lines 109--109
[]|\T1/cmr/m/n/9 Beacon quar-an-
 []


Underfull \hbox (badness 1769) in paragraph at lines 109--109
\T1/cmr/m/n/9 tines old re-ceipt
 []


Underfull \hbox (badness 7362) in paragraph at lines 109--109
\T1/cmr/m/n/9 roots un-til ev-i-
 []


Underfull \hbox (badness 10000) in paragraph at lines 109--109
[]|\T1/cmr/m/n/9 Beacon fi-nal-izes
 []


Underfull \hbox (badness 1038) in paragraph at lines 109--109
\T1/cmr/m/n/9 old re-ceipt roots
 []


Underfull \hbox (badness 2368) in paragraph at lines 109--109
[]|\T1/cmr/m/n/9 Validators ro-tate
 []


Underfull \hbox (badness 10000) in paragraph at lines 109--109
[]|\T1/cmr/m/n/9 No cut-off, but
 []


Underfull \hbox (badness 10000) in paragraph at lines 109--109
\T1/cmr/m/n/9 at-tacker op-
 []


Underfull \hbox (badness 10000) in paragraph at lines 109--109
\T1/cmr/m/n/9 ti-mizes $\OML/cmm/m/it/9 a$ \T1/cmr/m/n/9 via
 []


Underfull \hbox (badness 10000) in paragraph at lines 109--109
[]|\T1/cmr/m/n/9 Old-epoch ar-ti-
 []


Underfull \hbox (badness 2735) in paragraph at lines 109--109
\T1/cmr/m/n/9 facts stay gated
 []


Underfull \hbox (badness 10000) in paragraph at lines 109--109
\T1/cmr/m/n/9 through-out the
 []


Underfull \hbox (badness 10000) in paragraph at lines 109--109
[]|\T1/cmr/m/n/9 Some ar-ti-facts
 []


Underfull \hbox (badness 10000) in paragraph at lines 109--109
\T1/cmr/m/n/9 ex-e-cute dur-ing
 []


Underfull \hbox (badness 10000) in paragraph at lines 109--109
\T1/cmr/m/n/9 the roll be-fore
 []

<../artifact/figures/fig5_reconf_fsm.pdf, id=397, 202.08499pt x 175.8329pt>
File: ../artifact/figures/fig5_reconf_fsm.pdf Graphic file (type pdf)
<use ../artifact/figures/fig5_reconf_fsm.pdf>
Package pdftex.def Info: ../artifact/figures/fig5_reconf_fsm.pdf  used on input
 line 114.
(pdftex.def)             Requested size: 235.89102pt x 205.25143pt.
[8] [9]
<../artifact/figures/fig6_reconf_profit.pdf, id=423, 239.11395pt x 199.88452pt>

File: ../artifact/figures/fig6_reconf_profit.pdf Graphic file (type pdf)
<use ../artifact/figures/fig6_reconf_profit.pdf>
Package pdftex.def Info: ../artifact/figures/fig6_reconf_profit.pdf  used on in
put line 207.
(pdftex.def)             Requested size: 245.71811pt x 205.40753pt.
) (../Section/implementation.tex [10 <../artifact/figures/fig5_reconf_fsm.pdf> 
<../artifact/figures/fig6_reconf_profit.pdf>]
Underfull \hbox (badness 1383) in paragraph at lines 41--41
[]|\T1/cmr/m/n/9 abstract $\OML/cmm/m/it/9 N[]\OT1/cmr/m/n/9 3\OML/cmm/m/it/9 F
[]\OT1/cmr/m/n/9 1$ \T1/cmr/m/n/9 com-
 []


Underfull \hbox (badness 1845) in paragraph at lines 41--41
\T1/cmr/m/n/9 mit-tee; on equiv-o-ca-tion
 []


Underfull \hbox (badness 10000) in paragraph at lines 41--41
\T1/cmr/m/it/9 sures $\OML/cmm/m/it/9 T[]$\T1/cmr/m/n/9 /$\OML/cmm/m/it/9 T[]$ 
\T1/cmr/m/n/9 from
 []


Underfull \hbox (badness 2443) in paragraph at lines 41--41
\T1/cmr/m/n/9 cross-shard re-ceipt with
 []


Underfull \hbox (badness 10000) in paragraph at lines 41--41
\T1/cmr/m/n/9 an accountability-gating
 []


Underfull \hbox (badness 10000) in paragraph at lines 41--41
[]|\T1/cmr/m/n/9 epoch-boundary model:
 []


Underfull \hbox (badness 10000) in paragraph at lines 41--41
[]|\T1/cmr/m/n/9 documented-parameter
 []


Underfull \hbox (badness 6893) in paragraph at lines 41--41
[]|\T1/cmr/m/n/9 read-only col-lec-tors for
 []


Underfull \hbox (badness 10000) in paragraph at lines 41--41
[]|\T1/cmr/m/n/9 driver: self-validates,
 []


Underfull \hbox (badness 10000) in paragraph at lines 41--41
\T1/cmr/m/n/9 then runs ev-ery ex-
 []


Underfull \hbox (badness 10000) in paragraph at lines 41--41
\T1/cmr/m/n/9 per-i-ment into one
 []

) (../Section/experimental_setup.tex
Underfull \hbox (badness 1082) in paragraph at lines 21--30
 []\T1/cmr/bx/n/10 Live-measurement hook.[] \T1/cmr/m/n/10 For a con-crete de-p
loy-
 []


Underfull \hbox (badness 10000) in paragraph at lines 66--66
\OT1/cmr/m/n/9 0\OML/cmm/m/it/9 :\OT1/cmr/m/n/9 85$ \T1/cmr/m/n/9 = view-
 []


Underfull \hbox (badness 5175) in paragraph at lines 70--75
 []\T1/cmr/bx/n/10 Metrics.[] \T1/cmr/m/n/10 We re-port (i) $\OML/cmm/m/it/10 p
[]$ \T1/cmr/m/n/10 vs. $\OML/cmm/m/it/10 '$ \T1/cmr/m/n/10 for $\OML/cmm/m/it/1
0 k \OMS/cmsy/m/n/10 2
 []

) (../Section/evaluation.tex [11]
Underfull \hbox (badness 4505) in paragraph at lines 11--20
 []\T1/cmr/bx/n/10 Validation and proof-of-concept (RQ0).[] \T1/cmr/m/n/10 The
 []


Underfull \hbox (badness 4013) in paragraph at lines 22--28
 []\T1/cmr/bx/n/10 The floor is nec-es-sary, not suf-fi-cient.[] \T1/cmr/m/n/10
 Fig-
 []

<../artifact/figures/fig_psucc.pdf, id=509, 235.10342pt x 183.34698pt>
File: ../artifact/figures/fig_psucc.pdf Graphic file (type pdf)
<use ../artifact/figures/fig_psucc.pdf>
Package pdftex.def Info: ../artifact/figures/fig_psucc.pdf  used on input line 
31.
(pdftex.def)             Requested size: 245.71811pt x 191.63034pt.
<../artifact/figures/fig_pwin.pdf, id=514, 253.04475pt x 183.34698pt>
File: ../artifact/figures/fig_pwin.pdf Graphic file (type pdf)
<use ../artifact/figures/fig_pwin.pdf>
Package pdftex.def Info: ../artifact/figures/fig_pwin.pdf  used on input line 4
7.
(pdftex.def)             Requested size: 245.71811pt x 178.04497pt.
<../artifact/figures/fig4_cost.pdf, id=517, 237.49855pt x 187.90802pt>
File: ../artifact/figures/fig4_cost.pdf Graphic file (type pdf)
<use ../artifact/figures/fig4_cost.pdf>
Package pdftex.def Info: ../artifact/figures/fig4_cost.pdf  used on input line 
62.
(pdftex.def)             Requested size: 245.71811pt x 194.4219pt.
[12 <../artifact/figures/fig_psucc.pdf>]
(../Section/_generated/tab_breakeven.tex)
<../artifact/figures/fig3_phase.pdf, id=556, 292.8785pt x 227.83937pt>
File: ../artifact/figures/fig3_phase.pdf Graphic file (type pdf)
<use ../artifact/figures/fig3_phase.pdf>
Package pdftex.def Info: ../artifact/figures/fig3_phase.pdf  used on input line
 93.
(pdftex.def)             Requested size: 245.71811pt x 191.15083pt.

Underfull \hbox (badness 1231) in paragraph at lines 97--97
[]\T1/cmr/m/n/10 Figure 7: []RQ3. Profit phase di-a-gram $\U/msb/m/n/10 E\OT1/c
mr/m/n/10 [^^E]$ \T1/cmr/m/n/10 over
 []


Underfull \hbox (badness 2111) in paragraph at lines 97--97
\OT1/cmr/m/n/10 (\OML/cmm/m/it/10 ^^Z; V\OT1/cmr/m/n/10 )$ \T1/cmr/m/n/10 ($\OM
L/cmm/m/it/10 N \OT1/cmr/m/n/10 = 31$\T1/cmr/m/n/10 , $\OML/cmm/m/it/10 q \OT1/
cmr/m/n/10 = 0\OML/cmm/m/it/10 :\OT1/cmr/m/n/10 5$\T1/cmr/m/n/10 , $\OML/cmm/m/
it/10 p[] \OT1/cmr/m/n/10 = 0\OML/cmm/m/it/10 :\OT1/cmr/m/n/10 85$\T1/cmr/m/n/1
0 ---the
 []

<../artifact/figures/fig_profit_qV.pdf, id=557, 256.4442pt x 194.47656pt>
File: ../artifact/figures/fig_profit_qV.pdf Graphic file (type pdf)
<use ../artifact/figures/fig_profit_qV.pdf>
Package pdftex.def Info: ../artifact/figures/fig_profit_qV.pdf  used on input l
ine 103.
(pdftex.def)             Requested size: 245.71811pt x 186.3452pt.
<../artifact/figures/fig_defenses.pdf, id=564, 294.96321pt x 194.47656pt>
File: ../artifact/figures/fig_defenses.pdf Graphic file (type pdf)
<use ../artifact/figures/fig_defenses.pdf>
Package pdftex.def Info: ../artifact/figures/fig_defenses.pdf  used on input li
ne 130.
(pdftex.def)             Requested size: 245.71811pt x 162.01195pt.
[13 <../artifact/figures/fig_pwin.pdf> <../artifact/figures/fig4_cost.pdf>]
<../artifact/figures/fig_testbed.pdf, id=610, 249.79825pt x 188.75493pt>
File: ../artifact/figures/fig_testbed.pdf Graphic file (type pdf)
<use ../artifact/figures/fig_testbed.pdf>
Package pdftex.def Info: ../artifact/figures/fig_testbed.pdf  used on input lin
e 157.
(pdftex.def)             Requested size: 245.71811pt x 185.66978pt.

Underfull \hbox (badness 1072) in paragraph at lines 165--179
 []\T1/cmr/bx/n/10 RQ7: Are de-ployed sys-tems ex-posed (doc-u-
 []

(../Section/_generated/tab_realsystems.tex))
(../Section/measured_evaluation.tex
Underfull \hbox (badness 10000) in paragraph at lines 1--1
[]\T1/cmr/bx/n/14.4 Measurement Pro-to-col and
 []


Underfull \hbox (badness 10000) in paragraph at lines 1--1
\T1/cmr/bx/n/14.4 Pre-Registered Fal-si-fi-ca-tion
 []


Underfull \vbox (badness 10000) has occurred while \output is active []

 [14 <../artifact/figures/fig3_phase.pdf> <../artifact/figures/fig_profit_qV.pd
f> <../artifact/figures/fig_defenses.pdf>]
Underfull \hbox (badness 10000) in paragraph at lines 37--41
\T1/cmr/m/n/10 ev-i-dence with IBC cross-chain set-tle-ment.
 []


Underfull \hbox (badness 4429) in paragraph at lines 57--80
\T1/cmr/m/n/10 expiry hori-zon (\T1/cmtt/m/n/10 MaxAgeDuration\T1/cmr/m/n/10 /\
T1/cmtt/m/n/10 MaxAgeNumBlocks\T1/cmr/m/n/10 ).
 []

[15 <../artifact/figures/fig_testbed.pdf>]
Underfull \hbox (badness 2050) in paragraph at lines 100--111
\T1/cmr/bx/n/10 mea-sured as two legs.[] \T1/cmr/m/n/10 For na-tive IBC, $\OML/
cmm/m/it/10 T[]$
 []


Underfull \hbox (badness 4429) in paragraph at lines 100--111
\T1/cmr/m/n/10 runs from a finalized-header \T1/cmtt/m/n/10 SendPacket \T1/cmr/
m/n/10 through
 []


Underfull \hbox (badness 3396) in paragraph at lines 113--130
 []\T1/cmr/bx/n/10 The pre-registered de-ci-sion rule.[] \T1/cmr/m/n/10 All es-
ti-ma-
 []


Underfull \hbox (badness 10000) in paragraph at lines 113--130
\T1/cmr/m/n/10 tors (Clopper--Pearson/Wilson/rule-of-three for $\OML/cmm/m/it/1
0 q$\T1/cmr/m/n/10 ;
 []


Underfull \hbox (badness 10000) in paragraph at lines 113--130
\T1/cmr/m/n/10 Gamma/log-normal/empirical fits with Anderson--
 []


Underfull \hbox (badness 5008) in paragraph at lines 113--130
\T1/cmr/m/n/10 mod-ule (\T1/cmtt/m/n/10 estimate.py\T1/cmr/m/n/10 ) and val-i-d
ated against the
 []

[16] (../Section/_generated/tab_measured.tex

Package tabularx Warning: X Columns too narrow (table too wide)
(tabularx)                 on input line 10.


Overfull \hbox (7.28441pt too wide) in paragraph at lines 10--10
[]|$\OML/cmm/m/it/9 p[]$
 []


Underfull \hbox (badness 10000) in paragraph at lines 10--10
\T1/cmr/m/n/9 /
 []


Overfull \hbox (6.18944pt too wide) in paragraph at lines 10--10
\T1/cmr/m/n/9 ver-
 []


Overfull \hbox (6.16513pt too wide) in paragraph at lines 10--10
\T1/cmr/m/n/9 dict| 
 []


Overfull \hbox (55.98906pt too wide) in paragraph at lines 10--10
[]|\T1/cmr/m/sc/9 indeterminate| 
 []


Overfull \hbox (20.4422pt too wide) in paragraph at lines 10--10
[]|\T1/cmr/m/sc/9 ruled-
 []


Overfull \hbox (7.45927pt too wide) in paragraph at lines 10--10
\T1/cmr/m/sc/9 out| 
 []


Overfull \hbox (20.4422pt too wide) in paragraph at lines 10--10
[]|\T1/cmr/m/sc/9 ruled-
 []


Overfull \hbox (7.45927pt too wide) in paragraph at lines 10--10
\T1/cmr/m/sc/9 out| 
 []


Overfull \hbox (65.1403pt too wide) in alignment at lines 10--10
[][][][][][][] 
 []

)) (../Section/discussion.tex
Underfull \hbox (badness 1024) in paragraph at lines 29--32
\T1/cmr/m/n/10 mit-tees im-port old roots as \T1/cmr/m/it/10 pend-ing \T1/cmr/m
/n/10 un-til ev-i-dence
 []


Underfull \hbox (badness 10000) in paragraph at lines 60--60
[]|\T1/cmr/m/n/9 Primarily
 []


Underfull \hbox (badness 10000) in paragraph at lines 60--60
[]|\T1/cmr/m/n/9 cross-shard
 []


Underfull \hbox (badness 10000) in paragraph at lines 60--60
[]|$\OML/cmm/m/it/9 T[]  \OMS/cmsy/m/n/9 #$
 []


Underfull \hbox (badness 10000) in paragraph at lines 60--60
[]|$\OML/cmm/m/it/9 T[]  \OMS/cmsy/m/n/9 #$
 []


Underfull \hbox (badness 10000) in paragraph at lines 60--60
[]|$\OML/cmm/m/it/9 p[]  \OMS/cmsy/m/n/9 #$
 []

) (../Section/limitations.tex [17]) (../Section/conclusion.tex)
(../Section/ethical_considerations.tex [18]) (../Section/open_science.tex)
(../Section/appendix_repro.tex [19]
Underfull \hbox (badness 10000) in paragraph at lines 11--14
\T1/cmtt/m/n/9 python plot_figures.py --input
 []


Underfull \hbox (badness 10000) in paragraph at lines 11--14
\T1/cmtt/m/n/9 python make_tables.py --input
 []


Underfull \hbox (badness 10000) in paragraph at lines 11--14
\T1/cmtt/m/n/9 results/main.json --out
 []


Underfull \hbox (badness 1412) in paragraph at lines 22--28
\T1/cmr/m/it/10 only \T1/cmr/m/n/10 step driven by \T1/cmtt/m/n/10 collect_*.py
\T1/cmr/m/n/10 : each col-lec-tor
 []


Underfull \hbox (badness 1286) in paragraph at lines 22--28
\T1/cmtt/m/n/10 run_all.py \T1/cmr/m/n/10 folds into the re-pro-duc-tion path w
hen
 []


Underfull \hbox (badness 4084) in paragraph at lines 46--57
[]\T1/cmr/m/n/10 Under car-ry-over, $\OML/cmm/m/it/10 p[]\OT1/cmr/m/n/10 (\OML/
cmm/m/it/10 a\OT1/cmr/m/n/10 ) =
 []

Package hyperref Info: bookmark level for unknown lstlisting defaults to 0 on i
nput line 65.
)) (paper_article.bbl
Underfull \hbox (badness 3449) in paragraph at lines 23--26
[]\T1/cmr/m/n/10 Vitalik Bu-terin and Vir-gil Grif-fith.  Casper
 []


Underfull \hbox (badness 3525) in paragraph at lines 23--26
\T1/cmr/m/n/10 the friendly fi-nal-ity gad-get.  arXiv preprint
 []

[20]
Underfull \hbox (badness 10000) in paragraph at lines 49--54
[]\T1/cmr/m/n/10 Ethereum.  Ethereum con-sen-sus spec-i-fi-
 []


Underfull \hbox (badness 10000) in paragraph at lines 49--54
\T1/cmr/m/n/10 ca-tions.  []$\T1/cmtt/m/n/10 https : / / github . com / ethereu
m /
 []


Underfull \hbox (badness 2245) in paragraph at lines 49--54
\T1/cmtt/m/n/10 consensus-[]specs$[]\T1/cmr/m/n/10 , 2026.  Pa-ram-e-ters are a
p-
 []


Underfull \hbox (badness 1019) in paragraph at lines 56--61
\T1/cmr/m/n/10 2025.  Pub-lished in Ad-vances in Cryptology---
 []


Underfull \hbox (badness 3792) in paragraph at lines 89--93
[]\T1/cmr/m/n/10 Sung-Shine Lee, Alexandr Murashkin, Mar-tin
 []


Underfull \hbox (badness 2653) in paragraph at lines 115--120
[]\T1/cmr/m/n/10 Polkadot.  Polka-dot wiki: Stak-ing, slash-ing,
 []

[21]
Underfull \hbox (badness 3713) in paragraph at lines 171--176
[]\T1/cmr/m/n/10 Zilliqa.  Zilliqa doc-u-men-ta-tion and tech-ni-cal
 []

) [22

] (paper_article.aux)
 ***********
LaTeX2e <2023-11-01> patch level 1
L3 programming layer <2024-01-04>
 ***********
Package rerunfilecheck Info: File `paper_article.out' has not changed.
(rerunfilecheck)             Checksum: DF5081567748965CA35D2590F84CCED5;5479.
 ) 
Here is how much of TeX's memory you used:
 14279 strings out of 474486
 222671 string characters out of 5743755
 2122542 words of memory out of 5000000
 36084 multiletter control sequences out of 15000+600000
 583080 words of font info for 94 fonts, out of 8000000 for 9000
 1141 hyphenation exceptions out of 8191
 80i,14n,82p,635b,1152s stack positions out of 10000i,1000n,20000p,200000b,200000s
 <C:\Users\mdnay\AppData\Local\MiKTeX\fonts/pk/ljfour/jknappen/ec/dpi600\ectt
0800.pk> <C:\Users\mdnay\AppData\Local\MiKTeX\fonts/pk/ljfour/jknappen/ec/dpi60
0\ecrm0500.pk> <C:\Users\mdnay\AppData\Local\MiKTeX\fonts/pk/ljfour/jknappen/ec
/dpi600\ecrm0700.pk> <C:\Users\mdnay\AppData\Local\MiKTeX\fonts/pk/ljfour/jknap
pen/ec/dpi600\ecxc1000.pk> <C:\Users\mdnay\AppData\Local\MiKTeX\fonts/pk/ljfour
/jknappen/ec/dpi600\eccc0900.pk> <C:\Users\mdnay\AppData\Local\MiKTeX\fonts/pk/
ljfour/jknappen/ec/dpi600\ectt0900.pk> <C:\Users\mdnay\AppData\Local\MiKTeX\fon
ts/pk/ljfour/jknappen/ec/dpi600\ectt1000.pk> <C:\Users\mdnay\AppData\Local\MiKT
eX\fonts/pk/ljfour/jknappen/ec/dpi600\ecrm0800.pk> <C:\Users\mdnay\AppData\Loca
l\MiKTeX\fonts/pk/ljfour/jknappen/ec/dpi600\ecbx1200.pk> <C:\Users\mdnay\AppDat
a\Local\MiKTeX\fonts/pk/ljfour/jknappen/ec/dpi600\ecbx0900.pk> <C:\Users\mdnay\
AppData\Local\MiKTeX\fonts/pk/ljfour/jknappen/ec/dpi600\ecrm0900.pk> <C:\Users\
mdnay\AppData\Local\MiKTeX\fonts/pk/ljfour/jknappen/ec/dpi600\tcrm1000.pk> <C:\
Users\mdnay\AppData\Local\MiKTeX\fonts/pk/ljfour/jknappen/ec/dpi600\ecbx1000.pk
> <C:\Users\mdnay\AppData\Local\MiKTeX\fonts/pk/ljfour/jknappen/ec/dpi600\eccc1
000.pk> <C:\Users\mdnay\AppData\Local\MiKTeX\fonts/pk/ljfour/jknappen/ec/dpi600
\ecti1000.pk> <C:\Users\mdnay\AppData\Local\MiKTeX\fonts/pk/ljfour/jknappen/ec/
dpi600\ecrm1000.pk> <C:\Users\mdnay\AppData\Local\MiKTeX\fonts/pk/ljfour/jknapp
en/ec/dpi600\ecbx1440.pk> <C:\Users\mdnay\AppData\Local\MiKTeX\fonts/pk/ljfour/
jknappen/ec/dpi600\ecit0900.pk> <C:\Users\mdnay\AppData\Local\MiKTeX\fonts/pk/l
jfour/jknappen/ec/dpi600\ecti0900.pk> <C:\Users\mdnay\AppData\Local\MiKTeX\font
s/pk/ljfour/jknappen/ec/dpi600\ecrm1200.pk> <C:\Users\mdnay\AppData\Local\MiKTe
X\fonts/pk/ljfour/jknappen/ec/dpi600\ecbx1728.pk><C:/Users/mdnay/AppData/Local/
Programs/MiKTeX/fonts/type1/public/amsfonts/cm/cmex10.pfb><C:/Users/mdnay/AppDa
ta/Local/Programs/MiKTeX/fonts/type1/public/amsfonts/cmextra/cmex9.pfb><C:/User
s/mdnay/AppData/Local/Programs/MiKTeX/fonts/type1/public/amsfonts/cm/cmmi10.pfb
><C:/Users/mdnay/AppData/Local/Programs/MiKTeX/fonts/type1/public/amsfonts/cm/c
mmi6.pfb><C:/Users/mdnay/AppData/Local/Programs/MiKTeX/fonts/type1/public/amsfo
nts/cm/cmmi7.pfb><C:/Users/mdnay/AppData/Local/Programs/MiKTeX/fonts/type1/publ
ic/amsfonts/cm/cmmi9.pfb><C:/Users/mdnay/AppData/Local/Programs/MiKTeX/fonts/ty
pe1/public/amsfonts/cm/cmr10.pfb><C:/Users/mdnay/AppData/Local/Programs/MiKTeX/
fonts/type1/public/amsfonts/cm/cmr5.pfb><C:/Users/mdnay/AppData/Local/Programs/
MiKTeX/fonts/type1/public/amsfonts/cm/cmr6.pfb><C:/Users/mdnay/AppData/Local/Pr
ograms/MiKTeX/fonts/type1/public/amsfonts/cm/cmr7.pfb><C:/Users/mdnay/AppData/L
ocal/Programs/MiKTeX/fonts/type1/public/amsfonts/cm/cmr9.pfb><C:/Users/mdnay/Ap
pData/Local/Programs/MiKTeX/fonts/type1/public/amsfonts/cm/cmsy10.pfb><C:/Users
/mdnay/AppData/Local/Programs/MiKTeX/fonts/type1/public/amsfonts/cm/cmsy6.pfb><
C:/Users/mdnay/AppData/Local/Programs/MiKTeX/fonts/type1/public/amsfonts/cm/cms
y7.pfb><C:/Users/mdnay/AppData/Local/Programs/MiKTeX/fonts/type1/public/amsfont
s/cm/cmsy9.pfb><C:/Users/mdnay/AppData/Local/Programs/MiKTeX/fonts/type1/public
/amsfonts/symbols/msam10.pfb><C:/Users/mdnay/AppData/Local/Programs/MiKTeX/font
s/type1/public/amsfonts/symbols/msbm10.pfb>
Output written on paper_article.pdf (22 pages, 955870 bytes).
PDF statistics:
 1718 PDF objects out of 1728 (max. 8388607)
 195 named destinations out of 1000 (max. 500000)
 299 words of extra memory for PDF output out of 10000 (max. 10000000)

